#-----------------------------------------------------------
# Vivado v2022.1 (64-bit)
# SW Build 3526262 on Mon Apr 18 15:48:16 MDT 2022
# IP Build 3524634 on Mon Apr 18 20:55:01 MDT 2022
# Start of session at: Tue Jun 17 16:04:02 2025
# Process ID: 20372
# Current directory: C:/Users/danie/Desktop/Progetto_digitale_versioneDefinitiva/exam_prj_v2
# Command line: vivado.exe -gui_launcher_event rodinguilauncherevent6552 C:\Users\danie\Desktop\Progetto_digitale_versioneDefinitiva\exam_prj_v2\exam_prj_v2.xpr
# Log file: C:/Users/danie/Desktop/Progetto_digitale_versioneDefinitiva/exam_prj_v2/vivado.log
# Journal file: C:/Users/danie/Desktop/Progetto_digitale_versioneDefinitiva/exam_prj_v2\vivado.jou
# Running On: LAPTOP-IIL0M82Q, OS: Windows, CPU Frequency: 1498 MHz, CPU Physical cores: 4, Host memory: 8262 MB
#-----------------------------------------------------------
start_gui
open_project C:/Users/danie/Desktop/Progetto_digitale_versioneDefinitiva/exam_prj_v2/exam_prj_v2.xpr
WARNING: [Board 49-26] cannot add Board Part xilinx.com:k26c:part0:1.2 available at C:/Xilinx/Vivado/2022.1/data/xhub/boards/XilinxBoardStore/boards/Xilinx/k26c/1.2/board.xml as part xck26-sfvc784-2lv-c specified in board_part file is either invalid or not available
WARNING: [Board 49-26] cannot add Board Part xilinx.com:k26c:part0:1.3 available at C:/Xilinx/Vivado/2022.1/data/xhub/boards/XilinxBoardStore/boards/Xilinx/k26c/1.3/board.xml as part xck26-sfvc784-2lv-c specified in board_part file is either invalid or not available
WARNING: [Board 49-26] cannot add Board Part xilinx.com:k26i:part0:1.2 available at C:/Xilinx/Vivado/2022.1/data/xhub/boards/XilinxBoardStore/boards/Xilinx/k26i/1.2/board.xml as part xck26-sfvc784-2lvi-i specified in board_part file is either invalid or not available
WARNING: [Board 49-26] cannot add Board Part xilinx.com:k26i:part0:1.3 available at C:/Xilinx/Vivado/2022.1/data/xhub/boards/XilinxBoardStore/boards/Xilinx/k26i/1.3/board.xml as part xck26-sfvc784-2lvi-i specified in board_part file is either invalid or not available
WARNING: [Board 49-26] cannot add Board Part xilinx.com:kcu105:part0:1.6 available at C:/Xilinx/Vivado/2022.1/data/xhub/boards/XilinxBoardStore/boards/Xilinx/kcu105/1.6/board.xml as part xcku040-ffva1156-2-e specified in board_part file is either invalid or not available
WARNING: [Board 49-26] cannot add Board Part xilinx.com:kcu105:part0:1.7 available at C:/Xilinx/Vivado/2022.1/data/xhub/boards/XilinxBoardStore/boards/Xilinx/kcu105/1.7/board.xml as part xcku040-ffva1156-2-e specified in board_part file is either invalid or not available
WARNING: [Board 49-26] cannot add Board Part xilinx.com:kcu116:part0:1.4 available at C:/Xilinx/Vivado/2022.1/data/xhub/boards/XilinxBoardStore/boards/Xilinx/kcu116/1.4/board.xml as part xcku5p-ffvb676-2-e specified in board_part file is either invalid or not available
WARNING: [Board 49-26] cannot add Board Part xilinx.com:kcu116:part0:1.5 available at C:/Xilinx/Vivado/2022.1/data/xhub/boards/XilinxBoardStore/boards/Xilinx/kcu116/1.5/board.xml as part xcku5p-ffvb676-2-e specified in board_part file is either invalid or not available
WARNING: [Board 49-26] cannot add Board Part xilinx.com:kcu1500:part0:1.2 available at C:/Xilinx/Vivado/2022.1/data/xhub/boards/XilinxBoardStore/boards/Xilinx/kcu1500/1.2/board.xml as part xcku115-flvb2104-2-e specified in board_part file is either invalid or not available
WARNING: [Board 49-26] cannot add Board Part xilinx.com:kv260_som:part0:1.2 available at C:/Xilinx/Vivado/2022.1/data/xhub/boards/XilinxBoardStore/boards/Xilinx/kv260_som/1.2/board.xml as part xck26-sfvc784-2lv-c specified in board_part file is either invalid or not available
WARNING: [Board 49-26] cannot add Board Part xilinx.com:kv260_som:part0:1.3 available at C:/Xilinx/Vivado/2022.1/data/xhub/boards/XilinxBoardStore/boards/Xilinx/kv260_som/1.3/board.xml as part xck26-sfvc784-2lv-c specified in board_part file is either invalid or not available
WARNING: [Board 49-26] cannot add Board Part xilinx.com:vc707:part0:1.4 available at C:/Xilinx/Vivado/2022.1/data/xhub/boards/XilinxBoardStore/boards/Xilinx/vc707/1.4/board.xml as part xc7vx485tffg1761-2 specified in board_part file is either invalid or not available
WARNING: [Board 49-26] cannot add Board Part xilinx.com:vc709:part0:1.8 available at C:/Xilinx/Vivado/2022.1/data/xhub/boards/XilinxBoardStore/boards/Xilinx/vc709/1.8/board.xml as part xc7vx690tffg1761-2 specified in board_part file is either invalid or not available
WARNING: [Board 49-26] cannot add Board Part xilinx.com:vck190:part0:2.2 available at C:/Xilinx/Vivado/2022.1/data/xhub/boards/XilinxBoardStore/boards/Xilinx/vck190/production/2.2/board.xml as part xcvc1902-vsva2197-2mp-e-s specified in board_part file is either invalid or not available
WARNING: [Board 49-26] cannot add Board Part xilinx.com:vck190:part0:3.0 available at C:/Xilinx/Vivado/2022.1/data/xhub/boards/XilinxBoardStore/boards/Xilinx/vck190/production/3.0/board.xml as part xcvc1902-vsva2197-2mp-e-s specified in board_part file is either invalid or not available
WARNING: [Board 49-26] cannot add Board Part xilinx.com:vck190_newl:part0:1.0 available at C:/Xilinx/Vivado/2022.1/data/xhub/boards/XilinxBoardStore/boards/Xilinx/vck190_newl/production/1.0/board.xml as part xcvc1902-vsva2197-2mp-e-s specified in board_part file is either invalid or not available
WARNING: [Board 49-26] cannot add Board Part xilinx.com:vcu108:part0:1.6 available at C:/Xilinx/Vivado/2022.1/data/xhub/boards/XilinxBoardStore/boards/Xilinx/vcu108/1.6/board.xml as part xcvu095-ffva2104-2-e specified in board_part file is either invalid or not available
WARNING: [Board 49-26] cannot add Board Part xilinx.com:vcu108:part0:1.7 available at C:/Xilinx/Vivado/2022.1/data/xhub/boards/XilinxBoardStore/boards/Xilinx/vcu108/1.7/board.xml as part xcvu095-ffva2104-2-e specified in board_part file is either invalid or not available
WARNING: [Board 49-26] cannot add Board Part xilinx.com:vcu110:part0:1.4 available at C:/Xilinx/Vivado/2022.1/data/xhub/boards/XilinxBoardStore/boards/Xilinx/vcu110/1.4/board.xml as part xcvu190-flgc2104-2-e specified in board_part file is either invalid or not available
WARNING: [Board 49-26] cannot add Board Part xilinx.com:vcu118:part0:2.0 available at C:/Xilinx/Vivado/2022.1/data/xhub/boards/XilinxBoardStore/boards/Xilinx/vcu118/2.0/board.xml as part xcvu9p-flga2104-2l-e specified in board_part file is either invalid or not available
WARNING: [Board 49-26] cannot add Board Part xilinx.com:vcu118:part0:2.3 available at C:/Xilinx/Vivado/2022.1/data/xhub/boards/XilinxBoardStore/boards/Xilinx/vcu118/2.3/board.xml as part xcvu9p-flga2104-2l-e specified in board_part file is either invalid or not available
WARNING: [Board 49-26] cannot add Board Part xilinx.com:vcu118:part0:2.4 available at C:/Xilinx/Vivado/2022.1/data/xhub/boards/XilinxBoardStore/boards/Xilinx/vcu118/2.4/board.xml as part xcvu9p-flga2104-2l-e specified in board_part file is either invalid or not available
WARNING: [Board 49-26] cannot add Board Part xilinx.com:vcu128:part0:1.0 available at C:/Xilinx/Vivado/2022.1/data/xhub/boards/XilinxBoardStore/boards/Xilinx/vcu128/production/1.0/board.xml as part xcvu37p-fsvh2892-2l-e specified in board_part file is either invalid or not available
WARNING: [Board 49-26] cannot add Board Part xilinx.com:vcu129:part0:1.0 available at C:/Xilinx/Vivado/2022.1/data/xhub/boards/XilinxBoardStore/boards/Xilinx/vcu129/production/1.0/board.xml as part xcvu29p-fsga2577-2l-e specified in board_part file is either invalid or not available
WARNING: [Board 49-26] cannot add Board Part xilinx.com:vcu1525:part0:1.3 available at C:/Xilinx/Vivado/2022.1/data/xhub/boards/XilinxBoardStore/boards/Xilinx/vcu1525/1.3/board.xml as part xcvu9p-fsgd2104-2l-e specified in board_part file is either invalid or not available
WARNING: [Board 49-26] cannot add Board Part xilinx.com:vermeo_t1_mpsoc:part0:1.0 available at C:/Xilinx/Vivado/2022.1/data/xhub/boards/XilinxBoardStore/boards/Xilinx/vermeo_t1_mpsoc/1.0/board.xml as part xczu19eg-ffvd1760-2l-e specified in board_part file is either invalid or not available
WARNING: [Board 49-26] cannot add Board Part xilinx.com:vermeo_t1_rfsoc:part0:1.0 available at C:/Xilinx/Vivado/2022.1/data/xhub/boards/XilinxBoardStore/boards/Xilinx/vermeo_t1_rfsoc/1.0/board.xml as part xczu21dr-ffvd1156-2l-e specified in board_part file is either invalid or not available
WARNING: [Board 49-26] cannot add Board Part xilinx.com:vmk180:part0:2.2 available at C:/Xilinx/Vivado/2022.1/data/xhub/boards/XilinxBoardStore/boards/Xilinx/vmk180/production/2.2/board.xml as part xcvm1802-vsva2197-2mp-e-s specified in board_part file is either invalid or not available
WARNING: [Board 49-26] cannot add Board Part xilinx.com:vmk180:part0:3.0 available at C:/Xilinx/Vivado/2022.1/data/xhub/boards/XilinxBoardStore/boards/Xilinx/vmk180/production/3.0/board.xml as part xcvm1802-vsva2197-2mp-e-s specified in board_part file is either invalid or not available
WARNING: [Board 49-26] cannot add Board Part xilinx.com:vmk180_newl:part0:1.0 available at C:/Xilinx/Vivado/2022.1/data/xhub/boards/XilinxBoardStore/boards/Xilinx/vmk180_newl/production/1.0/board.xml as part xcvm1802-vsva2197-2mp-e-s specified in board_part file is either invalid or not available
WARNING: [Board 49-26] cannot add Board Part xilinx.com:vpk120_es:part0:1.2 available at C:/Xilinx/Vivado/2022.1/data/xhub/boards/XilinxBoardStore/boards/Xilinx/vpk120/es/1.2/board.xml as part xcvp1202-vsva2785-2mp-e-s-es1 specified in board_part file is either invalid or not available
WARNING: [Board 49-26] cannot add Board Part xilinx.com:vpk120_es_revb:part0:1.0 available at C:/Xilinx/Vivado/2022.1/data/xhub/boards/XilinxBoardStore/boards/Xilinx/vpk120_revb/es/1.0/board.xml as part xcvp1202-vsva2785-2mp-e-s-es1 specified in board_part file is either invalid or not available
WARNING: [Board 49-26] cannot add Board Part xilinx.com:zcu102:part0:3.3 available at C:/Xilinx/Vivado/2022.1/data/xhub/boards/XilinxBoardStore/boards/Xilinx/zcu102/3.3/board.xml as part xczu9eg-ffvb1156-2-e specified in board_part file is either invalid or not available
WARNING: [Board 49-26] cannot add Board Part xilinx.com:zcu102:part0:3.4 available at C:/Xilinx/Vivado/2022.1/data/xhub/boards/XilinxBoardStore/boards/Xilinx/zcu102/3.4/board.xml as part xczu9eg-ffvb1156-2-e specified in board_part file is either invalid or not available
WARNING: [Board 49-26] cannot add Board Part xilinx.com:zcu104:part0:1.1 available at C:/Xilinx/Vivado/2022.1/data/xhub/boards/XilinxBoardStore/boards/Xilinx/zcu104/1.1/board.xml as part xczu7ev-ffvc1156-2-e specified in board_part file is either invalid or not available
WARNING: [Board 49-26] cannot add Board Part xilinx.com:zcu106:part0:2.4 available at C:/Xilinx/Vivado/2022.1/data/xhub/boards/XilinxBoardStore/boards/Xilinx/zcu106/2.4/board.xml as part xczu7ev-ffvc1156-2-e specified in board_part file is either invalid or not available
WARNING: [Board 49-26] cannot add Board Part xilinx.com:zcu106:part0:2.5 available at C:/Xilinx/Vivado/2022.1/data/xhub/boards/XilinxBoardStore/boards/Xilinx/zcu106/2.5/board.xml as part xczu7ev-ffvc1156-2-e specified in board_part file is either invalid or not available
WARNING: [Board 49-26] cannot add Board Part xilinx.com:zcu106:part0:2.6 available at C:/Xilinx/Vivado/2022.1/data/xhub/boards/XilinxBoardStore/boards/Xilinx/zcu106/2.6/board.xml as part xczu7ev-ffvc1156-2-e specified in board_part file is either invalid or not available
WARNING: [Board 49-26] cannot add Board Part xilinx.com:zcu111:part0:1.2 available at C:/Xilinx/Vivado/2022.1/data/xhub/boards/XilinxBoardStore/boards/Xilinx/zcu111/1.2/board.xml as part xczu28dr-ffvg1517-2-e specified in board_part file is either invalid or not available
WARNING: [Board 49-26] cannot add Board Part xilinx.com:zcu111:part0:1.3 available at C:/Xilinx/Vivado/2022.1/data/xhub/boards/XilinxBoardStore/boards/Xilinx/zcu111/1.3/board.xml as part xczu28dr-ffvg1517-2-e specified in board_part file is either invalid or not available
WARNING: [Board 49-26] cannot add Board Part xilinx.com:zcu111:part0:1.4 available at C:/Xilinx/Vivado/2022.1/data/xhub/boards/XilinxBoardStore/boards/Xilinx/zcu111/1.4/board.xml as part xczu28dr-ffvg1517-2-e specified in board_part file is either invalid or not available
WARNING: [Board 49-26] cannot add Board Part xilinx.com:zcu1275:part0:1.0 available at C:/Xilinx/Vivado/2022.1/data/xhub/boards/XilinxBoardStore/boards/Xilinx/zcu1275/1.0/board.xml as part xczu29dr-ffvf1760-2-e specified in board_part file is either invalid or not available
WARNING: [Board 49-26] cannot add Board Part xilinx.com:zcu1285:part0:1.0 available at C:/Xilinx/Vivado/2022.1/data/xhub/boards/XilinxBoardStore/boards/Xilinx/zcu1285/1.0/board.xml as part xczu39dr-ffvf1760-2-i specified in board_part file is either invalid or not available
WARNING: [Board 49-26] cannot add Board Part xilinx.com:zcu208:part0:2.0 available at C:/Xilinx/Vivado/2022.1/data/xhub/boards/XilinxBoardStore/boards/Xilinx/zcu208/production/2.0/board.xml as part xczu48dr-fsvg1517-2-e specified in board_part file is either invalid or not available
WARNING: [Board 49-26] cannot add Board Part xilinx.com:zcu208ld:part0:2.0 available at C:/Xilinx/Vivado/2022.1/data/xhub/boards/XilinxBoardStore/boards/Xilinx/zcu208ld/production/2.0/board.xml as part xczu58dr-fsvg1517-2-i specified in board_part file is either invalid or not available
WARNING: [Board 49-26] cannot add Board Part xilinx.com:zcu216:part0:2.0 available at C:/Xilinx/Vivado/2022.1/data/xhub/boards/XilinxBoardStore/boards/Xilinx/zcu216/production/2.0/board.xml as part xczu49dr-ffvf1760-2-e specified in board_part file is either invalid or not available
WARNING: [Board 49-26] cannot add Board Part xilinx.com:zcu216ld:part0:2.0 available at C:/Xilinx/Vivado/2022.1/data/xhub/boards/XilinxBoardStore/boards/Xilinx/zcu216ld/production/2.0/board.xml as part xczu59dr-ffvf1760-2-i specified in board_part file is either invalid or not available
WARNING: [Board 49-26] cannot add Board Part xilinx.com:zcu670:part0:2.0 available at C:/Xilinx/Vivado/2022.1/data/xhub/boards/XilinxBoardStore/boards/Xilinx/zcu670/2.0/board.xml as part xczu67dr-fsve1156-2-i specified in board_part file is either invalid or not available
WARNING: [Board 49-26] cannot add Board Part xilinx.com:zcu670ld:part0:1.0 available at C:/Xilinx/Vivado/2022.1/data/xhub/boards/XilinxBoardStore/boards/Xilinx/zcu670ld/1.0/board.xml as part xczu57dr-fsve1156-2-i specified in board_part file is either invalid or not available
INFO: [filemgmt 56-3] Default IP Output Path : Could not find the directory 'C:/Users/danie/Desktop/Progetto_digitale_versioneDefinitiva/exam_prj_v2/exam_prj_v2.gen/sources_1'.
Scanning sources...
Finished scanning sources
INFO: [IP_Flow 19-234] Refreshing IP repositories
INFO: [IP_Flow 19-1704] No user IP repositories specified
INFO: [IP_Flow 19-2313] Loaded Vivado IP repository 'C:/Xilinx/Vivado/2022.1/data/ip'.
open_project: Time (s): cpu = 00:00:26 ; elapsed = 00:00:11 . Memory (MB): peak = 1593.887 ; gain = 0.000
update_compile_order -fileset sources_1
synth_design -rtl -rtl_skip_mlo -name rtl_1
Command: synth_design -rtl -rtl_skip_mlo -name rtl_1
Starting synth_design
Using part: xc7z020clg400-1
Top: Top
INFO: [Device 21-403] Loading part xc7z020clg400-1
---------------------------------------------------------------------------------
Starting RTL Elaboration : Time (s): cpu = 00:00:06 ; elapsed = 00:00:05 . Memory (MB): peak = 1818.879 ; gain = 224.992
---------------------------------------------------------------------------------
INFO: [Synth 8-638] synthesizing module 'Top' [C:/Users/danie/Desktop/Progetto_digitale_versioneDefinitiva/exam_prj_v2/exam_prj_v2.srcs/sources_1/imports/sources_1/new/Top.vhd:16]
INFO: [Synth 8-3491] module 'BufferLine' declared at 'C:/Users/danie/Desktop/Progetto_digitale_versioneDefinitiva/exam_prj_v2/exam_prj_v2.srcs/sources_1/imports/sources_1/imports/Project_Designs/BufferLine.vhd:4' bound to instance 'Buffer_Line' of component 'BufferLine' [C:/Users/danie/Desktop/Progetto_digitale_versioneDefinitiva/exam_prj_v2/exam_prj_v2.srcs/sources_1/imports/sources_1/new/Top.vhd:66]
INFO: [Synth 8-638] synthesizing module 'BufferLine' [C:/Users/danie/Desktop/Progetto_digitale_versioneDefinitiva/exam_prj_v2/exam_prj_v2.srcs/sources_1/imports/sources_1/imports/Project_Designs/BufferLine.vhd:13]
	Parameter ncol bound to: 32 - type: integer 
INFO: [Synth 8-256] done synthesizing module 'BufferLine' (0#1) [C:/Users/danie/Desktop/Progetto_digitale_versioneDefinitiva/exam_prj_v2/exam_prj_v2.srcs/sources_1/imports/sources_1/imports/Project_Designs/BufferLine.vhd:13]
INFO: [Synth 8-3491] module 'Convolutore' declared at 'C:/Users/danie/Desktop/Progetto_digitale_versioneDefinitiva/exam_prj_v2/exam_prj_v2.srcs/sources_1/imports/new/convolutore.vhd:5' bound to instance 'Conv' of component 'Convolutore' [C:/Users/danie/Desktop/Progetto_digitale_versioneDefinitiva/exam_prj_v2/exam_prj_v2.srcs/sources_1/imports/sources_1/new/Top.vhd:67]
INFO: [Synth 8-638] synthesizing module 'Convolutore' [C:/Users/danie/Desktop/Progetto_digitale_versioneDefinitiva/exam_prj_v2/exam_prj_v2.srcs/sources_1/imports/new/convolutore.vhd:14]
	Parameter N bound to: 8 - type: integer 
INFO: [Synth 8-3491] module 'Adder_Tree_4' declared at 'C:/Users/danie/Desktop/Progetto_digitale_versioneDefinitiva/exam_prj_v2/exam_prj_v2.srcs/sources_1/imports/sources_1/imports/Project_Designs/AdderTree4.vhd:5' bound to instance 'AdderTree_Corner' of component 'Adder_Tree_4' [C:/Users/danie/Desktop/Progetto_digitale_versioneDefinitiva/exam_prj_v2/exam_prj_v2.srcs/sources_1/imports/new/convolutore.vhd:83]
INFO: [Synth 8-638] synthesizing module 'Adder_Tree_4' [C:/Users/danie/Desktop/Progetto_digitale_versioneDefinitiva/exam_prj_v2/exam_prj_v2.srcs/sources_1/imports/sources_1/imports/Project_Designs/AdderTree4.vhd:12]
	Parameter N bound to: 8 - type: integer 
	Parameter N bound to: 8 - type: integer 
INFO: [Synth 8-3491] module 'RCA' declared at 'C:/Users/danie/Desktop/Progetto_digitale_versioneDefinitiva/exam_prj_v2/exam_prj_v2.srcs/sources_1/imports/sources_1/imports/Project_Designs/RCA.vhd:4' bound to instance 'RCA0_L0' of component 'RCA' [C:/Users/danie/Desktop/Progetto_digitale_versioneDefinitiva/exam_prj_v2/exam_prj_v2.srcs/sources_1/imports/sources_1/imports/Project_Designs/AdderTree4.vhd:28]
INFO: [Synth 8-638] synthesizing module 'RCA' [C:/Users/danie/Desktop/Progetto_digitale_versioneDefinitiva/exam_prj_v2/exam_prj_v2.srcs/sources_1/imports/sources_1/imports/Project_Designs/RCA.vhd:12]
	Parameter N bound to: 8 - type: integer 
INFO: [Synth 8-3491] module 'FA' declared at 'C:/Users/danie/Desktop/Progetto_digitale_versioneDefinitiva/exam_prj_v2/exam_prj_v2.srcs/sources_1/imports/sources_1/imports/Project_Designs/FA.vhd:4' bound to instance 'MAPfa' of component 'FA' [C:/Users/danie/Desktop/Progetto_digitale_versioneDefinitiva/exam_prj_v2/exam_prj_v2.srcs/sources_1/imports/sources_1/imports/Project_Designs/RCA.vhd:26]
INFO: [Synth 8-638] synthesizing module 'FA' [C:/Users/danie/Desktop/Progetto_digitale_versioneDefinitiva/exam_prj_v2/exam_prj_v2.srcs/sources_1/imports/sources_1/imports/Project_Designs/FA.vhd:9]
INFO: [Synth 8-256] done synthesizing module 'FA' (0#1) [C:/Users/danie/Desktop/Progetto_digitale_versioneDefinitiva/exam_prj_v2/exam_prj_v2.srcs/sources_1/imports/sources_1/imports/Project_Designs/FA.vhd:9]
INFO: [Synth 8-3491] module 'FA' declared at 'C:/Users/danie/Desktop/Progetto_digitale_versioneDefinitiva/exam_prj_v2/exam_prj_v2.srcs/sources_1/imports/sources_1/imports/Project_Designs/FA.vhd:4' bound to instance 'MAPfa' of component 'FA' [C:/Users/danie/Desktop/Progetto_digitale_versioneDefinitiva/exam_prj_v2/exam_prj_v2.srcs/sources_1/imports/sources_1/imports/Project_Designs/RCA.vhd:26]
INFO: [Synth 8-3491] module 'FA' declared at 'C:/Users/danie/Desktop/Progetto_digitale_versioneDefinitiva/exam_prj_v2/exam_prj_v2.srcs/sources_1/imports/sources_1/imports/Project_Designs/FA.vhd:4' bound to instance 'MAPfa' of component 'FA' [C:/Users/danie/Desktop/Progetto_digitale_versioneDefinitiva/exam_prj_v2/exam_prj_v2.srcs/sources_1/imports/sources_1/imports/Project_Designs/RCA.vhd:26]
INFO: [Synth 8-3491] module 'FA' declared at 'C:/Users/danie/Desktop/Progetto_digitale_versioneDefinitiva/exam_prj_v2/exam_prj_v2.srcs/sources_1/imports/sources_1/imports/Project_Designs/FA.vhd:4' bound to instance 'MAPfa' of component 'FA' [C:/Users/danie/Desktop/Progetto_digitale_versioneDefinitiva/exam_prj_v2/exam_prj_v2.srcs/sources_1/imports/sources_1/imports/Project_Designs/RCA.vhd:26]
INFO: [Synth 8-3491] module 'FA' declared at 'C:/Users/danie/Desktop/Progetto_digitale_versioneDefinitiva/exam_prj_v2/exam_prj_v2.srcs/sources_1/imports/sources_1/imports/Project_Designs/FA.vhd:4' bound to instance 'MAPfa' of component 'FA' [C:/Users/danie/Desktop/Progetto_digitale_versioneDefinitiva/exam_prj_v2/exam_prj_v2.srcs/sources_1/imports/sources_1/imports/Project_Designs/RCA.vhd:26]
INFO: [Synth 8-3491] module 'FA' declared at 'C:/Users/danie/Desktop/Progetto_digitale_versioneDefinitiva/exam_prj_v2/exam_prj_v2.srcs/sources_1/imports/sources_1/imports/Project_Designs/FA.vhd:4' bound to instance 'MAPfa' of component 'FA' [C:/Users/danie/Desktop/Progetto_digitale_versioneDefinitiva/exam_prj_v2/exam_prj_v2.srcs/sources_1/imports/sources_1/imports/Project_Designs/RCA.vhd:26]
INFO: [Synth 8-3491] module 'FA' declared at 'C:/Users/danie/Desktop/Progetto_digitale_versioneDefinitiva/exam_prj_v2/exam_prj_v2.srcs/sources_1/imports/sources_1/imports/Project_Designs/FA.vhd:4' bound to instance 'MAPfa' of component 'FA' [C:/Users/danie/Desktop/Progetto_digitale_versioneDefinitiva/exam_prj_v2/exam_prj_v2.srcs/sources_1/imports/sources_1/imports/Project_Designs/RCA.vhd:26]
INFO: [Synth 8-3491] module 'FA' declared at 'C:/Users/danie/Desktop/Progetto_digitale_versioneDefinitiva/exam_prj_v2/exam_prj_v2.srcs/sources_1/imports/sources_1/imports/Project_Designs/FA.vhd:4' bound to instance 'MAPfa' of component 'FA' [C:/Users/danie/Desktop/Progetto_digitale_versioneDefinitiva/exam_prj_v2/exam_prj_v2.srcs/sources_1/imports/sources_1/imports/Project_Designs/RCA.vhd:26]
INFO: [Synth 8-256] done synthesizing module 'RCA' (0#1) [C:/Users/danie/Desktop/Progetto_digitale_versioneDefinitiva/exam_prj_v2/exam_prj_v2.srcs/sources_1/imports/sources_1/imports/Project_Designs/RCA.vhd:12]
	Parameter N bound to: 8 - type: integer 
INFO: [Synth 8-3491] module 'RCA' declared at 'C:/Users/danie/Desktop/Progetto_digitale_versioneDefinitiva/exam_prj_v2/exam_prj_v2.srcs/sources_1/imports/sources_1/imports/Project_Designs/RCA.vhd:4' bound to instance 'RCA1_L0' of component 'RCA' [C:/Users/danie/Desktop/Progetto_digitale_versioneDefinitiva/exam_prj_v2/exam_prj_v2.srcs/sources_1/imports/sources_1/imports/Project_Designs/AdderTree4.vhd:29]
	Parameter N bound to: 9 - type: integer 
INFO: [Synth 8-3491] module 'RCA' declared at 'C:/Users/danie/Desktop/Progetto_digitale_versioneDefinitiva/exam_prj_v2/exam_prj_v2.srcs/sources_1/imports/sources_1/imports/Project_Designs/RCA.vhd:4' bound to instance 'RCA0_L1' of component 'RCA' [C:/Users/danie/Desktop/Progetto_digitale_versioneDefinitiva/exam_prj_v2/exam_prj_v2.srcs/sources_1/imports/sources_1/imports/Project_Designs/AdderTree4.vhd:30]
INFO: [Synth 8-638] synthesizing module 'RCA__parameterized2' [C:/Users/danie/Desktop/Progetto_digitale_versioneDefinitiva/exam_prj_v2/exam_prj_v2.srcs/sources_1/imports/sources_1/imports/Project_Designs/RCA.vhd:12]
	Parameter N bound to: 9 - type: integer 
INFO: [Synth 8-3491] module 'FA' declared at 'C:/Users/danie/Desktop/Progetto_digitale_versioneDefinitiva/exam_prj_v2/exam_prj_v2.srcs/sources_1/imports/sources_1/imports/Project_Designs/FA.vhd:4' bound to instance 'MAPfa' of component 'FA' [C:/Users/danie/Desktop/Progetto_digitale_versioneDefinitiva/exam_prj_v2/exam_prj_v2.srcs/sources_1/imports/sources_1/imports/Project_Designs/RCA.vhd:26]
INFO: [Synth 8-3491] module 'FA' declared at 'C:/Users/danie/Desktop/Progetto_digitale_versioneDefinitiva/exam_prj_v2/exam_prj_v2.srcs/sources_1/imports/sources_1/imports/Project_Designs/FA.vhd:4' bound to instance 'MAPfa' of component 'FA' [C:/Users/danie/Desktop/Progetto_digitale_versioneDefinitiva/exam_prj_v2/exam_prj_v2.srcs/sources_1/imports/sources_1/imports/Project_Designs/RCA.vhd:26]
INFO: [Synth 8-3491] module 'FA' declared at 'C:/Users/danie/Desktop/Progetto_digitale_versioneDefinitiva/exam_prj_v2/exam_prj_v2.srcs/sources_1/imports/sources_1/imports/Project_Designs/FA.vhd:4' bound to instance 'MAPfa' of component 'FA' [C:/Users/danie/Desktop/Progetto_digitale_versioneDefinitiva/exam_prj_v2/exam_prj_v2.srcs/sources_1/imports/sources_1/imports/Project_Designs/RCA.vhd:26]
INFO: [Synth 8-3491] module 'FA' declared at 'C:/Users/danie/Desktop/Progetto_digitale_versioneDefinitiva/exam_prj_v2/exam_prj_v2.srcs/sources_1/imports/sources_1/imports/Project_Designs/FA.vhd:4' bound to instance 'MAPfa' of component 'FA' [C:/Users/danie/Desktop/Progetto_digitale_versioneDefinitiva/exam_prj_v2/exam_prj_v2.srcs/sources_1/imports/sources_1/imports/Project_Designs/RCA.vhd:26]
INFO: [Synth 8-3491] module 'FA' declared at 'C:/Users/danie/Desktop/Progetto_digitale_versioneDefinitiva/exam_prj_v2/exam_prj_v2.srcs/sources_1/imports/sources_1/imports/Project_Designs/FA.vhd:4' bound to instance 'MAPfa' of component 'FA' [C:/Users/danie/Desktop/Progetto_digitale_versioneDefinitiva/exam_prj_v2/exam_prj_v2.srcs/sources_1/imports/sources_1/imports/Project_Designs/RCA.vhd:26]
INFO: [Synth 8-3491] module 'FA' declared at 'C:/Users/danie/Desktop/Progetto_digitale_versioneDefinitiva/exam_prj_v2/exam_prj_v2.srcs/sources_1/imports/sources_1/imports/Project_Designs/FA.vhd:4' bound to instance 'MAPfa' of component 'FA' [C:/Users/danie/Desktop/Progetto_digitale_versioneDefinitiva/exam_prj_v2/exam_prj_v2.srcs/sources_1/imports/sources_1/imports/Project_Designs/RCA.vhd:26]
INFO: [Synth 8-3491] module 'FA' declared at 'C:/Users/danie/Desktop/Progetto_digitale_versioneDefinitiva/exam_prj_v2/exam_prj_v2.srcs/sources_1/imports/sources_1/imports/Project_Designs/FA.vhd:4' bound to instance 'MAPfa' of component 'FA' [C:/Users/danie/Desktop/Progetto_digitale_versioneDefinitiva/exam_prj_v2/exam_prj_v2.srcs/sources_1/imports/sources_1/imports/Project_Designs/RCA.vhd:26]
INFO: [Synth 8-3491] module 'FA' declared at 'C:/Users/danie/Desktop/Progetto_digitale_versioneDefinitiva/exam_prj_v2/exam_prj_v2.srcs/sources_1/imports/sources_1/imports/Project_Designs/FA.vhd:4' bound to instance 'MAPfa' of component 'FA' [C:/Users/danie/Desktop/Progetto_digitale_versioneDefinitiva/exam_prj_v2/exam_prj_v2.srcs/sources_1/imports/sources_1/imports/Project_Designs/RCA.vhd:26]
INFO: [Synth 8-3491] module 'FA' declared at 'C:/Users/danie/Desktop/Progetto_digitale_versioneDefinitiva/exam_prj_v2/exam_prj_v2.srcs/sources_1/imports/sources_1/imports/Project_Designs/FA.vhd:4' bound to instance 'MAPfa' of component 'FA' [C:/Users/danie/Desktop/Progetto_digitale_versioneDefinitiva/exam_prj_v2/exam_prj_v2.srcs/sources_1/imports/sources_1/imports/Project_Designs/RCA.vhd:26]
INFO: [Synth 8-256] done synthesizing module 'RCA__parameterized2' (0#1) [C:/Users/danie/Desktop/Progetto_digitale_versioneDefinitiva/exam_prj_v2/exam_prj_v2.srcs/sources_1/imports/sources_1/imports/Project_Designs/RCA.vhd:12]
INFO: [Synth 8-256] done synthesizing module 'Adder_Tree_4' (0#1) [C:/Users/danie/Desktop/Progetto_digitale_versioneDefinitiva/exam_prj_v2/exam_prj_v2.srcs/sources_1/imports/sources_1/imports/Project_Designs/AdderTree4.vhd:12]
	Parameter N bound to: 8 - type: integer 
INFO: [Synth 8-3491] module 'Adder_Tree_4' declared at 'C:/Users/danie/Desktop/Progetto_digitale_versioneDefinitiva/exam_prj_v2/exam_prj_v2.srcs/sources_1/imports/sources_1/imports/Project_Designs/AdderTree4.vhd:5' bound to instance 'AdderTree_Lateral' of component 'Adder_Tree_4' [C:/Users/danie/Desktop/Progetto_digitale_versioneDefinitiva/exam_prj_v2/exam_prj_v2.srcs/sources_1/imports/new/convolutore.vhd:84]
INFO: [Synth 8-3491] module 'shift_register' declared at 'C:/Users/danie/Desktop/Progetto_digitale_versioneDefinitiva/exam_prj_v2/exam_prj_v2.srcs/sources_1/imports/sources_1/imports/Project_Designs/ShiftReg3.vhd:5' bound to instance 'Shift3' of component 'shift_register' [C:/Users/danie/Desktop/Progetto_digitale_versioneDefinitiva/exam_prj_v2/exam_prj_v2.srcs/sources_1/imports/new/convolutore.vhd:85]
INFO: [Synth 8-638] synthesizing module 'shift_register' [C:/Users/danie/Desktop/Progetto_digitale_versioneDefinitiva/exam_prj_v2/exam_prj_v2.srcs/sources_1/imports/sources_1/imports/Project_Designs/ShiftReg3.vhd:13]
INFO: [Synth 8-256] done synthesizing module 'shift_register' (0#1) [C:/Users/danie/Desktop/Progetto_digitale_versioneDefinitiva/exam_prj_v2/exam_prj_v2.srcs/sources_1/imports/sources_1/imports/Project_Designs/ShiftReg3.vhd:13]
INFO: [Synth 8-3491] module 'Moltiplicatore' declared at 'C:/Users/danie/Desktop/Progetto_digitale_versioneDefinitiva/exam_prj_v2/exam_prj_v2.srcs/sources_1/imports/sources_1/imports/Project_Designs/Moltiplicatore.vhd:5' bound to instance 'Multi_Corner' of component 'Moltiplicatore' [C:/Users/danie/Desktop/Progetto_digitale_versioneDefinitiva/exam_prj_v2/exam_prj_v2.srcs/sources_1/imports/new/convolutore.vhd:87]
INFO: [Synth 8-638] synthesizing module 'Moltiplicatore' [C:/Users/danie/Desktop/Progetto_digitale_versioneDefinitiva/exam_prj_v2/exam_prj_v2.srcs/sources_1/imports/sources_1/imports/Project_Designs/Moltiplicatore.vhd:13]
INFO: [Synth 8-3491] module 'Booth' declared at 'C:/Users/danie/Desktop/Progetto_digitale_versioneDefinitiva/exam_prj_v2/exam_prj_v2.srcs/sources_1/imports/sources_1/imports/Project_Designs/Booth.vhd:5' bound to instance 'Booth3' of component 'Booth' [C:/Users/danie/Desktop/Progetto_digitale_versioneDefinitiva/exam_prj_v2/exam_prj_v2.srcs/sources_1/imports/sources_1/imports/Project_Designs/Moltiplicatore.vhd:73]
INFO: [Synth 8-638] synthesizing module 'Booth' [C:/Users/danie/Desktop/Progetto_digitale_versioneDefinitiva/exam_prj_v2/exam_prj_v2.srcs/sources_1/imports/sources_1/imports/Project_Designs/Booth.vhd:11]
INFO: [Synth 8-256] done synthesizing module 'Booth' (0#1) [C:/Users/danie/Desktop/Progetto_digitale_versioneDefinitiva/exam_prj_v2/exam_prj_v2.srcs/sources_1/imports/sources_1/imports/Project_Designs/Booth.vhd:11]
INFO: [Synth 8-3491] module 'Booth' declared at 'C:/Users/danie/Desktop/Progetto_digitale_versioneDefinitiva/exam_prj_v2/exam_prj_v2.srcs/sources_1/imports/sources_1/imports/Project_Designs/Booth.vhd:5' bound to instance 'Booth2' of component 'Booth' [C:/Users/danie/Desktop/Progetto_digitale_versioneDefinitiva/exam_prj_v2/exam_prj_v2.srcs/sources_1/imports/sources_1/imports/Project_Designs/Moltiplicatore.vhd:74]
INFO: [Synth 8-3491] module 'Booth' declared at 'C:/Users/danie/Desktop/Progetto_digitale_versioneDefinitiva/exam_prj_v2/exam_prj_v2.srcs/sources_1/imports/sources_1/imports/Project_Designs/Booth.vhd:5' bound to instance 'Booth1' of component 'Booth' [C:/Users/danie/Desktop/Progetto_digitale_versioneDefinitiva/exam_prj_v2/exam_prj_v2.srcs/sources_1/imports/sources_1/imports/Project_Designs/Moltiplicatore.vhd:75]
INFO: [Synth 8-3491] module 'Booth' declared at 'C:/Users/danie/Desktop/Progetto_digitale_versioneDefinitiva/exam_prj_v2/exam_prj_v2.srcs/sources_1/imports/sources_1/imports/Project_Designs/Booth.vhd:5' bound to instance 'Booth0' of component 'Booth' [C:/Users/danie/Desktop/Progetto_digitale_versioneDefinitiva/exam_prj_v2/exam_prj_v2.srcs/sources_1/imports/sources_1/imports/Project_Designs/Moltiplicatore.vhd:76]
	Parameter N bound to: 11 - type: integer 
INFO: [Synth 8-3491] module 'Partial_Sum' declared at 'C:/Users/danie/Desktop/Progetto_digitale_versioneDefinitiva/exam_prj_v2/exam_prj_v2.srcs/sources_1/imports/sources_1/imports/Project_Designs/PartialSum.vhd:5' bound to instance 'PartialSum' of component 'Partial_Sum' [C:/Users/danie/Desktop/Progetto_digitale_versioneDefinitiva/exam_prj_v2/exam_prj_v2.srcs/sources_1/imports/sources_1/imports/Project_Designs/Moltiplicatore.vhd:78]
INFO: [Synth 8-638] synthesizing module 'Partial_Sum' [C:/Users/danie/Desktop/Progetto_digitale_versioneDefinitiva/exam_prj_v2/exam_prj_v2.srcs/sources_1/imports/sources_1/imports/Project_Designs/PartialSum.vhd:12]
	Parameter N bound to: 11 - type: integer 
	Parameter N bound to: 11 - type: integer 
INFO: [Synth 8-3491] module 'RCA_Signed' declared at 'C:/Users/danie/Desktop/Progetto_digitale_versioneDefinitiva/exam_prj_v2/exam_prj_v2.srcs/sources_1/imports/sources_1/imports/Project_Designs/RCA_Signed.vhd:5' bound to instance 'menoA' of component 'RCA_Signed' [C:/Users/danie/Desktop/Progetto_digitale_versioneDefinitiva/exam_prj_v2/exam_prj_v2.srcs/sources_1/imports/sources_1/imports/Project_Designs/PartialSum.vhd:31]
INFO: [Synth 8-638] synthesizing module 'RCA_Signed' [C:/Users/danie/Desktop/Progetto_digitale_versioneDefinitiva/exam_prj_v2/exam_prj_v2.srcs/sources_1/imports/sources_1/imports/Project_Designs/RCA_Signed.vhd:12]
	Parameter N bound to: 11 - type: integer 
INFO: [Synth 8-3491] module 'FA' declared at 'C:/Users/danie/Desktop/Progetto_digitale_versioneDefinitiva/exam_prj_v2/exam_prj_v2.srcs/sources_1/imports/sources_1/imports/Project_Designs/FA.vhd:4' bound to instance 'FAINST' of component 'FA' [C:/Users/danie/Desktop/Progetto_digitale_versioneDefinitiva/exam_prj_v2/exam_prj_v2.srcs/sources_1/imports/sources_1/imports/Project_Designs/RCA_Signed.vhd:24]
INFO: [Synth 8-3491] module 'FA' declared at 'C:/Users/danie/Desktop/Progetto_digitale_versioneDefinitiva/exam_prj_v2/exam_prj_v2.srcs/sources_1/imports/sources_1/imports/Project_Designs/FA.vhd:4' bound to instance 'FAINST' of component 'FA' [C:/Users/danie/Desktop/Progetto_digitale_versioneDefinitiva/exam_prj_v2/exam_prj_v2.srcs/sources_1/imports/sources_1/imports/Project_Designs/RCA_Signed.vhd:24]
INFO: [Synth 8-3491] module 'FA' declared at 'C:/Users/danie/Desktop/Progetto_digitale_versioneDefinitiva/exam_prj_v2/exam_prj_v2.srcs/sources_1/imports/sources_1/imports/Project_Designs/FA.vhd:4' bound to instance 'FAINST' of component 'FA' [C:/Users/danie/Desktop/Progetto_digitale_versioneDefinitiva/exam_prj_v2/exam_prj_v2.srcs/sources_1/imports/sources_1/imports/Project_Designs/RCA_Signed.vhd:24]
INFO: [Synth 8-3491] module 'FA' declared at 'C:/Users/danie/Desktop/Progetto_digitale_versioneDefinitiva/exam_prj_v2/exam_prj_v2.srcs/sources_1/imports/sources_1/imports/Project_Designs/FA.vhd:4' bound to instance 'FAINST' of component 'FA' [C:/Users/danie/Desktop/Progetto_digitale_versioneDefinitiva/exam_prj_v2/exam_prj_v2.srcs/sources_1/imports/sources_1/imports/Project_Designs/RCA_Signed.vhd:24]
INFO: [Synth 8-3491] module 'FA' declared at 'C:/Users/danie/Desktop/Progetto_digitale_versioneDefinitiva/exam_prj_v2/exam_prj_v2.srcs/sources_1/imports/sources_1/imports/Project_Designs/FA.vhd:4' bound to instance 'FAINST' of component 'FA' [C:/Users/danie/Desktop/Progetto_digitale_versioneDefinitiva/exam_prj_v2/exam_prj_v2.srcs/sources_1/imports/sources_1/imports/Project_Designs/RCA_Signed.vhd:24]
INFO: [Synth 8-3491] module 'FA' declared at 'C:/Users/danie/Desktop/Progetto_digitale_versioneDefinitiva/exam_prj_v2/exam_prj_v2.srcs/sources_1/imports/sources_1/imports/Project_Designs/FA.vhd:4' bound to instance 'FAINST' of component 'FA' [C:/Users/danie/Desktop/Progetto_digitale_versioneDefinitiva/exam_prj_v2/exam_prj_v2.srcs/sources_1/imports/sources_1/imports/Project_Designs/RCA_Signed.vhd:24]
INFO: [Synth 8-3491] module 'FA' declared at 'C:/Users/danie/Desktop/Progetto_digitale_versioneDefinitiva/exam_prj_v2/exam_prj_v2.srcs/sources_1/imports/sources_1/imports/Project_Designs/FA.vhd:4' bound to instance 'FAINST' of component 'FA' [C:/Users/danie/Desktop/Progetto_digitale_versioneDefinitiva/exam_prj_v2/exam_prj_v2.srcs/sources_1/imports/sources_1/imports/Project_Designs/RCA_Signed.vhd:24]
INFO: [Synth 8-3491] module 'FA' declared at 'C:/Users/danie/Desktop/Progetto_digitale_versioneDefinitiva/exam_prj_v2/exam_prj_v2.srcs/sources_1/imports/sources_1/imports/Project_Designs/FA.vhd:4' bound to instance 'FAINST' of component 'FA' [C:/Users/danie/Desktop/Progetto_digitale_versioneDefinitiva/exam_prj_v2/exam_prj_v2.srcs/sources_1/imports/sources_1/imports/Project_Designs/RCA_Signed.vhd:24]
INFO: [Synth 8-3491] module 'FA' declared at 'C:/Users/danie/Desktop/Progetto_digitale_versioneDefinitiva/exam_prj_v2/exam_prj_v2.srcs/sources_1/imports/sources_1/imports/Project_Designs/FA.vhd:4' bound to instance 'FAINST' of component 'FA' [C:/Users/danie/Desktop/Progetto_digitale_versioneDefinitiva/exam_prj_v2/exam_prj_v2.srcs/sources_1/imports/sources_1/imports/Project_Designs/RCA_Signed.vhd:24]
INFO: [Synth 8-3491] module 'FA' declared at 'C:/Users/danie/Desktop/Progetto_digitale_versioneDefinitiva/exam_prj_v2/exam_prj_v2.srcs/sources_1/imports/sources_1/imports/Project_Designs/FA.vhd:4' bound to instance 'FAINST' of component 'FA' [C:/Users/danie/Desktop/Progetto_digitale_versioneDefinitiva/exam_prj_v2/exam_prj_v2.srcs/sources_1/imports/sources_1/imports/Project_Designs/RCA_Signed.vhd:24]
INFO: [Synth 8-3491] module 'FA' declared at 'C:/Users/danie/Desktop/Progetto_digitale_versioneDefinitiva/exam_prj_v2/exam_prj_v2.srcs/sources_1/imports/sources_1/imports/Project_Designs/FA.vhd:4' bound to instance 'FAINST' of component 'FA' [C:/Users/danie/Desktop/Progetto_digitale_versioneDefinitiva/exam_prj_v2/exam_prj_v2.srcs/sources_1/imports/sources_1/imports/Project_Designs/RCA_Signed.vhd:24]
INFO: [Synth 8-3491] module 'FA' declared at 'C:/Users/danie/Desktop/Progetto_digitale_versioneDefinitiva/exam_prj_v2/exam_prj_v2.srcs/sources_1/imports/sources_1/imports/Project_Designs/FA.vhd:4' bound to instance 'SignFA' of component 'FA' [C:/Users/danie/Desktop/Progetto_digitale_versioneDefinitiva/exam_prj_v2/exam_prj_v2.srcs/sources_1/imports/sources_1/imports/Project_Designs/RCA_Signed.vhd:28]
INFO: [Synth 8-256] done synthesizing module 'RCA_Signed' (0#1) [C:/Users/danie/Desktop/Progetto_digitale_versioneDefinitiva/exam_prj_v2/exam_prj_v2.srcs/sources_1/imports/sources_1/imports/Project_Designs/RCA_Signed.vhd:12]
INFO: [Synth 8-256] done synthesizing module 'Partial_Sum' (0#1) [C:/Users/danie/Desktop/Progetto_digitale_versioneDefinitiva/exam_prj_v2/exam_prj_v2.srcs/sources_1/imports/sources_1/imports/Project_Designs/PartialSum.vhd:12]
INFO: [Synth 8-3491] module 'Mux_5' declared at 'C:/Users/danie/Desktop/Progetto_digitale_versioneDefinitiva/exam_prj_v2/exam_prj_v2.srcs/sources_1/imports/sources_1/imports/Project_Designs/Mux5.vhd:5' bound to instance 'Mux3' of component 'Mux_5' [C:/Users/danie/Desktop/Progetto_digitale_versioneDefinitiva/exam_prj_v2/exam_prj_v2.srcs/sources_1/imports/sources_1/imports/Project_Designs/Moltiplicatore.vhd:80]
INFO: [Synth 8-638] synthesizing module 'Mux_5' [C:/Users/danie/Desktop/Progetto_digitale_versioneDefinitiva/exam_prj_v2/exam_prj_v2.srcs/sources_1/imports/sources_1/imports/Project_Designs/Mux5.vhd:13]
INFO: [Synth 8-256] done synthesizing module 'Mux_5' (0#1) [C:/Users/danie/Desktop/Progetto_digitale_versioneDefinitiva/exam_prj_v2/exam_prj_v2.srcs/sources_1/imports/sources_1/imports/Project_Designs/Mux5.vhd:13]
INFO: [Synth 8-3491] module 'Mux_5' declared at 'C:/Users/danie/Desktop/Progetto_digitale_versioneDefinitiva/exam_prj_v2/exam_prj_v2.srcs/sources_1/imports/sources_1/imports/Project_Designs/Mux5.vhd:5' bound to instance 'Mux2' of component 'Mux_5' [C:/Users/danie/Desktop/Progetto_digitale_versioneDefinitiva/exam_prj_v2/exam_prj_v2.srcs/sources_1/imports/sources_1/imports/Project_Designs/Moltiplicatore.vhd:81]
INFO: [Synth 8-3491] module 'Mux_5' declared at 'C:/Users/danie/Desktop/Progetto_digitale_versioneDefinitiva/exam_prj_v2/exam_prj_v2.srcs/sources_1/imports/sources_1/imports/Project_Designs/Mux5.vhd:5' bound to instance 'Mux1' of component 'Mux_5' [C:/Users/danie/Desktop/Progetto_digitale_versioneDefinitiva/exam_prj_v2/exam_prj_v2.srcs/sources_1/imports/sources_1/imports/Project_Designs/Moltiplicatore.vhd:82]
INFO: [Synth 8-3491] module 'Mux_5' declared at 'C:/Users/danie/Desktop/Progetto_digitale_versioneDefinitiva/exam_prj_v2/exam_prj_v2.srcs/sources_1/imports/sources_1/imports/Project_Designs/Mux5.vhd:5' bound to instance 'Mux0' of component 'Mux_5' [C:/Users/danie/Desktop/Progetto_digitale_versioneDefinitiva/exam_prj_v2/exam_prj_v2.srcs/sources_1/imports/sources_1/imports/Project_Designs/Moltiplicatore.vhd:83]
	Parameter N bound to: 19 - type: integer 
INFO: [Synth 8-3491] module 'Adder_Tree_4_Signed' declared at 'C:/Users/danie/Desktop/Progetto_digitale_versioneDefinitiva/exam_prj_v2/exam_prj_v2.srcs/sources_1/imports/sources_1/imports/Project_Designs/AdderTree4Signed.vhd:5' bound to instance 'Adder4Signed' of component 'Adder_Tree_4_Signed' [C:/Users/danie/Desktop/Progetto_digitale_versioneDefinitiva/exam_prj_v2/exam_prj_v2.srcs/sources_1/imports/sources_1/imports/Project_Designs/Moltiplicatore.vhd:85]
INFO: [Synth 8-638] synthesizing module 'Adder_Tree_4_Signed' [C:/Users/danie/Desktop/Progetto_digitale_versioneDefinitiva/exam_prj_v2/exam_prj_v2.srcs/sources_1/imports/sources_1/imports/Project_Designs/AdderTree4Signed.vhd:12]
	Parameter N bound to: 19 - type: integer 
	Parameter N bound to: 19 - type: integer 
INFO: [Synth 8-3491] module 'RCA_Signed' declared at 'C:/Users/danie/Desktop/Progetto_digitale_versioneDefinitiva/exam_prj_v2/exam_prj_v2.srcs/sources_1/imports/sources_1/imports/Project_Designs/RCA_Signed.vhd:5' bound to instance 'RCA0_L0' of component 'RCA_Signed' [C:/Users/danie/Desktop/Progetto_digitale_versioneDefinitiva/exam_prj_v2/exam_prj_v2.srcs/sources_1/imports/sources_1/imports/Project_Designs/AdderTree4Signed.vhd:27]
INFO: [Synth 8-638] synthesizing module 'RCA_Signed__parameterized1' [C:/Users/danie/Desktop/Progetto_digitale_versioneDefinitiva/exam_prj_v2/exam_prj_v2.srcs/sources_1/imports/sources_1/imports/Project_Designs/RCA_Signed.vhd:12]
	Parameter N bound to: 19 - type: integer 
INFO: [Synth 8-3491] module 'FA' declared at 'C:/Users/danie/Desktop/Progetto_digitale_versioneDefinitiva/exam_prj_v2/exam_prj_v2.srcs/sources_1/imports/sources_1/imports/Project_Designs/FA.vhd:4' bound to instance 'FAINST' of component 'FA' [C:/Users/danie/Desktop/Progetto_digitale_versioneDefinitiva/exam_prj_v2/exam_prj_v2.srcs/sources_1/imports/sources_1/imports/Project_Designs/RCA_Signed.vhd:24]
INFO: [Synth 8-3491] module 'FA' declared at 'C:/Users/danie/Desktop/Progetto_digitale_versioneDefinitiva/exam_prj_v2/exam_prj_v2.srcs/sources_1/imports/sources_1/imports/Project_Designs/FA.vhd:4' bound to instance 'FAINST' of component 'FA' [C:/Users/danie/Desktop/Progetto_digitale_versioneDefinitiva/exam_prj_v2/exam_prj_v2.srcs/sources_1/imports/sources_1/imports/Project_Designs/RCA_Signed.vhd:24]
INFO: [Synth 8-3491] module 'FA' declared at 'C:/Users/danie/Desktop/Progetto_digitale_versioneDefinitiva/exam_prj_v2/exam_prj_v2.srcs/sources_1/imports/sources_1/imports/Project_Designs/FA.vhd:4' bound to instance 'FAINST' of component 'FA' [C:/Users/danie/Desktop/Progetto_digitale_versioneDefinitiva/exam_prj_v2/exam_prj_v2.srcs/sources_1/imports/sources_1/imports/Project_Designs/RCA_Signed.vhd:24]
INFO: [Synth 8-3491] module 'FA' declared at 'C:/Users/danie/Desktop/Progetto_digitale_versioneDefinitiva/exam_prj_v2/exam_prj_v2.srcs/sources_1/imports/sources_1/imports/Project_Designs/FA.vhd:4' bound to instance 'FAINST' of component 'FA' [C:/Users/danie/Desktop/Progetto_digitale_versioneDefinitiva/exam_prj_v2/exam_prj_v2.srcs/sources_1/imports/sources_1/imports/Project_Designs/RCA_Signed.vhd:24]
INFO: [Synth 8-3491] module 'FA' declared at 'C:/Users/danie/Desktop/Progetto_digitale_versioneDefinitiva/exam_prj_v2/exam_prj_v2.srcs/sources_1/imports/sources_1/imports/Project_Designs/FA.vhd:4' bound to instance 'FAINST' of component 'FA' [C:/Users/danie/Desktop/Progetto_digitale_versioneDefinitiva/exam_prj_v2/exam_prj_v2.srcs/sources_1/imports/sources_1/imports/Project_Designs/RCA_Signed.vhd:24]
INFO: [Synth 8-3491] module 'FA' declared at 'C:/Users/danie/Desktop/Progetto_digitale_versioneDefinitiva/exam_prj_v2/exam_prj_v2.srcs/sources_1/imports/sources_1/imports/Project_Designs/FA.vhd:4' bound to instance 'FAINST' of component 'FA' [C:/Users/danie/Desktop/Progetto_digitale_versioneDefinitiva/exam_prj_v2/exam_prj_v2.srcs/sources_1/imports/sources_1/imports/Project_Designs/RCA_Signed.vhd:24]
INFO: [Synth 8-3491] module 'FA' declared at 'C:/Users/danie/Desktop/Progetto_digitale_versioneDefinitiva/exam_prj_v2/exam_prj_v2.srcs/sources_1/imports/sources_1/imports/Project_Designs/FA.vhd:4' bound to instance 'FAINST' of component 'FA' [C:/Users/danie/Desktop/Progetto_digitale_versioneDefinitiva/exam_prj_v2/exam_prj_v2.srcs/sources_1/imports/sources_1/imports/Project_Designs/RCA_Signed.vhd:24]
INFO: [Synth 8-3491] module 'FA' declared at 'C:/Users/danie/Desktop/Progetto_digitale_versioneDefinitiva/exam_prj_v2/exam_prj_v2.srcs/sources_1/imports/sources_1/imports/Project_Designs/FA.vhd:4' bound to instance 'FAINST' of component 'FA' [C:/Users/danie/Desktop/Progetto_digitale_versioneDefinitiva/exam_prj_v2/exam_prj_v2.srcs/sources_1/imports/sources_1/imports/Project_Designs/RCA_Signed.vhd:24]
INFO: [Synth 8-3491] module 'FA' declared at 'C:/Users/danie/Desktop/Progetto_digitale_versioneDefinitiva/exam_prj_v2/exam_prj_v2.srcs/sources_1/imports/sources_1/imports/Project_Designs/FA.vhd:4' bound to instance 'FAINST' of component 'FA' [C:/Users/danie/Desktop/Progetto_digitale_versioneDefinitiva/exam_prj_v2/exam_prj_v2.srcs/sources_1/imports/sources_1/imports/Project_Designs/RCA_Signed.vhd:24]
INFO: [Synth 8-3491] module 'FA' declared at 'C:/Users/danie/Desktop/Progetto_digitale_versioneDefinitiva/exam_prj_v2/exam_prj_v2.srcs/sources_1/imports/sources_1/imports/Project_Designs/FA.vhd:4' bound to instance 'FAINST' of component 'FA' [C:/Users/danie/Desktop/Progetto_digitale_versioneDefinitiva/exam_prj_v2/exam_prj_v2.srcs/sources_1/imports/sources_1/imports/Project_Designs/RCA_Signed.vhd:24]
INFO: [Synth 8-3491] module 'FA' declared at 'C:/Users/danie/Desktop/Progetto_digitale_versioneDefinitiva/exam_prj_v2/exam_prj_v2.srcs/sources_1/imports/sources_1/imports/Project_Designs/FA.vhd:4' bound to instance 'FAINST' of component 'FA' [C:/Users/danie/Desktop/Progetto_digitale_versioneDefinitiva/exam_prj_v2/exam_prj_v2.srcs/sources_1/imports/sources_1/imports/Project_Designs/RCA_Signed.vhd:24]
INFO: [Synth 8-3491] module 'FA' declared at 'C:/Users/danie/Desktop/Progetto_digitale_versioneDefinitiva/exam_prj_v2/exam_prj_v2.srcs/sources_1/imports/sources_1/imports/Project_Designs/FA.vhd:4' bound to instance 'FAINST' of component 'FA' [C:/Users/danie/Desktop/Progetto_digitale_versioneDefinitiva/exam_prj_v2/exam_prj_v2.srcs/sources_1/imports/sources_1/imports/Project_Designs/RCA_Signed.vhd:24]
INFO: [Synth 8-3491] module 'FA' declared at 'C:/Users/danie/Desktop/Progetto_digitale_versioneDefinitiva/exam_prj_v2/exam_prj_v2.srcs/sources_1/imports/sources_1/imports/Project_Designs/FA.vhd:4' bound to instance 'FAINST' of component 'FA' [C:/Users/danie/Desktop/Progetto_digitale_versioneDefinitiva/exam_prj_v2/exam_prj_v2.srcs/sources_1/imports/sources_1/imports/Project_Designs/RCA_Signed.vhd:24]
INFO: [Synth 8-3491] module 'FA' declared at 'C:/Users/danie/Desktop/Progetto_digitale_versioneDefinitiva/exam_prj_v2/exam_prj_v2.srcs/sources_1/imports/sources_1/imports/Project_Designs/FA.vhd:4' bound to instance 'FAINST' of component 'FA' [C:/Users/danie/Desktop/Progetto_digitale_versioneDefinitiva/exam_prj_v2/exam_prj_v2.srcs/sources_1/imports/sources_1/imports/Project_Designs/RCA_Signed.vhd:24]
INFO: [Synth 8-3491] module 'FA' declared at 'C:/Users/danie/Desktop/Progetto_digitale_versioneDefinitiva/exam_prj_v2/exam_prj_v2.srcs/sources_1/imports/sources_1/imports/Project_Designs/FA.vhd:4' bound to instance 'FAINST' of component 'FA' [C:/Users/danie/Desktop/Progetto_digitale_versioneDefinitiva/exam_prj_v2/exam_prj_v2.srcs/sources_1/imports/sources_1/imports/Project_Designs/RCA_Signed.vhd:24]
INFO: [Synth 8-3491] module 'FA' declared at 'C:/Users/danie/Desktop/Progetto_digitale_versioneDefinitiva/exam_prj_v2/exam_prj_v2.srcs/sources_1/imports/sources_1/imports/Project_Designs/FA.vhd:4' bound to instance 'FAINST' of component 'FA' [C:/Users/danie/Desktop/Progetto_digitale_versioneDefinitiva/exam_prj_v2/exam_prj_v2.srcs/sources_1/imports/sources_1/imports/Project_Designs/RCA_Signed.vhd:24]
INFO: [Synth 8-3491] module 'FA' declared at 'C:/Users/danie/Desktop/Progetto_digitale_versioneDefinitiva/exam_prj_v2/exam_prj_v2.srcs/sources_1/imports/sources_1/imports/Project_Designs/FA.vhd:4' bound to instance 'FAINST' of component 'FA' [C:/Users/danie/Desktop/Progetto_digitale_versioneDefinitiva/exam_prj_v2/exam_prj_v2.srcs/sources_1/imports/sources_1/imports/Project_Designs/RCA_Signed.vhd:24]
INFO: [Synth 8-3491] module 'FA' declared at 'C:/Users/danie/Desktop/Progetto_digitale_versioneDefinitiva/exam_prj_v2/exam_prj_v2.srcs/sources_1/imports/sources_1/imports/Project_Designs/FA.vhd:4' bound to instance 'FAINST' of component 'FA' [C:/Users/danie/Desktop/Progetto_digitale_versioneDefinitiva/exam_prj_v2/exam_prj_v2.srcs/sources_1/imports/sources_1/imports/Project_Designs/RCA_Signed.vhd:24]
INFO: [Synth 8-3491] module 'FA' declared at 'C:/Users/danie/Desktop/Progetto_digitale_versioneDefinitiva/exam_prj_v2/exam_prj_v2.srcs/sources_1/imports/sources_1/imports/Project_Designs/FA.vhd:4' bound to instance 'FAINST' of component 'FA' [C:/Users/danie/Desktop/Progetto_digitale_versioneDefinitiva/exam_prj_v2/exam_prj_v2.srcs/sources_1/imports/sources_1/imports/Project_Designs/RCA_Signed.vhd:24]
INFO: [Synth 8-3491] module 'FA' declared at 'C:/Users/danie/Desktop/Progetto_digitale_versioneDefinitiva/exam_prj_v2/exam_prj_v2.srcs/sources_1/imports/sources_1/imports/Project_Designs/FA.vhd:4' bound to instance 'SignFA' of component 'FA' [C:/Users/danie/Desktop/Progetto_digitale_versioneDefinitiva/exam_prj_v2/exam_prj_v2.srcs/sources_1/imports/sources_1/imports/Project_Designs/RCA_Signed.vhd:28]
INFO: [Synth 8-256] done synthesizing module 'RCA_Signed__parameterized1' (0#1) [C:/Users/danie/Desktop/Progetto_digitale_versioneDefinitiva/exam_prj_v2/exam_prj_v2.srcs/sources_1/imports/sources_1/imports/Project_Designs/RCA_Signed.vhd:12]
	Parameter N bound to: 19 - type: integer 
INFO: [Synth 8-3491] module 'RCA_Signed' declared at 'C:/Users/danie/Desktop/Progetto_digitale_versioneDefinitiva/exam_prj_v2/exam_prj_v2.srcs/sources_1/imports/sources_1/imports/Project_Designs/RCA_Signed.vhd:5' bound to instance 'RCA1_L0' of component 'RCA_Signed' [C:/Users/danie/Desktop/Progetto_digitale_versioneDefinitiva/exam_prj_v2/exam_prj_v2.srcs/sources_1/imports/sources_1/imports/Project_Designs/AdderTree4Signed.vhd:28]
	Parameter N bound to: 20 - type: integer 
INFO: [Synth 8-3491] module 'RCA_Signed' declared at 'C:/Users/danie/Desktop/Progetto_digitale_versioneDefinitiva/exam_prj_v2/exam_prj_v2.srcs/sources_1/imports/sources_1/imports/Project_Designs/RCA_Signed.vhd:5' bound to instance 'RCA0_L1' of component 'RCA_Signed' [C:/Users/danie/Desktop/Progetto_digitale_versioneDefinitiva/exam_prj_v2/exam_prj_v2.srcs/sources_1/imports/sources_1/imports/Project_Designs/AdderTree4Signed.vhd:29]
INFO: [Synth 8-638] synthesizing module 'RCA_Signed__parameterized3' [C:/Users/danie/Desktop/Progetto_digitale_versioneDefinitiva/exam_prj_v2/exam_prj_v2.srcs/sources_1/imports/sources_1/imports/Project_Designs/RCA_Signed.vhd:12]
	Parameter N bound to: 20 - type: integer 
INFO: [Synth 8-3491] module 'FA' declared at 'C:/Users/danie/Desktop/Progetto_digitale_versioneDefinitiva/exam_prj_v2/exam_prj_v2.srcs/sources_1/imports/sources_1/imports/Project_Designs/FA.vhd:4' bound to instance 'FAINST' of component 'FA' [C:/Users/danie/Desktop/Progetto_digitale_versioneDefinitiva/exam_prj_v2/exam_prj_v2.srcs/sources_1/imports/sources_1/imports/Project_Designs/RCA_Signed.vhd:24]
INFO: [Synth 8-3491] module 'FA' declared at 'C:/Users/danie/Desktop/Progetto_digitale_versioneDefinitiva/exam_prj_v2/exam_prj_v2.srcs/sources_1/imports/sources_1/imports/Project_Designs/FA.vhd:4' bound to instance 'FAINST' of component 'FA' [C:/Users/danie/Desktop/Progetto_digitale_versioneDefinitiva/exam_prj_v2/exam_prj_v2.srcs/sources_1/imports/sources_1/imports/Project_Designs/RCA_Signed.vhd:24]
INFO: [Synth 8-3491] module 'FA' declared at 'C:/Users/danie/Desktop/Progetto_digitale_versioneDefinitiva/exam_prj_v2/exam_prj_v2.srcs/sources_1/imports/sources_1/imports/Project_Designs/FA.vhd:4' bound to instance 'FAINST' of component 'FA' [C:/Users/danie/Desktop/Progetto_digitale_versioneDefinitiva/exam_prj_v2/exam_prj_v2.srcs/sources_1/imports/sources_1/imports/Project_Designs/RCA_Signed.vhd:24]
INFO: [Synth 8-3491] module 'FA' declared at 'C:/Users/danie/Desktop/Progetto_digitale_versioneDefinitiva/exam_prj_v2/exam_prj_v2.srcs/sources_1/imports/sources_1/imports/Project_Designs/FA.vhd:4' bound to instance 'FAINST' of component 'FA' [C:/Users/danie/Desktop/Progetto_digitale_versioneDefinitiva/exam_prj_v2/exam_prj_v2.srcs/sources_1/imports/sources_1/imports/Project_Designs/RCA_Signed.vhd:24]
INFO: [Synth 8-3491] module 'FA' declared at 'C:/Users/danie/Desktop/Progetto_digitale_versioneDefinitiva/exam_prj_v2/exam_prj_v2.srcs/sources_1/imports/sources_1/imports/Project_Designs/FA.vhd:4' bound to instance 'FAINST' of component 'FA' [C:/Users/danie/Desktop/Progetto_digitale_versioneDefinitiva/exam_prj_v2/exam_prj_v2.srcs/sources_1/imports/sources_1/imports/Project_Designs/RCA_Signed.vhd:24]
INFO: [Synth 8-3491] module 'FA' declared at 'C:/Users/danie/Desktop/Progetto_digitale_versioneDefinitiva/exam_prj_v2/exam_prj_v2.srcs/sources_1/imports/sources_1/imports/Project_Designs/FA.vhd:4' bound to instance 'FAINST' of component 'FA' [C:/Users/danie/Desktop/Progetto_digitale_versioneDefinitiva/exam_prj_v2/exam_prj_v2.srcs/sources_1/imports/sources_1/imports/Project_Designs/RCA_Signed.vhd:24]
INFO: [Synth 8-3491] module 'FA' declared at 'C:/Users/danie/Desktop/Progetto_digitale_versioneDefinitiva/exam_prj_v2/exam_prj_v2.srcs/sources_1/imports/sources_1/imports/Project_Designs/FA.vhd:4' bound to instance 'FAINST' of component 'FA' [C:/Users/danie/Desktop/Progetto_digitale_versioneDefinitiva/exam_prj_v2/exam_prj_v2.srcs/sources_1/imports/sources_1/imports/Project_Designs/RCA_Signed.vhd:24]
INFO: [Synth 8-3491] module 'FA' declared at 'C:/Users/danie/Desktop/Progetto_digitale_versioneDefinitiva/exam_prj_v2/exam_prj_v2.srcs/sources_1/imports/sources_1/imports/Project_Designs/FA.vhd:4' bound to instance 'FAINST' of component 'FA' [C:/Users/danie/Desktop/Progetto_digitale_versioneDefinitiva/exam_prj_v2/exam_prj_v2.srcs/sources_1/imports/sources_1/imports/Project_Designs/RCA_Signed.vhd:24]
INFO: [Synth 8-3491] module 'FA' declared at 'C:/Users/danie/Desktop/Progetto_digitale_versioneDefinitiva/exam_prj_v2/exam_prj_v2.srcs/sources_1/imports/sources_1/imports/Project_Designs/FA.vhd:4' bound to instance 'FAINST' of component 'FA' [C:/Users/danie/Desktop/Progetto_digitale_versioneDefinitiva/exam_prj_v2/exam_prj_v2.srcs/sources_1/imports/sources_1/imports/Project_Designs/RCA_Signed.vhd:24]
INFO: [Synth 8-3491] module 'FA' declared at 'C:/Users/danie/Desktop/Progetto_digitale_versioneDefinitiva/exam_prj_v2/exam_prj_v2.srcs/sources_1/imports/sources_1/imports/Project_Designs/FA.vhd:4' bound to instance 'FAINST' of component 'FA' [C:/Users/danie/Desktop/Progetto_digitale_versioneDefinitiva/exam_prj_v2/exam_prj_v2.srcs/sources_1/imports/sources_1/imports/Project_Designs/RCA_Signed.vhd:24]
INFO: [Synth 8-3491] module 'FA' declared at 'C:/Users/danie/Desktop/Progetto_digitale_versioneDefinitiva/exam_prj_v2/exam_prj_v2.srcs/sources_1/imports/sources_1/imports/Project_Designs/FA.vhd:4' bound to instance 'FAINST' of component 'FA' [C:/Users/danie/Desktop/Progetto_digitale_versioneDefinitiva/exam_prj_v2/exam_prj_v2.srcs/sources_1/imports/sources_1/imports/Project_Designs/RCA_Signed.vhd:24]
INFO: [Synth 8-3491] module 'FA' declared at 'C:/Users/danie/Desktop/Progetto_digitale_versioneDefinitiva/exam_prj_v2/exam_prj_v2.srcs/sources_1/imports/sources_1/imports/Project_Designs/FA.vhd:4' bound to instance 'FAINST' of component 'FA' [C:/Users/danie/Desktop/Progetto_digitale_versioneDefinitiva/exam_prj_v2/exam_prj_v2.srcs/sources_1/imports/sources_1/imports/Project_Designs/RCA_Signed.vhd:24]
INFO: [Synth 8-3491] module 'FA' declared at 'C:/Users/danie/Desktop/Progetto_digitale_versioneDefinitiva/exam_prj_v2/exam_prj_v2.srcs/sources_1/imports/sources_1/imports/Project_Designs/FA.vhd:4' bound to instance 'FAINST' of component 'FA' [C:/Users/danie/Desktop/Progetto_digitale_versioneDefinitiva/exam_prj_v2/exam_prj_v2.srcs/sources_1/imports/sources_1/imports/Project_Designs/RCA_Signed.vhd:24]
INFO: [Synth 8-3491] module 'FA' declared at 'C:/Users/danie/Desktop/Progetto_digitale_versioneDefinitiva/exam_prj_v2/exam_prj_v2.srcs/sources_1/imports/sources_1/imports/Project_Designs/FA.vhd:4' bound to instance 'FAINST' of component 'FA' [C:/Users/danie/Desktop/Progetto_digitale_versioneDefinitiva/exam_prj_v2/exam_prj_v2.srcs/sources_1/imports/sources_1/imports/Project_Designs/RCA_Signed.vhd:24]
INFO: [Synth 8-3491] module 'FA' declared at 'C:/Users/danie/Desktop/Progetto_digitale_versioneDefinitiva/exam_prj_v2/exam_prj_v2.srcs/sources_1/imports/sources_1/imports/Project_Designs/FA.vhd:4' bound to instance 'FAINST' of component 'FA' [C:/Users/danie/Desktop/Progetto_digitale_versioneDefinitiva/exam_prj_v2/exam_prj_v2.srcs/sources_1/imports/sources_1/imports/Project_Designs/RCA_Signed.vhd:24]
INFO: [Synth 8-3491] module 'FA' declared at 'C:/Users/danie/Desktop/Progetto_digitale_versioneDefinitiva/exam_prj_v2/exam_prj_v2.srcs/sources_1/imports/sources_1/imports/Project_Designs/FA.vhd:4' bound to instance 'FAINST' of component 'FA' [C:/Users/danie/Desktop/Progetto_digitale_versioneDefinitiva/exam_prj_v2/exam_prj_v2.srcs/sources_1/imports/sources_1/imports/Project_Designs/RCA_Signed.vhd:24]
INFO: [Synth 8-3491] module 'FA' declared at 'C:/Users/danie/Desktop/Progetto_digitale_versioneDefinitiva/exam_prj_v2/exam_prj_v2.srcs/sources_1/imports/sources_1/imports/Project_Designs/FA.vhd:4' bound to instance 'FAINST' of component 'FA' [C:/Users/danie/Desktop/Progetto_digitale_versioneDefinitiva/exam_prj_v2/exam_prj_v2.srcs/sources_1/imports/sources_1/imports/Project_Designs/RCA_Signed.vhd:24]
INFO: [Synth 8-3491] module 'FA' declared at 'C:/Users/danie/Desktop/Progetto_digitale_versioneDefinitiva/exam_prj_v2/exam_prj_v2.srcs/sources_1/imports/sources_1/imports/Project_Designs/FA.vhd:4' bound to instance 'FAINST' of component 'FA' [C:/Users/danie/Desktop/Progetto_digitale_versioneDefinitiva/exam_prj_v2/exam_prj_v2.srcs/sources_1/imports/sources_1/imports/Project_Designs/RCA_Signed.vhd:24]
INFO: [Synth 8-3491] module 'FA' declared at 'C:/Users/danie/Desktop/Progetto_digitale_versioneDefinitiva/exam_prj_v2/exam_prj_v2.srcs/sources_1/imports/sources_1/imports/Project_Designs/FA.vhd:4' bound to instance 'FAINST' of component 'FA' [C:/Users/danie/Desktop/Progetto_digitale_versioneDefinitiva/exam_prj_v2/exam_prj_v2.srcs/sources_1/imports/sources_1/imports/Project_Designs/RCA_Signed.vhd:24]
INFO: [Synth 8-3491] module 'FA' declared at 'C:/Users/danie/Desktop/Progetto_digitale_versioneDefinitiva/exam_prj_v2/exam_prj_v2.srcs/sources_1/imports/sources_1/imports/Project_Designs/FA.vhd:4' bound to instance 'FAINST' of component 'FA' [C:/Users/danie/Desktop/Progetto_digitale_versioneDefinitiva/exam_prj_v2/exam_prj_v2.srcs/sources_1/imports/sources_1/imports/Project_Designs/RCA_Signed.vhd:24]
INFO: [Synth 8-3491] module 'FA' declared at 'C:/Users/danie/Desktop/Progetto_digitale_versioneDefinitiva/exam_prj_v2/exam_prj_v2.srcs/sources_1/imports/sources_1/imports/Project_Designs/FA.vhd:4' bound to instance 'SignFA' of component 'FA' [C:/Users/danie/Desktop/Progetto_digitale_versioneDefinitiva/exam_prj_v2/exam_prj_v2.srcs/sources_1/imports/sources_1/imports/Project_Designs/RCA_Signed.vhd:28]
INFO: [Synth 8-256] done synthesizing module 'RCA_Signed__parameterized3' (0#1) [C:/Users/danie/Desktop/Progetto_digitale_versioneDefinitiva/exam_prj_v2/exam_prj_v2.srcs/sources_1/imports/sources_1/imports/Project_Designs/RCA_Signed.vhd:12]
INFO: [Synth 8-256] done synthesizing module 'Adder_Tree_4_Signed' (0#1) [C:/Users/danie/Desktop/Progetto_digitale_versioneDefinitiva/exam_prj_v2/exam_prj_v2.srcs/sources_1/imports/sources_1/imports/Project_Designs/AdderTree4Signed.vhd:12]
INFO: [Synth 8-256] done synthesizing module 'Moltiplicatore' (0#1) [C:/Users/danie/Desktop/Progetto_digitale_versioneDefinitiva/exam_prj_v2/exam_prj_v2.srcs/sources_1/imports/sources_1/imports/Project_Designs/Moltiplicatore.vhd:13]
INFO: [Synth 8-3491] module 'Moltiplicatore' declared at 'C:/Users/danie/Desktop/Progetto_digitale_versioneDefinitiva/exam_prj_v2/exam_prj_v2.srcs/sources_1/imports/sources_1/imports/Project_Designs/Moltiplicatore.vhd:5' bound to instance 'Multi_Central' of component 'Moltiplicatore' [C:/Users/danie/Desktop/Progetto_digitale_versioneDefinitiva/exam_prj_v2/exam_prj_v2.srcs/sources_1/imports/new/convolutore.vhd:88]
INFO: [Synth 8-3491] module 'Moltiplicatore' declared at 'C:/Users/danie/Desktop/Progetto_digitale_versioneDefinitiva/exam_prj_v2/exam_prj_v2.srcs/sources_1/imports/sources_1/imports/Project_Designs/Moltiplicatore.vhd:5' bound to instance 'Multi_Lateral' of component 'Moltiplicatore' [C:/Users/danie/Desktop/Progetto_digitale_versioneDefinitiva/exam_prj_v2/exam_prj_v2.srcs/sources_1/imports/new/convolutore.vhd:89]
	Parameter N bound to: 21 - type: integer 
INFO: [Synth 8-3491] module 'Adder_Tree_3' declared at 'C:/Users/danie/Desktop/Progetto_digitale_versioneDefinitiva/exam_prj_v2/exam_prj_v2.srcs/sources_1/imports/sources_1/imports/sources_1/imports/Project_Designs/AdderTreeFinal.vhd:5' bound to instance 'Adder_Tree_Final' of component 'Adder_Tree_3' [C:/Users/danie/Desktop/Progetto_digitale_versioneDefinitiva/exam_prj_v2/exam_prj_v2.srcs/sources_1/imports/new/convolutore.vhd:91]
INFO: [Synth 8-638] synthesizing module 'Adder_Tree_3' [C:/Users/danie/Desktop/Progetto_digitale_versioneDefinitiva/exam_prj_v2/exam_prj_v2.srcs/sources_1/imports/sources_1/imports/sources_1/imports/Project_Designs/AdderTreeFinal.vhd:12]
	Parameter N bound to: 21 - type: integer 
	Parameter N bound to: 21 - type: integer 
INFO: [Synth 8-3491] module 'RCA_Signed' declared at 'C:/Users/danie/Desktop/Progetto_digitale_versioneDefinitiva/exam_prj_v2/exam_prj_v2.srcs/sources_1/imports/sources_1/imports/Project_Designs/RCA_Signed.vhd:5' bound to instance 'RCA0_L0' of component 'RCA_Signed' [C:/Users/danie/Desktop/Progetto_digitale_versioneDefinitiva/exam_prj_v2/exam_prj_v2.srcs/sources_1/imports/sources_1/imports/sources_1/imports/Project_Designs/AdderTreeFinal.vhd:27]
INFO: [Synth 8-638] synthesizing module 'RCA_Signed__parameterized5' [C:/Users/danie/Desktop/Progetto_digitale_versioneDefinitiva/exam_prj_v2/exam_prj_v2.srcs/sources_1/imports/sources_1/imports/Project_Designs/RCA_Signed.vhd:12]
	Parameter N bound to: 21 - type: integer 
INFO: [Synth 8-3491] module 'FA' declared at 'C:/Users/danie/Desktop/Progetto_digitale_versioneDefinitiva/exam_prj_v2/exam_prj_v2.srcs/sources_1/imports/sources_1/imports/Project_Designs/FA.vhd:4' bound to instance 'FAINST' of component 'FA' [C:/Users/danie/Desktop/Progetto_digitale_versioneDefinitiva/exam_prj_v2/exam_prj_v2.srcs/sources_1/imports/sources_1/imports/Project_Designs/RCA_Signed.vhd:24]
INFO: [Synth 8-3491] module 'FA' declared at 'C:/Users/danie/Desktop/Progetto_digitale_versioneDefinitiva/exam_prj_v2/exam_prj_v2.srcs/sources_1/imports/sources_1/imports/Project_Designs/FA.vhd:4' bound to instance 'FAINST' of component 'FA' [C:/Users/danie/Desktop/Progetto_digitale_versioneDefinitiva/exam_prj_v2/exam_prj_v2.srcs/sources_1/imports/sources_1/imports/Project_Designs/RCA_Signed.vhd:24]
INFO: [Synth 8-3491] module 'FA' declared at 'C:/Users/danie/Desktop/Progetto_digitale_versioneDefinitiva/exam_prj_v2/exam_prj_v2.srcs/sources_1/imports/sources_1/imports/Project_Designs/FA.vhd:4' bound to instance 'FAINST' of component 'FA' [C:/Users/danie/Desktop/Progetto_digitale_versioneDefinitiva/exam_prj_v2/exam_prj_v2.srcs/sources_1/imports/sources_1/imports/Project_Designs/RCA_Signed.vhd:24]
INFO: [Common 17-14] Message 'Synth 8-3491' appears 100 times and further instances of the messages will be disabled. Use the Tcl command set_msg_config to change the current settings.
INFO: [Synth 8-256] done synthesizing module 'RCA_Signed__parameterized5' (0#1) [C:/Users/danie/Desktop/Progetto_digitale_versioneDefinitiva/exam_prj_v2/exam_prj_v2.srcs/sources_1/imports/sources_1/imports/Project_Designs/RCA_Signed.vhd:12]
	Parameter N bound to: 22 - type: integer 
INFO: [Synth 8-638] synthesizing module 'RCA_Signed__parameterized7' [C:/Users/danie/Desktop/Progetto_digitale_versioneDefinitiva/exam_prj_v2/exam_prj_v2.srcs/sources_1/imports/sources_1/imports/Project_Designs/RCA_Signed.vhd:12]
	Parameter N bound to: 22 - type: integer 
INFO: [Synth 8-256] done synthesizing module 'RCA_Signed__parameterized7' (0#1) [C:/Users/danie/Desktop/Progetto_digitale_versioneDefinitiva/exam_prj_v2/exam_prj_v2.srcs/sources_1/imports/sources_1/imports/Project_Designs/RCA_Signed.vhd:12]
INFO: [Synth 8-256] done synthesizing module 'Adder_Tree_3' (0#1) [C:/Users/danie/Desktop/Progetto_digitale_versioneDefinitiva/exam_prj_v2/exam_prj_v2.srcs/sources_1/imports/sources_1/imports/sources_1/imports/Project_Designs/AdderTreeFinal.vhd:12]
INFO: [Synth 8-256] done synthesizing module 'Convolutore' (0#1) [C:/Users/danie/Desktop/Progetto_digitale_versioneDefinitiva/exam_prj_v2/exam_prj_v2.srcs/sources_1/imports/new/convolutore.vhd:14]
INFO: [Synth 8-638] synthesizing module 'new_counter' [C:/Users/danie/Desktop/Progetto_digitale_versioneDefinitiva/exam_prj_v2/exam_prj_v2.srcs/sources_1/imports/sources_1/new/new_counter.vhd:17]
INFO: [Synth 8-256] done synthesizing module 'new_counter' (0#1) [C:/Users/danie/Desktop/Progetto_digitale_versioneDefinitiva/exam_prj_v2/exam_prj_v2.srcs/sources_1/imports/sources_1/new/new_counter.vhd:17]
INFO: [Synth 8-638] synthesizing module 'FSM' [C:/Users/danie/Desktop/Progetto_digitale_versioneDefinitiva/exam_prj_v2/exam_prj_v2.srcs/sources_1/imports/sources_1/new/FSM.vhd:16]
INFO: [Synth 8-256] done synthesizing module 'FSM' (0#1) [C:/Users/danie/Desktop/Progetto_digitale_versioneDefinitiva/exam_prj_v2/exam_prj_v2.srcs/sources_1/imports/sources_1/new/FSM.vhd:16]
INFO: [Synth 8-256] done synthesizing module 'Top' (0#1) [C:/Users/danie/Desktop/Progetto_digitale_versioneDefinitiva/exam_prj_v2/exam_prj_v2.srcs/sources_1/imports/sources_1/new/Top.vhd:16]
WARNING: [Synth 8-3848] Net Mux_others in module/entity Moltiplicatore does not have driver. [C:/Users/danie/Desktop/Progetto_digitale_versioneDefinitiva/exam_prj_v2/exam_prj_v2.srcs/sources_1/imports/sources_1/imports/Project_Designs/Moltiplicatore.vhd:47]
---------------------------------------------------------------------------------
Finished RTL Elaboration : Time (s): cpu = 00:00:08 ; elapsed = 00:00:08 . Memory (MB): peak = 1928.191 ; gain = 334.305
---------------------------------------------------------------------------------
---------------------------------------------------------------------------------
Start Handling Custom Attributes
---------------------------------------------------------------------------------
---------------------------------------------------------------------------------
Finished Handling Custom Attributes : Time (s): cpu = 00:00:08 ; elapsed = 00:00:08 . Memory (MB): peak = 1928.191 ; gain = 334.305
---------------------------------------------------------------------------------
---------------------------------------------------------------------------------
Finished RTL Optimization Phase 1 : Time (s): cpu = 00:00:08 ; elapsed = 00:00:08 . Memory (MB): peak = 1928.191 ; gain = 334.305
---------------------------------------------------------------------------------
Netlist sorting complete. Time (s): cpu = 00:00:00 ; elapsed = 00:00:00.032 . Memory (MB): peak = 1928.191 ; gain = 0.000
INFO: [Project 1-570] Preparing netlist for logic optimization

Processing XDC Constraints
Initializing timing engine
Completed Processing XDC Constraints

Netlist sorting complete. Time (s): cpu = 00:00:00 ; elapsed = 00:00:00.002 . Memory (MB): peak = 2003.980 ; gain = 0.000
INFO: [Project 1-111] Unisim Transformation Summary:
No Unisim elements were transformed.

RTL Elaboration Complete:  : Time (s): cpu = 00:00:19 ; elapsed = 00:00:13 . Memory (MB): peak = 2078.543 ; gain = 484.656
146 Infos, 1 Warnings, 0 Critical Warnings and 0 Errors encountered.
synth_design completed successfully
synth_design: Time (s): cpu = 00:00:23 ; elapsed = 00:00:18 . Memory (MB): peak = 2078.543 ; gain = 484.656
launch_simulation
Command: launch_simulation 
INFO: [Vivado 12-12493] Simulation top is 'TB_Top'
WARNING: [Vivado 12-13340] Unable to auto find GCC executables from simulator install path! (path not set)
WARNING: [Vivado 12-13277] Compiled library path does not exist: ''
INFO: [Vivado 12-5682] Launching behavioral simulation in 'C:/Users/danie/Desktop/Progetto_digitale_versioneDefinitiva/exam_prj_v2/exam_prj_v2.sim/sim_1/behav/xsim'
INFO: [SIM-utils-51] Simulation object is 'sim_1'
INFO: [SIM-utils-72] Using boost library from 'C:/Xilinx/Vivado/2022.1/tps/boost_1_72_0'
INFO: [SIM-utils-54] Inspecting design source files for 'TB_Top' in fileset 'sim_1'...
INFO: [USF-XSim-97] Finding global include files...
INFO: [USF-XSim-98] Fetching design files from 'sim_1'...
INFO: [USF-XSim-2] XSim::Compile design
INFO: [USF-XSim-61] Executing 'COMPILE and ANALYZE' step in 'C:/Users/danie/Desktop/Progetto_digitale_versioneDefinitiva/exam_prj_v2/exam_prj_v2.sim/sim_1/behav/xsim'
"xvhdl --incr --relax -prj TB_Top_vhdl.prj"
INFO: [VRFC 10-163] Analyzing VHDL file "C:/Users/danie/Desktop/Progetto_digitale_versioneDefinitiva/exam_prj_v2/exam_prj_v2.srcs/sources_1/imports/sources_1/imports/Project_Designs/AdderTree4.vhd" into library xil_defaultlib
INFO: [VRFC 10-3107] analyzing entity 'Adder_Tree_4'
INFO: [VRFC 10-163] Analyzing VHDL file "C:/Users/danie/Desktop/Progetto_digitale_versioneDefinitiva/exam_prj_v2/exam_prj_v2.srcs/sources_1/imports/sources_1/imports/Project_Designs/AdderTree4Signed.vhd" into library xil_defaultlib
INFO: [VRFC 10-3107] analyzing entity 'Adder_Tree_4_Signed'
INFO: [VRFC 10-163] Analyzing VHDL file "C:/Users/danie/Desktop/Progetto_digitale_versioneDefinitiva/exam_prj_v2/exam_prj_v2.srcs/sources_1/imports/sources_1/imports/sources_1/imports/Project_Designs/AdderTreeFinal.vhd" into library xil_defaultlib
INFO: [VRFC 10-3107] analyzing entity 'Adder_Tree_3'
INFO: [VRFC 10-163] Analyzing VHDL file "C:/Users/danie/Desktop/Progetto_digitale_versioneDefinitiva/exam_prj_v2/exam_prj_v2.srcs/sources_1/imports/sources_1/imports/Project_Designs/Booth.vhd" into library xil_defaultlib
INFO: [VRFC 10-3107] analyzing entity 'Booth'
INFO: [VRFC 10-163] Analyzing VHDL file "C:/Users/danie/Desktop/Progetto_digitale_versioneDefinitiva/exam_prj_v2/exam_prj_v2.srcs/sources_1/imports/sources_1/imports/Project_Designs/BufferLine.vhd" into library xil_defaultlib
INFO: [VRFC 10-3107] analyzing entity 'BufferLine'
INFO: [VRFC 10-163] Analyzing VHDL file "C:/Users/danie/Desktop/Progetto_digitale_versioneDefinitiva/exam_prj_v2/exam_prj_v2.srcs/sources_1/imports/sources_1/imports/Project_Designs/FA.vhd" into library xil_defaultlib
INFO: [VRFC 10-3107] analyzing entity 'FA'
INFO: [VRFC 10-163] Analyzing VHDL file "C:/Users/danie/Desktop/Progetto_digitale_versioneDefinitiva/exam_prj_v2/exam_prj_v2.srcs/sources_1/imports/sources_1/new/FSM.vhd" into library xil_defaultlib
INFO: [VRFC 10-3107] analyzing entity 'FSM'
INFO: [VRFC 10-163] Analyzing VHDL file "C:/Users/danie/Desktop/Progetto_digitale_versioneDefinitiva/exam_prj_v2/exam_prj_v2.srcs/sources_1/imports/sources_1/imports/Project_Designs/Moltiplicatore.vhd" into library xil_defaultlib
INFO: [VRFC 10-3107] analyzing entity 'Moltiplicatore'
INFO: [VRFC 10-163] Analyzing VHDL file "C:/Users/danie/Desktop/Progetto_digitale_versioneDefinitiva/exam_prj_v2/exam_prj_v2.srcs/sources_1/imports/sources_1/imports/Project_Designs/Mux5.vhd" into library xil_defaultlib
INFO: [VRFC 10-3107] analyzing entity 'Mux_5'
INFO: [VRFC 10-163] Analyzing VHDL file "C:/Users/danie/Desktop/Progetto_digitale_versioneDefinitiva/exam_prj_v2/exam_prj_v2.srcs/sources_1/imports/sources_1/imports/Project_Designs/PartialSum.vhd" into library xil_defaultlib
INFO: [VRFC 10-3107] analyzing entity 'Partial_Sum'
INFO: [VRFC 10-163] Analyzing VHDL file "C:/Users/danie/Desktop/Progetto_digitale_versioneDefinitiva/exam_prj_v2/exam_prj_v2.srcs/sources_1/imports/sources_1/imports/Project_Designs/RCA.vhd" into library xil_defaultlib
INFO: [VRFC 10-3107] analyzing entity 'RCA'
INFO: [VRFC 10-163] Analyzing VHDL file "C:/Users/danie/Desktop/Progetto_digitale_versioneDefinitiva/exam_prj_v2/exam_prj_v2.srcs/sources_1/imports/sources_1/imports/Project_Designs/RCA_Signed.vhd" into library xil_defaultlib
INFO: [VRFC 10-3107] analyzing entity 'RCA_Signed'
INFO: [VRFC 10-163] Analyzing VHDL file "C:/Users/danie/Desktop/Progetto_digitale_versioneDefinitiva/exam_prj_v2/exam_prj_v2.srcs/sources_1/imports/sources_1/imports/Project_Designs/ShiftReg3.vhd" into library xil_defaultlib
INFO: [VRFC 10-3107] analyzing entity 'shift_register'
INFO: [VRFC 10-163] Analyzing VHDL file "C:/Users/danie/Desktop/Progetto_digitale_versioneDefinitiva/exam_prj_v2/exam_prj_v2.srcs/sources_1/imports/sources_1/new/Top.vhd" into library xil_defaultlib
INFO: [VRFC 10-3107] analyzing entity 'Top'
INFO: [VRFC 10-163] Analyzing VHDL file "C:/Users/danie/Desktop/Progetto_digitale_versioneDefinitiva/exam_prj_v2/exam_prj_v2.srcs/sources_1/imports/new/convolutore.vhd" into library xil_defaultlib
INFO: [VRFC 10-3107] analyzing entity 'Convolutore'
INFO: [VRFC 10-163] Analyzing VHDL file "C:/Users/danie/Desktop/Progetto_digitale_versioneDefinitiva/exam_prj_v2/exam_prj_v2.srcs/sources_1/imports/sources_1/new/new_counter.vhd" into library xil_defaultlib
INFO: [VRFC 10-3107] analyzing entity 'new_counter'
INFO: [VRFC 10-163] Analyzing VHDL file "C:/Users/danie/Desktop/Progetto_digitale_versioneDefinitiva/exam_prj_v2/exam_prj_v2.srcs/sim_1/imports/new/TB_TOP.vhd" into library xil_defaultlib
INFO: [VRFC 10-3107] analyzing entity 'TB_Top'
INFO: [USF-XSim-69] 'compile' step finished in '5' seconds
INFO: [USF-XSim-3] XSim::Elaborate design
INFO: [USF-XSim-61] Executing 'ELABORATE' step in 'C:/Users/danie/Desktop/Progetto_digitale_versioneDefinitiva/exam_prj_v2/exam_prj_v2.sim/sim_1/behav/xsim'
"xelab --incr --debug typical --relax --mt 2 -L xil_defaultlib -L secureip --snapshot TB_Top_behav xil_defaultlib.TB_Top -log elaborate.log"
Vivado Simulator v2022.1
Copyright 1986-1999, 2001-2022 Xilinx, Inc. All Rights Reserved.
Running: C:/Xilinx/Vivado/2022.1/bin/unwrapped/win64.o/xelab.exe --incr --debug typical --relax --mt 2 -L xil_defaultlib -L secureip --snapshot TB_Top_behav xil_defaultlib.TB_Top -log elaborate.log 
Using 2 slave threads.
Starting static elaboration
Completed static elaboration
Starting simulation data flow analysis
Completed simulation data flow analysis
Time Resolution for simulation is 1ps
Compiling package std.standard
Compiling package std.textio
Compiling package ieee.std_logic_1164
Compiling package ieee.numeric_std
Compiling package ieee.std_logic_arith
Compiling package ieee.std_logic_unsigned
Compiling architecture behavioral of entity xil_defaultlib.BufferLine [bufferline_default]
Compiling architecture behavioral of entity xil_defaultlib.FA [fa_default]
Compiling architecture behavioral of entity xil_defaultlib.RCA [\RCA(n=8)\]
Compiling architecture behavioral of entity xil_defaultlib.RCA [\RCA(n=9)\]
Compiling architecture behavioral of entity xil_defaultlib.Adder_Tree_4 [adder_tree_4_default]
Compiling architecture behavioral of entity xil_defaultlib.shift_register [shift_register_default]
Compiling architecture behavioral of entity xil_defaultlib.Booth [booth_default]
Compiling architecture behavioral of entity xil_defaultlib.RCA_Signed [\RCA_Signed(n=11)\]
Compiling architecture behavioral of entity xil_defaultlib.Partial_Sum [partial_sum_default]
Compiling architecture behavioral of entity xil_defaultlib.Mux_5 [mux_5_default]
Compiling architecture behavioral of entity xil_defaultlib.RCA_Signed [\RCA_Signed(n=19)\]
Compiling architecture behavioral of entity xil_defaultlib.RCA_Signed [\RCA_Signed(n=20)\]
Compiling architecture behavioral of entity xil_defaultlib.Adder_Tree_4_Signed [adder_tree_4_signed_default]
Compiling architecture behavioral of entity xil_defaultlib.Moltiplicatore [moltiplicatore_default]
Compiling architecture behavioral of entity xil_defaultlib.RCA_Signed [\RCA_Signed(n=21)\]
Compiling architecture behavioral of entity xil_defaultlib.RCA_Signed [\RCA_Signed(n=22)\]
Compiling architecture behavioral of entity xil_defaultlib.Adder_Tree_3 [adder_tree_3_default]
Compiling architecture behavioral of entity xil_defaultlib.Convolutore [convolutore_default]
Compiling architecture behavioral of entity xil_defaultlib.new_counter [new_counter_default]
Compiling architecture behavioral of entity xil_defaultlib.FSM [fsm_default]
Compiling architecture behavioral of entity xil_defaultlib.Top [top_default]
Compiling architecture behavioral of entity xil_defaultlib.tb_top
Built simulation snapshot TB_Top_behav
run_program: Time (s): cpu = 00:00:01 ; elapsed = 00:00:07 . Memory (MB): peak = 2096.293 ; gain = 0.000
INFO: [USF-XSim-69] 'elaborate' step finished in '7' seconds
INFO: [USF-XSim-4] XSim::Simulate design
INFO: [USF-XSim-61] Executing 'SIMULATE' step in 'C:/Users/danie/Desktop/Progetto_digitale_versioneDefinitiva/exam_prj_v2/exam_prj_v2.sim/sim_1/behav/xsim'
INFO: [USF-XSim-98] *** Running xsim
   with args "TB_Top_behav -key {Behavioral:sim_1:Functional:TB_Top} -tclbatch {TB_Top.tcl} -log {simulate.log}"
INFO: [USF-XSim-8] Loading simulator feature
Time resolution is 1 ps
source TB_Top.tcl
# set curr_wave [current_wave_config]
# if { [string length $curr_wave] == 0 } {
#   if { [llength [get_objects]] > 0} {
#     add_wave /
#     set_property needs_save false [current_wave_config]
#   } else {
#      send_msg_id Add_Wave-1 WARNING "No top level signals found. Simulator will start without a wave window. If you want to open a wave window go to 'File->New Waveform Configuration' or type 'create_wave_config' in the TCL console."
#   }
# }
# run 1000ns
INFO: [USF-XSim-96] XSim completed. Design snapshot 'TB_Top_behav' loaded.
INFO: [USF-XSim-97] XSim simulation ran for 1000ns
launch_simulation: Time (s): cpu = 00:00:09 ; elapsed = 00:00:16 . Memory (MB): peak = 2128.570 ; gain = 32.277
launch_runs impl_1 -jobs 4
[Tue Jun 17 16:06:21 2025] Launched synth_1...
Run output will be captured here: C:/Users/danie/Desktop/Progetto_digitale_versioneDefinitiva/exam_prj_v2/exam_prj_v2.runs/synth_1/runme.log
[Tue Jun 17 16:06:21 2025] Launched impl_1...
Run output will be captured here: C:/Users/danie/Desktop/Progetto_digitale_versioneDefinitiva/exam_prj_v2/exam_prj_v2.runs/impl_1/runme.log
open_run impl_1
Netlist sorting complete. Time (s): cpu = 00:00:00 ; elapsed = 00:00:00.009 . Memory (MB): peak = 2129.277 ; gain = 0.000
INFO: [Project 1-479] Netlist was created with Vivado 2022.1
INFO: [Project 1-570] Preparing netlist for logic optimization
Reading XDEF placement.
Reading placer database...
Reading XDEF routing.
Read XDEF Files: Time (s): cpu = 00:00:00 ; elapsed = 00:00:00.151 . Memory (MB): peak = 2142.203 ; gain = 0.000
Restored from archive | CPU: 0.000000 secs | Memory: 0.000000 MB |
Finished XDEF File Restore: Time (s): cpu = 00:00:00 ; elapsed = 00:00:00.152 . Memory (MB): peak = 2142.203 ; gain = 0.000
Netlist sorting complete. Time (s): cpu = 00:00:00 ; elapsed = 00:00:00.001 . Memory (MB): peak = 2541.773 ; gain = 0.000
INFO: [Project 1-111] Unisim Transformation Summary:
No Unisim elements were transformed.

open_run: Time (s): cpu = 00:00:10 ; elapsed = 00:00:06 . Memory (MB): peak = 2600.551 ; gain = 471.273
WARNING: [Timing 38-313] There are no user specified timing constraints. Timing constraints are needed for proper timing analysis.
create_clock -period 6.000 -waveform {0.000 3.000} [get_ports clk]
file mkdir C:/Users/danie/Desktop/Progetto_digitale_versioneDefinitiva/exam_prj_v2/exam_prj_v2.srcs/constrs_1/new
close [ open C:/Users/danie/Desktop/Progetto_digitale_versioneDefinitiva/exam_prj_v2/exam_prj_v2.srcs/constrs_1/new/clock.xdc w ]
add_files -fileset constrs_1 C:/Users/danie/Desktop/Progetto_digitale_versioneDefinitiva/exam_prj_v2/exam_prj_v2.srcs/constrs_1/new/clock.xdc
set_property target_constrs_file C:/Users/danie/Desktop/Progetto_digitale_versioneDefinitiva/exam_prj_v2/exam_prj_v2.srcs/constrs_1/new/clock.xdc [current_fileset -constrset]
save_constraints -force
reset_run synth_1
INFO: [Project 1-1160] Copying file C:/Users/danie/Desktop/Progetto_digitale_versioneDefinitiva/exam_prj_v2/exam_prj_v2.runs/synth_1/Top.dcp to C:/Users/danie/Desktop/Progetto_digitale_versioneDefinitiva/exam_prj_v2/exam_prj_v2.srcs/utils_1/imports/synth_1 and adding it to utils fileset
launch_runs impl_1 -jobs 4
[Tue Jun 17 16:10:29 2025] Launched synth_1...
Run output will be captured here: C:/Users/danie/Desktop/Progetto_digitale_versioneDefinitiva/exam_prj_v2/exam_prj_v2.runs/synth_1/runme.log
[Tue Jun 17 16:10:29 2025] Launched impl_1...
Run output will be captured here: C:/Users/danie/Desktop/Progetto_digitale_versioneDefinitiva/exam_prj_v2/exam_prj_v2.runs/impl_1/runme.log
refresh_design
Netlist sorting complete. Time (s): cpu = 00:00:00 ; elapsed = 00:00:00.009 . Memory (MB): peak = 2761.551 ; gain = 0.000
INFO: [Project 1-479] Netlist was created with Vivado 2022.1
INFO: [Project 1-570] Preparing netlist for logic optimization
INFO: [Timing 38-478] Restoring timing data from binary archive.
INFO: [Timing 38-479] Binary timing data restore complete.
INFO: [Project 1-856] Restoring constraints from binary archive.
INFO: [Project 1-853] Binary constraint restore complete.
Reading XDEF placement.
Reading placer database...
Reading XDEF routing.
Read XDEF Files: Time (s): cpu = 00:00:00 ; elapsed = 00:00:00.163 . Memory (MB): peak = 2845.492 ; gain = 0.000
Restored from archive | CPU: 0.000000 secs | Memory: 0.000000 MB |
Finished XDEF File Restore: Time (s): cpu = 00:00:00 ; elapsed = 00:00:00.164 . Memory (MB): peak = 2845.492 ; gain = 0.000
refresh_design: Time (s): cpu = 00:00:10 ; elapsed = 00:00:05 . Memory (MB): peak = 2848.883 ; gain = 99.027
launch_simulation -mode post-implementation -type timing
Command: launch_simulation  -mode post-implementation -type timing
INFO: [Vivado 12-12493] Simulation top is 'TB_Top'
WARNING: [Vivado 12-13340] Unable to auto find GCC executables from simulator install path! (path not set)
WARNING: [Vivado 12-13277] Compiled library path does not exist: ''
INFO: [Vivado 12-5682] Launching post-implementation timing simulation in 'C:/Users/danie/Desktop/Progetto_digitale_versioneDefinitiva/exam_prj_v2/exam_prj_v2.sim/sim_1/impl/timing/xsim'
INFO: [SIM-utils-51] Simulation object is 'sim_1'
INFO: [SIM-utils-72] Using boost library from 'C:/Xilinx/Vivado/2022.1/tps/boost_1_72_0'
INFO: [SIM-utils-20] The target language is set to VHDL, it is not supported for simulation type 'timing', using Verilog instead.
INFO: [SIM-utils-31] Writing simulation netlist file for design 'impl_1'...
INFO: [SIM-utils-32] write_verilog -mode timesim -nolib -sdf_anno true -force -file "C:/Users/danie/Desktop/Progetto_digitale_versioneDefinitiva/exam_prj_v2/exam_prj_v2.sim/sim_1/impl/timing/xsim/TB_Top_time_impl.v"
INFO: [SIM-utils-34] Writing SDF file...
INFO: [SIM-utils-35] write_sdf -mode timesim -process_corner slow -force -file "C:/Users/danie/Desktop/Progetto_digitale_versioneDefinitiva/exam_prj_v2/exam_prj_v2.sim/sim_1/impl/timing/xsim/TB_Top_time_impl.sdf"
INFO: [SIM-utils-36] Netlist generated:C:/Users/danie/Desktop/Progetto_digitale_versioneDefinitiva/exam_prj_v2/exam_prj_v2.sim/sim_1/impl/timing/xsim/TB_Top_time_impl.v
INFO: [SIM-utils-37] SDF generated:C:/Users/danie/Desktop/Progetto_digitale_versioneDefinitiva/exam_prj_v2/exam_prj_v2.sim/sim_1/impl/timing/xsim/TB_Top_time_impl.sdf
INFO: [SIM-utils-54] Inspecting design source files for 'TB_Top' in fileset 'sim_1'...
INFO: [USF-XSim-2] XSim::Compile design
INFO: [USF-XSim-61] Executing 'COMPILE and ANALYZE' step in 'C:/Users/danie/Desktop/Progetto_digitale_versioneDefinitiva/exam_prj_v2/exam_prj_v2.sim/sim_1/impl/timing/xsim'
"xvlog --incr --relax -prj TB_Top_vlog.prj"
INFO: [VRFC 10-2263] Analyzing Verilog file "C:/Users/danie/Desktop/Progetto_digitale_versioneDefinitiva/exam_prj_v2/exam_prj_v2.sim/sim_1/impl/timing/xsim/TB_Top_time_impl.v" into library xil_defaultlib
INFO: [VRFC 10-311] analyzing module Adder_Tree_3
INFO: [VRFC 10-311] analyzing module Adder_Tree_4
INFO: [VRFC 10-311] analyzing module Adder_Tree_4_0
INFO: [VRFC 10-311] analyzing module Adder_Tree_4_Signed
INFO: [VRFC 10-311] analyzing module Adder_Tree_4_Signed_3
INFO: [VRFC 10-311] analyzing module Adder_Tree_4_Signed_4
INFO: [VRFC 10-311] analyzing module BufferLine
INFO: [VRFC 10-311] analyzing module Convolutore
INFO: [VRFC 10-311] analyzing module FSM
INFO: [VRFC 10-311] analyzing module Moltiplicatore
INFO: [VRFC 10-311] analyzing module Moltiplicatore_1
INFO: [VRFC 10-311] analyzing module Moltiplicatore_2
INFO: [VRFC 10-311] analyzing module Top
INFO: [VRFC 10-311] analyzing module new_counter
INFO: [VRFC 10-311] analyzing module shift_register
INFO: [VRFC 10-311] analyzing module glbl
"xvhdl --incr --relax -prj TB_Top_vhdl.prj"
INFO: [VRFC 10-163] Analyzing VHDL file "C:/Users/danie/Desktop/Progetto_digitale_versioneDefinitiva/exam_prj_v2/exam_prj_v2.srcs/sim_1/imports/new/TB_TOP.vhd" into library xil_defaultlib
INFO: [VRFC 10-3107] analyzing entity 'TB_Top'
run_program: Time (s): cpu = 00:00:01 ; elapsed = 00:00:06 . Memory (MB): peak = 2957.441 ; gain = 0.000
INFO: [USF-XSim-69] 'compile' step finished in '6' seconds
INFO: [USF-XSim-3] XSim::Elaborate design
INFO: [USF-XSim-61] Executing 'ELABORATE' step in 'C:/Users/danie/Desktop/Progetto_digitale_versioneDefinitiva/exam_prj_v2/exam_prj_v2.sim/sim_1/impl/timing/xsim'
"xelab --incr --debug typical --relax --mt 2 --maxdelay -L xil_defaultlib -L simprims_ver -L secureip --snapshot TB_Top_time_impl -transport_int_delays -pulse_r 0 -pulse_int_r 0 -pulse_e 0 -pulse_int_e 0 xil_defaultlib.TB_Top xil_defaultlib.glbl -log elaborate.log"
Vivado Simulator v2022.1
Copyright 1986-1999, 2001-2022 Xilinx, Inc. All Rights Reserved.
Running: C:/Xilinx/Vivado/2022.1/bin/unwrapped/win64.o/xelab.exe --incr --debug typical --relax --mt 2 --maxdelay -L xil_defaultlib -L simprims_ver -L secureip --snapshot TB_Top_time_impl -transport_int_delays -pulse_r 0 -pulse_int_r 0 -pulse_e 0 -pulse_int_e 0 xil_defaultlib.TB_Top xil_defaultlib.glbl -log elaborate.log 
Using 2 slave threads.
Starting static elaboration
Pass Through NonSizing Optimizer
Completed static elaboration
Starting simulation data flow analysis
Completed simulation data flow analysis
INFO: [XSIM 43-3451] SDF backannotation process started with SDF file "TB_Top_time_impl.sdf", for root module "TB_Top/uut".
INFO: [XSIM 43-3452] SDF backannotation was successful for SDF file "TB_Top_time_impl.sdf", for root module "TB_Top/uut".
Time Resolution for simulation is 1ps
Compiling package std.standard
Compiling package std.textio
Compiling package ieee.std_logic_1164
Compiling package ieee.numeric_std
Compiling package vl.vl_types
Compiling module xil_defaultlib.glbl
Compiling module simprims_ver.SRLC32E_default
Compiling module simprims_ver.FDRE_default
Compiling module simprims_ver.x_lut2_mux4
Compiling module simprims_ver.LUT2
Compiling module xil_defaultlib.BufferLine
Compiling module simprims_ver.LUT4
Compiling module simprims_ver.LUT6
Compiling module simprims_ver.x_lut3_mux8
Compiling module simprims_ver.LUT3
Compiling module simprims_ver.LUT5
Compiling module xil_defaultlib.Adder_Tree_4
Compiling module xil_defaultlib.Adder_Tree_4_0
Compiling module xil_defaultlib.Adder_Tree_3
Compiling module simprims_ver.SRL16E_default
Compiling module xil_defaultlib.Adder_Tree_4_Signed_4
Compiling module xil_defaultlib.Moltiplicatore
Compiling module xil_defaultlib.Adder_Tree_4_Signed_3
Compiling module xil_defaultlib.Moltiplicatore_1
Compiling module simprims_ver.x_lut1_mux2
Compiling module simprims_ver.LUT1
Compiling module xil_defaultlib.Adder_Tree_4_Signed
Compiling module xil_defaultlib.Moltiplicatore_2
Compiling module xil_defaultlib.shift_register
Compiling module xil_defaultlib.Convolutore
Compiling module simprims_ver.FDCE_default
Compiling module xil_defaultlib.new_counter
Compiling module simprims_ver.OBUF
Compiling module simprims_ver.FDPE_default
Compiling module xil_defaultlib.FSM
Compiling module simprims_ver.IBUF
Compiling module simprims_ver.BUFG
Compiling module xil_defaultlib.Top
Compiling architecture behavioral of entity xil_defaultlib.tb_top
Built simulation snapshot TB_Top_time_impl
run_program: Time (s): cpu = 00:00:02 ; elapsed = 00:00:37 . Memory (MB): peak = 2957.441 ; gain = 0.000
INFO: [USF-XSim-69] 'elaborate' step finished in '38' seconds
INFO: [USF-XSim-4] XSim::Simulate design
INFO: [USF-XSim-61] Executing 'SIMULATE' step in 'C:/Users/danie/Desktop/Progetto_digitale_versioneDefinitiva/exam_prj_v2/exam_prj_v2.sim/sim_1/impl/timing/xsim'
INFO: [USF-XSim-98] *** Running xsim
   with args "TB_Top_time_impl -key {Post-Implementation:sim_1:Timing:TB_Top} -tclbatch {TB_Top.tcl} -log {simulate.log}"
INFO: [USF-XSim-8] Loading simulator feature
Time resolution is 1 ps
source TB_Top.tcl
# set curr_wave [current_wave_config]
# if { [string length $curr_wave] == 0 } {
#   if { [llength [get_objects]] > 0} {
#     add_wave /
#     set_property needs_save false [current_wave_config]
#   } else {
#      send_msg_id Add_Wave-1 WARNING "No top level signals found. Simulator will start without a wave window. If you want to open a wave window go to 'File->New Waveform Configuration' or type 'create_wave_config' in the TCL console."
#   }
# }
# run 1000ns
WARNING: "/wrk/ci/prod/2022.1/rdi_builds/continuous/2022_04_18_3526262/data/verilog/src/unisims/FDRE.v" Line 151: Timing violation in scope /TB_Top/uut/Conv/Multi_Lateral/RB_reg[1]/TChk151_5070 at time 110285 ps $setuphold (posedge C,negedge R,(0:0:0),(0:0:0),notifier,rst_clk_enable_p,rst_clk_enable_p,C_dly,R_dly) 
INFO: [USF-XSim-96] XSim completed. Design snapshot 'TB_Top_time_impl' loaded.
INFO: [USF-XSim-97] XSim simulation ran for 1000ns
launch_simulation: Time (s): cpu = 00:00:11 ; elapsed = 00:00:49 . Memory (MB): peak = 2961.617 ; gain = 26.625
close_sim
INFO: [Simtcl 6-16] Simulation closed
close_sim
INFO: [Simtcl 6-16] Simulation closed
exit
INFO: [Common 17-206] Exiting Vivado at Tue Jun 17 16:16:46 2025...
