Vivado Simulator v2022.1
Copyright 1986-1999, 2001-2022 Xilinx, Inc. All Rights Reserved.
Running: C:/Xilinx/Vivado/2022.1/bin/unwrapped/win64.o/xelab.exe --incr --debug typical --relax --mt 2 --maxdelay -L xil_defaultlib -L simprims_ver -L secureip --snapshot TB_Top_time_impl -transport_int_delays -pulse_r 0 -pulse_int_r 0 -pulse_e 0 -pulse_int_e 0 xil_defaultlib.TB_Top xil_defaultlib.glbl -log elaborate.log 
Using 2 slave threads.
Starting static elaboration
Pass Through NonSizing Optimizer
Completed static elaboration
Starting simulation data flow analysis
Completed simulation data flow analysis
INFO: [XSIM 43-3451] SDF backannotation process started with SDF file "TB_Top_time_impl.sdf", for root module "TB_Top/uut".
INFO: [XSIM 43-3452] SDF backannotation was successful for SDF file "TB_Top_time_impl.sdf", for root module "TB_Top/uut".
Time Resolution for simulation is 1ps
Compiling package std.standard
Compiling package std.textio
Compiling package ieee.std_logic_1164
Compiling package ieee.numeric_std
Compiling package vl.vl_types
Compiling module xil_defaultlib.glbl
Compiling module simprims_ver.SRLC32E_default
Compiling module simprims_ver.FDRE_default
Compiling module simprims_ver.x_lut2_mux4
Compiling module simprims_ver.LUT2
Compiling module xil_defaultlib.BufferLine
Compiling module simprims_ver.LUT4
Compiling module simprims_ver.LUT6
Compiling module simprims_ver.x_lut3_mux8
Compiling module simprims_ver.LUT3
Compiling module simprims_ver.LUT5
Compiling module xil_defaultlib.Adder_Tree_4
Compiling module xil_defaultlib.Adder_Tree_4_0
Compiling module xil_defaultlib.Adder_Tree_3
Compiling module simprims_ver.SRL16E_default
Compiling module xil_defaultlib.Adder_Tree_4_Signed_4
Compiling module xil_defaultlib.Moltiplicatore
Compiling module xil_defaultlib.Adder_Tree_4_Signed_3
Compiling module xil_defaultlib.Moltiplicatore_1
Compiling module simprims_ver.x_lut1_mux2
Compiling module simprims_ver.LUT1
Compiling module xil_defaultlib.Adder_Tree_4_Signed
Compiling module xil_defaultlib.Moltiplicatore_2
Compiling module xil_defaultlib.shift_register
Compiling module xil_defaultlib.Convolutore
Compiling module simprims_ver.FDCE_default
Compiling module xil_defaultlib.new_counter
Compiling module simprims_ver.OBUF
Compiling module simprims_ver.FDPE_default
Compiling module xil_defaultlib.FSM
Compiling module simprims_ver.IBUF
Compiling module simprims_ver.BUFG
Compiling module xil_defaultlib.Top
Compiling architecture behavioral of entity xil_defaultlib.tb_top
Built simulation snapshot TB_Top_time_impl
