INFO: [VRFC 10-163] Analyzing VHDL file "C:/Users/danie/Desktop/Progetto_digitale_versioneDefinitiva/exam_prj_v2/exam_prj_v2.srcs/sources_1/imports/sources_1/imports/Project_Designs/AdderTree4.vhd" into library xil_defaultlib
INFO: [VRFC 10-3107] analyzing entity 'Adder_Tree_4'
INFO: [VRFC 10-163] Analyzing VHDL file "C:/Users/danie/Desktop/Progetto_digitale_versioneDefinitiva/exam_prj_v2/exam_prj_v2.srcs/sources_1/imports/sources_1/imports/Project_Designs/AdderTree4Signed.vhd" into library xil_defaultlib
INFO: [VRFC 10-3107] analyzing entity 'Adder_Tree_4_Signed'
INFO: [VRFC 10-163] Analyzing VHDL file "C:/Users/danie/Desktop/Progetto_digitale_versioneDefinitiva/exam_prj_v2/exam_prj_v2.srcs/sources_1/imports/sources_1/imports/sources_1/imports/Project_Designs/AdderTreeFinal.vhd" into library xil_defaultlib
INFO: [VRFC 10-3107] analyzing entity 'Adder_Tree_3'
INFO: [VRFC 10-163] Analyzing VHDL file "C:/Users/danie/Desktop/Progetto_digitale_versioneDefinitiva/exam_prj_v2/exam_prj_v2.srcs/sources_1/imports/sources_1/imports/Project_Designs/Booth.vhd" into library xil_defaultlib
INFO: [VRFC 10-3107] analyzing entity 'Booth'
INFO: [VRFC 10-163] Analyzing VHDL file "C:/Users/danie/Desktop/Progetto_digitale_versioneDefinitiva/exam_prj_v2/exam_prj_v2.srcs/sources_1/imports/sources_1/imports/Project_Designs/BufferLine.vhd" into library xil_defaultlib
INFO: [VRFC 10-3107] analyzing entity 'BufferLine'
INFO: [VRFC 10-163] Analyzing VHDL file "C:/Users/danie/Desktop/Progetto_digitale_versioneDefinitiva/exam_prj_v2/exam_prj_v2.srcs/sources_1/imports/sources_1/imports/Project_Designs/FA.vhd" into library xil_defaultlib
INFO: [VRFC 10-3107] analyzing entity 'FA'
INFO: [VRFC 10-163] Analyzing VHDL file "C:/Users/danie/Desktop/Progetto_digitale_versioneDefinitiva/exam_prj_v2/exam_prj_v2.srcs/sources_1/imports/sources_1/new/FSM.vhd" into library xil_defaultlib
INFO: [VRFC 10-3107] analyzing entity 'FSM'
INFO: [VRFC 10-163] Analyzing VHDL file "C:/Users/danie/Desktop/Progetto_digitale_versioneDefinitiva/exam_prj_v2/exam_prj_v2.srcs/sources_1/imports/sources_1/imports/Project_Designs/Moltiplicatore.vhd" into library xil_defaultlib
INFO: [VRFC 10-3107] analyzing entity 'Moltiplicatore'
INFO: [VRFC 10-163] Analyzing VHDL file "C:/Users/danie/Desktop/Progetto_digitale_versioneDefinitiva/exam_prj_v2/exam_prj_v2.srcs/sources_1/imports/sources_1/imports/Project_Designs/Mux5.vhd" into library xil_defaultlib
INFO: [VRFC 10-3107] analyzing entity 'Mux_5'
INFO: [VRFC 10-163] Analyzing VHDL file "C:/Users/danie/Desktop/Progetto_digitale_versioneDefinitiva/exam_prj_v2/exam_prj_v2.srcs/sources_1/imports/sources_1/imports/Project_Designs/PartialSum.vhd" into library xil_defaultlib
INFO: [VRFC 10-3107] analyzing entity 'Partial_Sum'
INFO: [VRFC 10-163] Analyzing VHDL file "C:/Users/danie/Desktop/Progetto_digitale_versioneDefinitiva/exam_prj_v2/exam_prj_v2.srcs/sources_1/imports/sources_1/imports/Project_Designs/RCA.vhd" into library xil_defaultlib
INFO: [VRFC 10-3107] analyzing entity 'RCA'
INFO: [VRFC 10-163] Analyzing VHDL file "C:/Users/danie/Desktop/Progetto_digitale_versioneDefinitiva/exam_prj_v2/exam_prj_v2.srcs/sources_1/imports/sources_1/imports/Project_Designs/RCA_Signed.vhd" into library xil_defaultlib
INFO: [VRFC 10-3107] analyzing entity 'RCA_Signed'
INFO: [VRFC 10-163] Analyzing VHDL file "C:/Users/danie/Desktop/Progetto_digitale_versioneDefinitiva/exam_prj_v2/exam_prj_v2.srcs/sources_1/imports/sources_1/imports/Project_Designs/ShiftReg3.vhd" into library xil_defaultlib
INFO: [VRFC 10-3107] analyzing entity 'shift_register'
INFO: [VRFC 10-163] Analyzing VHDL file "C:/Users/danie/Desktop/Progetto_digitale_versioneDefinitiva/exam_prj_v2/exam_prj_v2.srcs/sources_1/imports/sources_1/new/Top.vhd" into library xil_defaultlib
INFO: [VRFC 10-3107] analyzing entity 'Top'
INFO: [VRFC 10-163] Analyzing VHDL file "C:/Users/danie/Desktop/Progetto_digitale_versioneDefinitiva/exam_prj_v2/exam_prj_v2.srcs/sources_1/imports/new/convolutore.vhd" into library xil_defaultlib
INFO: [VRFC 10-3107] analyzing entity 'Convolutore'
INFO: [VRFC 10-163] Analyzing VHDL file "C:/Users/danie/Desktop/Progetto_digitale_versioneDefinitiva/exam_prj_v2/exam_prj_v2.srcs/sources_1/imports/sources_1/new/new_counter.vhd" into library xil_defaultlib
INFO: [VRFC 10-3107] analyzing entity 'new_counter'
INFO: [VRFC 10-163] Analyzing VHDL file "C:/Users/danie/Desktop/Progetto_digitale_versioneDefinitiva/exam_prj_v2/exam_prj_v2.srcs/sim_1/imports/new/TB_TOP.vhd" into library xil_defaultlib
INFO: [VRFC 10-3107] analyzing entity 'TB_Top'
