Copyright 1986-2022 Xilinx, Inc. All Rights Reserved.
------------------------------------------------------------------------------------
| Tool Version : Vivado v.2022.1 (win64) Build 3526262 Mon Apr 18 15:48:16 MDT 2022
| Date         : Tue Jun 17 16:12:27 2025
| Host         : LAPTOP-IIL0M82Q running 64-bit major release  (build 9200)
| Command      : report_control_sets -verbose -file Top_control_sets_placed.rpt
| Design       : Top
| Device       : xc7z020
------------------------------------------------------------------------------------

Control Set Information

Table of Contents
-----------------
1. Summary
2. Histogram
3. Flip-Flop Distribution
4. Detailed Control Set Information

1. Summary
----------

+----------------------------------------------------------+-------+
|                          Status                          | Count |
+----------------------------------------------------------+-------+
| Total control sets                                       |     6 |
|    Minimum number of control sets                        |     6 |
|    Addition due to synthesis replication                 |     0 |
|    Addition due to physical synthesis replication        |     0 |
| Unused register locations in slices containing registers |    13 |
+----------------------------------------------------------+-------+
* Control sets can be merged at opt_design using control_set_merge or merge_equivalent_drivers
** Run report_qor_suggestions for automated merging and remapping suggestions


2. Histogram
------------

+--------------------+-------+
|       Fanout       | Count |
+--------------------+-------+
| Total control sets |     6 |
| >= 0 to < 4        |     1 |
| >= 4 to < 6        |     0 |
| >= 6 to < 8        |     0 |
| >= 8 to < 10       |     0 |
| >= 10 to < 12      |     0 |
| >= 12 to < 14      |     0 |
| >= 14 to < 16      |     0 |
| >= 16              |     5 |
+--------------------+-------+
* Control sets can be remapped at either synth_design or opt_design


3. Flip-Flop Distribution
-------------------------

+--------------+-----------------------+------------------------+-----------------+--------------+
| Clock Enable | Synchronous Set/Reset | Asynchronous Set/Reset | Total Registers | Total Slices |
+--------------+-----------------------+------------------------+-----------------+--------------+
| No           | No                    | No                     |              19 |            5 |
| No           | No                    | Yes                    |               7 |            2 |
| No           | Yes                   | No                     |             695 |          158 |
| Yes          | No                    | No                     |              16 |            5 |
| Yes          | No                    | Yes                    |              13 |            4 |
| Yes          | Yes                   | No                     |             173 |           39 |
+--------------+-----------------------+------------------------+-----------------+--------------+


4. Detailed Control Set Information
-----------------------------------

+----------------+---------------------------------+-------------------------------------+------------------+----------------+--------------+
|  Clock Signal  |          Enable Signal          |           Set/Reset Signal          | Slice Load Count | Bel Load Count | Bels / Slice |
+----------------+---------------------------------+-------------------------------------+------------------+----------------+--------------+
|  clk_IBUF_BUFG | Machine/valid_out_i_1_n_0       | Conv/Multi_Lateral/Adder4Signed/rst |                1 |              2 |         2.00 |
|  clk_IBUF_BUFG | Machine/counter_enable_reg_0[0] |                                     |                5 |             32 |         6.40 |
|  clk_IBUF_BUFG |                                 |                                     |                5 |             35 |         7.00 |
|  clk_IBUF_BUFG | Machine/E[0]                    | Conv/Multi_Lateral/Adder4Signed/rst |               18 |             72 |         4.00 |
|  clk_IBUF_BUFG | Machine/counter_enable_reg_0[0] | Conv/Multi_Lateral/Adder4Signed/rst |               24 |            112 |         4.67 |
|  clk_IBUF_BUFG |                                 | Conv/Multi_Lateral/Adder4Signed/rst |              160 |            702 |         4.39 |
+----------------+---------------------------------+-------------------------------------+------------------+----------------+--------------+


