
*** Running vivado
    with args -log Top.vds -m64 -product Vivado -mode batch -messageDb vivado.pb -notrace -source Top.tcl



****** Vivado v2022.1 (64-bit)
  **** SW Build 3526262 on Mon Apr 18 15:48:16 MDT 2022
  **** IP Build 3524634 on Mon Apr 18 20:55:01 MDT 2022
    ** Copyright 1986-2022 Xilinx, Inc. All Rights Reserved.

source Top.tcl -notrace
Command: read_checkpoint -auto_incremental -incremental C:/Users/danie/Desktop/Progetto_digitale_versioneDefinitiva/exam_prj_v2/exam_prj_v2.srcs/utils_1/imports/synth_1/Top.dcp
INFO: [Vivado 12-5825] Read reference checkpoint from C:/Users/danie/Desktop/Progetto_digitale_versioneDefinitiva/exam_prj_v2/exam_prj_v2.srcs/utils_1/imports/synth_1/Top.dcp for incremental synthesis
INFO: [Vivado 12-7989] Please ensure there are no constraint changes
Command: synth_design -top Top -part xc7z020clg400-1
Starting synth_design
Attempting to get a license for feature 'Synthesis' and/or device 'xc7z020'
INFO: [Common 17-349] Got license for feature 'Synthesis' and/or device 'xc7z020'
INFO: [Device 21-403] Loading part xc7z020clg400-1
INFO: [Designutils 20-5440] No compile time benefit to using incremental synthesis; A full resynthesis will be run
INFO: [Designutils 20-4379] Flow is switching to default flow due to incremental criteria not met. If you would like to alter this behaviour and have the flow terminate instead, please set the following parameter config_implementation {autoIncr.Synth.RejectBehavior Terminate}
INFO: [Synth 8-7079] Multithreading enabled for synth_design using a maximum of 2 processes.
INFO: [Synth 8-7078] Launching helper process for spawning children vivado processes
INFO: [Synth 8-7075] Helper process launched with PID 3836
---------------------------------------------------------------------------------
Starting RTL Elaboration : Time (s): cpu = 00:00:05 ; elapsed = 00:00:06 . Memory (MB): peak = 1282.441 ; gain = 0.000
---------------------------------------------------------------------------------
INFO: [Synth 8-638] synthesizing module 'Top' [C:/Users/danie/Desktop/Progetto_digitale_versioneDefinitiva/exam_prj_v2/exam_prj_v2.srcs/sources_1/imports/sources_1/new/Top.vhd:16]
INFO: [Synth 8-3491] module 'BufferLine' declared at 'C:/Users/danie/Desktop/Progetto_digitale_versioneDefinitiva/exam_prj_v2/exam_prj_v2.srcs/sources_1/imports/sources_1/imports/Project_Designs/BufferLine.vhd:4' bound to instance 'Buffer_Line' of component 'BufferLine' [C:/Users/danie/Desktop/Progetto_digitale_versioneDefinitiva/exam_prj_v2/exam_prj_v2.srcs/sources_1/imports/sources_1/new/Top.vhd:66]
INFO: [Synth 8-638] synthesizing module 'BufferLine' [C:/Users/danie/Desktop/Progetto_digitale_versioneDefinitiva/exam_prj_v2/exam_prj_v2.srcs/sources_1/imports/sources_1/imports/Project_Designs/BufferLine.vhd:13]
	Parameter ncol bound to: 32 - type: integer 
INFO: [Synth 8-256] done synthesizing module 'BufferLine' (0#1) [C:/Users/danie/Desktop/Progetto_digitale_versioneDefinitiva/exam_prj_v2/exam_prj_v2.srcs/sources_1/imports/sources_1/imports/Project_Designs/BufferLine.vhd:13]
INFO: [Synth 8-3491] module 'Convolutore' declared at 'C:/Users/danie/Desktop/Progetto_digitale_versioneDefinitiva/exam_prj_v2/exam_prj_v2.srcs/sources_1/imports/new/convolutore.vhd:5' bound to instance 'Conv' of component 'Convolutore' [C:/Users/danie/Desktop/Progetto_digitale_versioneDefinitiva/exam_prj_v2/exam_prj_v2.srcs/sources_1/imports/sources_1/new/Top.vhd:67]
INFO: [Synth 8-638] synthesizing module 'Convolutore' [C:/Users/danie/Desktop/Progetto_digitale_versioneDefinitiva/exam_prj_v2/exam_prj_v2.srcs/sources_1/imports/new/convolutore.vhd:14]
	Parameter N bound to: 8 - type: integer 
INFO: [Synth 8-3491] module 'Adder_Tree_4' declared at 'C:/Users/danie/Desktop/Progetto_digitale_versioneDefinitiva/exam_prj_v2/exam_prj_v2.srcs/sources_1/imports/sources_1/imports/Project_Designs/AdderTree4.vhd:5' bound to instance 'AdderTree_Corner' of component 'Adder_Tree_4' [C:/Users/danie/Desktop/Progetto_digitale_versioneDefinitiva/exam_prj_v2/exam_prj_v2.srcs/sources_1/imports/new/convolutore.vhd:83]
INFO: [Synth 8-638] synthesizing module 'Adder_Tree_4' [C:/Users/danie/Desktop/Progetto_digitale_versioneDefinitiva/exam_prj_v2/exam_prj_v2.srcs/sources_1/imports/sources_1/imports/Project_Designs/AdderTree4.vhd:12]
	Parameter N bound to: 8 - type: integer 
	Parameter N bound to: 8 - type: integer 
INFO: [Synth 8-3491] module 'RCA' declared at 'C:/Users/danie/Desktop/Progetto_digitale_versioneDefinitiva/exam_prj_v2/exam_prj_v2.srcs/sources_1/imports/sources_1/imports/Project_Designs/RCA.vhd:4' bound to instance 'RCA0_L0' of component 'RCA' [C:/Users/danie/Desktop/Progetto_digitale_versioneDefinitiva/exam_prj_v2/exam_prj_v2.srcs/sources_1/imports/sources_1/imports/Project_Designs/AdderTree4.vhd:28]
INFO: [Synth 8-638] synthesizing module 'RCA' [C:/Users/danie/Desktop/Progetto_digitale_versioneDefinitiva/exam_prj_v2/exam_prj_v2.srcs/sources_1/imports/sources_1/imports/Project_Designs/RCA.vhd:12]
	Parameter N bound to: 8 - type: integer 
INFO: [Synth 8-3491] module 'FA' declared at 'C:/Users/danie/Desktop/Progetto_digitale_versioneDefinitiva/exam_prj_v2/exam_prj_v2.srcs/sources_1/imports/sources_1/imports/Project_Designs/FA.vhd:4' bound to instance 'MAPfa' of component 'FA' [C:/Users/danie/Desktop/Progetto_digitale_versioneDefinitiva/exam_prj_v2/exam_prj_v2.srcs/sources_1/imports/sources_1/imports/Project_Designs/RCA.vhd:26]
INFO: [Synth 8-638] synthesizing module 'FA' [C:/Users/danie/Desktop/Progetto_digitale_versioneDefinitiva/exam_prj_v2/exam_prj_v2.srcs/sources_1/imports/sources_1/imports/Project_Designs/FA.vhd:9]
INFO: [Synth 8-256] done synthesizing module 'FA' (0#1) [C:/Users/danie/Desktop/Progetto_digitale_versioneDefinitiva/exam_prj_v2/exam_prj_v2.srcs/sources_1/imports/sources_1/imports/Project_Designs/FA.vhd:9]
INFO: [Synth 8-3491] module 'FA' declared at 'C:/Users/danie/Desktop/Progetto_digitale_versioneDefinitiva/exam_prj_v2/exam_prj_v2.srcs/sources_1/imports/sources_1/imports/Project_Designs/FA.vhd:4' bound to instance 'MAPfa' of component 'FA' [C:/Users/danie/Desktop/Progetto_digitale_versioneDefinitiva/exam_prj_v2/exam_prj_v2.srcs/sources_1/imports/sources_1/imports/Project_Designs/RCA.vhd:26]
INFO: [Synth 8-3491] module 'FA' declared at 'C:/Users/danie/Desktop/Progetto_digitale_versioneDefinitiva/exam_prj_v2/exam_prj_v2.srcs/sources_1/imports/sources_1/imports/Project_Designs/FA.vhd:4' bound to instance 'MAPfa' of component 'FA' [C:/Users/danie/Desktop/Progetto_digitale_versioneDefinitiva/exam_prj_v2/exam_prj_v2.srcs/sources_1/imports/sources_1/imports/Project_Designs/RCA.vhd:26]
INFO: [Synth 8-3491] module 'FA' declared at 'C:/Users/danie/Desktop/Progetto_digitale_versioneDefinitiva/exam_prj_v2/exam_prj_v2.srcs/sources_1/imports/sources_1/imports/Project_Designs/FA.vhd:4' bound to instance 'MAPfa' of component 'FA' [C:/Users/danie/Desktop/Progetto_digitale_versioneDefinitiva/exam_prj_v2/exam_prj_v2.srcs/sources_1/imports/sources_1/imports/Project_Designs/RCA.vhd:26]
INFO: [Synth 8-3491] module 'FA' declared at 'C:/Users/danie/Desktop/Progetto_digitale_versioneDefinitiva/exam_prj_v2/exam_prj_v2.srcs/sources_1/imports/sources_1/imports/Project_Designs/FA.vhd:4' bound to instance 'MAPfa' of component 'FA' [C:/Users/danie/Desktop/Progetto_digitale_versioneDefinitiva/exam_prj_v2/exam_prj_v2.srcs/sources_1/imports/sources_1/imports/Project_Designs/RCA.vhd:26]
INFO: [Synth 8-3491] module 'FA' declared at 'C:/Users/danie/Desktop/Progetto_digitale_versioneDefinitiva/exam_prj_v2/exam_prj_v2.srcs/sources_1/imports/sources_1/imports/Project_Designs/FA.vhd:4' bound to instance 'MAPfa' of component 'FA' [C:/Users/danie/Desktop/Progetto_digitale_versioneDefinitiva/exam_prj_v2/exam_prj_v2.srcs/sources_1/imports/sources_1/imports/Project_Designs/RCA.vhd:26]
INFO: [Synth 8-3491] module 'FA' declared at 'C:/Users/danie/Desktop/Progetto_digitale_versioneDefinitiva/exam_prj_v2/exam_prj_v2.srcs/sources_1/imports/sources_1/imports/Project_Designs/FA.vhd:4' bound to instance 'MAPfa' of component 'FA' [C:/Users/danie/Desktop/Progetto_digitale_versioneDefinitiva/exam_prj_v2/exam_prj_v2.srcs/sources_1/imports/sources_1/imports/Project_Designs/RCA.vhd:26]
INFO: [Synth 8-3491] module 'FA' declared at 'C:/Users/danie/Desktop/Progetto_digitale_versioneDefinitiva/exam_prj_v2/exam_prj_v2.srcs/sources_1/imports/sources_1/imports/Project_Designs/FA.vhd:4' bound to instance 'MAPfa' of component 'FA' [C:/Users/danie/Desktop/Progetto_digitale_versioneDefinitiva/exam_prj_v2/exam_prj_v2.srcs/sources_1/imports/sources_1/imports/Project_Designs/RCA.vhd:26]
INFO: [Synth 8-256] done synthesizing module 'RCA' (0#1) [C:/Users/danie/Desktop/Progetto_digitale_versioneDefinitiva/exam_prj_v2/exam_prj_v2.srcs/sources_1/imports/sources_1/imports/Project_Designs/RCA.vhd:12]
	Parameter N bound to: 8 - type: integer 
INFO: [Synth 8-3491] module 'RCA' declared at 'C:/Users/danie/Desktop/Progetto_digitale_versioneDefinitiva/exam_prj_v2/exam_prj_v2.srcs/sources_1/imports/sources_1/imports/Project_Designs/RCA.vhd:4' bound to instance 'RCA1_L0' of component 'RCA' [C:/Users/danie/Desktop/Progetto_digitale_versioneDefinitiva/exam_prj_v2/exam_prj_v2.srcs/sources_1/imports/sources_1/imports/Project_Designs/AdderTree4.vhd:29]
	Parameter N bound to: 9 - type: integer 
INFO: [Synth 8-3491] module 'RCA' declared at 'C:/Users/danie/Desktop/Progetto_digitale_versioneDefinitiva/exam_prj_v2/exam_prj_v2.srcs/sources_1/imports/sources_1/imports/Project_Designs/RCA.vhd:4' bound to instance 'RCA0_L1' of component 'RCA' [C:/Users/danie/Desktop/Progetto_digitale_versioneDefinitiva/exam_prj_v2/exam_prj_v2.srcs/sources_1/imports/sources_1/imports/Project_Designs/AdderTree4.vhd:30]
INFO: [Synth 8-638] synthesizing module 'RCA__parameterized2' [C:/Users/danie/Desktop/Progetto_digitale_versioneDefinitiva/exam_prj_v2/exam_prj_v2.srcs/sources_1/imports/sources_1/imports/Project_Designs/RCA.vhd:12]
	Parameter N bound to: 9 - type: integer 
INFO: [Synth 8-3491] module 'FA' declared at 'C:/Users/danie/Desktop/Progetto_digitale_versioneDefinitiva/exam_prj_v2/exam_prj_v2.srcs/sources_1/imports/sources_1/imports/Project_Designs/FA.vhd:4' bound to instance 'MAPfa' of component 'FA' [C:/Users/danie/Desktop/Progetto_digitale_versioneDefinitiva/exam_prj_v2/exam_prj_v2.srcs/sources_1/imports/sources_1/imports/Project_Designs/RCA.vhd:26]
INFO: [Synth 8-3491] module 'FA' declared at 'C:/Users/danie/Desktop/Progetto_digitale_versioneDefinitiva/exam_prj_v2/exam_prj_v2.srcs/sources_1/imports/sources_1/imports/Project_Designs/FA.vhd:4' bound to instance 'MAPfa' of component 'FA' [C:/Users/danie/Desktop/Progetto_digitale_versioneDefinitiva/exam_prj_v2/exam_prj_v2.srcs/sources_1/imports/sources_1/imports/Project_Designs/RCA.vhd:26]
INFO: [Synth 8-3491] module 'FA' declared at 'C:/Users/danie/Desktop/Progetto_digitale_versioneDefinitiva/exam_prj_v2/exam_prj_v2.srcs/sources_1/imports/sources_1/imports/Project_Designs/FA.vhd:4' bound to instance 'MAPfa' of component 'FA' [C:/Users/danie/Desktop/Progetto_digitale_versioneDefinitiva/exam_prj_v2/exam_prj_v2.srcs/sources_1/imports/sources_1/imports/Project_Designs/RCA.vhd:26]
INFO: [Synth 8-3491] module 'FA' declared at 'C:/Users/danie/Desktop/Progetto_digitale_versioneDefinitiva/exam_prj_v2/exam_prj_v2.srcs/sources_1/imports/sources_1/imports/Project_Designs/FA.vhd:4' bound to instance 'MAPfa' of component 'FA' [C:/Users/danie/Desktop/Progetto_digitale_versioneDefinitiva/exam_prj_v2/exam_prj_v2.srcs/sources_1/imports/sources_1/imports/Project_Designs/RCA.vhd:26]
INFO: [Synth 8-3491] module 'FA' declared at 'C:/Users/danie/Desktop/Progetto_digitale_versioneDefinitiva/exam_prj_v2/exam_prj_v2.srcs/sources_1/imports/sources_1/imports/Project_Designs/FA.vhd:4' bound to instance 'MAPfa' of component 'FA' [C:/Users/danie/Desktop/Progetto_digitale_versioneDefinitiva/exam_prj_v2/exam_prj_v2.srcs/sources_1/imports/sources_1/imports/Project_Designs/RCA.vhd:26]
INFO: [Synth 8-3491] module 'FA' declared at 'C:/Users/danie/Desktop/Progetto_digitale_versioneDefinitiva/exam_prj_v2/exam_prj_v2.srcs/sources_1/imports/sources_1/imports/Project_Designs/FA.vhd:4' bound to instance 'MAPfa' of component 'FA' [C:/Users/danie/Desktop/Progetto_digitale_versioneDefinitiva/exam_prj_v2/exam_prj_v2.srcs/sources_1/imports/sources_1/imports/Project_Designs/RCA.vhd:26]
INFO: [Synth 8-3491] module 'FA' declared at 'C:/Users/danie/Desktop/Progetto_digitale_versioneDefinitiva/exam_prj_v2/exam_prj_v2.srcs/sources_1/imports/sources_1/imports/Project_Designs/FA.vhd:4' bound to instance 'MAPfa' of component 'FA' [C:/Users/danie/Desktop/Progetto_digitale_versioneDefinitiva/exam_prj_v2/exam_prj_v2.srcs/sources_1/imports/sources_1/imports/Project_Designs/RCA.vhd:26]
INFO: [Synth 8-3491] module 'FA' declared at 'C:/Users/danie/Desktop/Progetto_digitale_versioneDefinitiva/exam_prj_v2/exam_prj_v2.srcs/sources_1/imports/sources_1/imports/Project_Designs/FA.vhd:4' bound to instance 'MAPfa' of component 'FA' [C:/Users/danie/Desktop/Progetto_digitale_versioneDefinitiva/exam_prj_v2/exam_prj_v2.srcs/sources_1/imports/sources_1/imports/Project_Designs/RCA.vhd:26]
INFO: [Synth 8-3491] module 'FA' declared at 'C:/Users/danie/Desktop/Progetto_digitale_versioneDefinitiva/exam_prj_v2/exam_prj_v2.srcs/sources_1/imports/sources_1/imports/Project_Designs/FA.vhd:4' bound to instance 'MAPfa' of component 'FA' [C:/Users/danie/Desktop/Progetto_digitale_versioneDefinitiva/exam_prj_v2/exam_prj_v2.srcs/sources_1/imports/sources_1/imports/Project_Designs/RCA.vhd:26]
INFO: [Synth 8-256] done synthesizing module 'RCA__parameterized2' (0#1) [C:/Users/danie/Desktop/Progetto_digitale_versioneDefinitiva/exam_prj_v2/exam_prj_v2.srcs/sources_1/imports/sources_1/imports/Project_Designs/RCA.vhd:12]
INFO: [Synth 8-256] done synthesizing module 'Adder_Tree_4' (0#1) [C:/Users/danie/Desktop/Progetto_digitale_versioneDefinitiva/exam_prj_v2/exam_prj_v2.srcs/sources_1/imports/sources_1/imports/Project_Designs/AdderTree4.vhd:12]
	Parameter N bound to: 8 - type: integer 
INFO: [Synth 8-3491] module 'Adder_Tree_4' declared at 'C:/Users/danie/Desktop/Progetto_digitale_versioneDefinitiva/exam_prj_v2/exam_prj_v2.srcs/sources_1/imports/sources_1/imports/Project_Designs/AdderTree4.vhd:5' bound to instance 'AdderTree_Lateral' of component 'Adder_Tree_4' [C:/Users/danie/Desktop/Progetto_digitale_versioneDefinitiva/exam_prj_v2/exam_prj_v2.srcs/sources_1/imports/new/convolutore.vhd:84]
INFO: [Synth 8-3491] module 'shift_register' declared at 'C:/Users/danie/Desktop/Progetto_digitale_versioneDefinitiva/exam_prj_v2/exam_prj_v2.srcs/sources_1/imports/sources_1/imports/Project_Designs/ShiftReg3.vhd:5' bound to instance 'Shift3' of component 'shift_register' [C:/Users/danie/Desktop/Progetto_digitale_versioneDefinitiva/exam_prj_v2/exam_prj_v2.srcs/sources_1/imports/new/convolutore.vhd:85]
INFO: [Synth 8-638] synthesizing module 'shift_register' [C:/Users/danie/Desktop/Progetto_digitale_versioneDefinitiva/exam_prj_v2/exam_prj_v2.srcs/sources_1/imports/sources_1/imports/Project_Designs/ShiftReg3.vhd:13]
INFO: [Synth 8-256] done synthesizing module 'shift_register' (0#1) [C:/Users/danie/Desktop/Progetto_digitale_versioneDefinitiva/exam_prj_v2/exam_prj_v2.srcs/sources_1/imports/sources_1/imports/Project_Designs/ShiftReg3.vhd:13]
INFO: [Synth 8-3491] module 'Moltiplicatore' declared at 'C:/Users/danie/Desktop/Progetto_digitale_versioneDefinitiva/exam_prj_v2/exam_prj_v2.srcs/sources_1/imports/sources_1/imports/Project_Designs/Moltiplicatore.vhd:5' bound to instance 'Multi_Corner' of component 'Moltiplicatore' [C:/Users/danie/Desktop/Progetto_digitale_versioneDefinitiva/exam_prj_v2/exam_prj_v2.srcs/sources_1/imports/new/convolutore.vhd:87]
INFO: [Synth 8-638] synthesizing module 'Moltiplicatore' [C:/Users/danie/Desktop/Progetto_digitale_versioneDefinitiva/exam_prj_v2/exam_prj_v2.srcs/sources_1/imports/sources_1/imports/Project_Designs/Moltiplicatore.vhd:13]
INFO: [Synth 8-3491] module 'Booth' declared at 'C:/Users/danie/Desktop/Progetto_digitale_versioneDefinitiva/exam_prj_v2/exam_prj_v2.srcs/sources_1/imports/sources_1/imports/Project_Designs/Booth.vhd:5' bound to instance 'Booth3' of component 'Booth' [C:/Users/danie/Desktop/Progetto_digitale_versioneDefinitiva/exam_prj_v2/exam_prj_v2.srcs/sources_1/imports/sources_1/imports/Project_Designs/Moltiplicatore.vhd:73]
INFO: [Synth 8-638] synthesizing module 'Booth' [C:/Users/danie/Desktop/Progetto_digitale_versioneDefinitiva/exam_prj_v2/exam_prj_v2.srcs/sources_1/imports/sources_1/imports/Project_Designs/Booth.vhd:11]
INFO: [Synth 8-256] done synthesizing module 'Booth' (0#1) [C:/Users/danie/Desktop/Progetto_digitale_versioneDefinitiva/exam_prj_v2/exam_prj_v2.srcs/sources_1/imports/sources_1/imports/Project_Designs/Booth.vhd:11]
INFO: [Synth 8-3491] module 'Booth' declared at 'C:/Users/danie/Desktop/Progetto_digitale_versioneDefinitiva/exam_prj_v2/exam_prj_v2.srcs/sources_1/imports/sources_1/imports/Project_Designs/Booth.vhd:5' bound to instance 'Booth2' of component 'Booth' [C:/Users/danie/Desktop/Progetto_digitale_versioneDefinitiva/exam_prj_v2/exam_prj_v2.srcs/sources_1/imports/sources_1/imports/Project_Designs/Moltiplicatore.vhd:74]
INFO: [Synth 8-3491] module 'Booth' declared at 'C:/Users/danie/Desktop/Progetto_digitale_versioneDefinitiva/exam_prj_v2/exam_prj_v2.srcs/sources_1/imports/sources_1/imports/Project_Designs/Booth.vhd:5' bound to instance 'Booth1' of component 'Booth' [C:/Users/danie/Desktop/Progetto_digitale_versioneDefinitiva/exam_prj_v2/exam_prj_v2.srcs/sources_1/imports/sources_1/imports/Project_Designs/Moltiplicatore.vhd:75]
INFO: [Synth 8-3491] module 'Booth' declared at 'C:/Users/danie/Desktop/Progetto_digitale_versioneDefinitiva/exam_prj_v2/exam_prj_v2.srcs/sources_1/imports/sources_1/imports/Project_Designs/Booth.vhd:5' bound to instance 'Booth0' of component 'Booth' [C:/Users/danie/Desktop/Progetto_digitale_versioneDefinitiva/exam_prj_v2/exam_prj_v2.srcs/sources_1/imports/sources_1/imports/Project_Designs/Moltiplicatore.vhd:76]
	Parameter N bound to: 11 - type: integer 
INFO: [Synth 8-3491] module 'Partial_Sum' declared at 'C:/Users/danie/Desktop/Progetto_digitale_versioneDefinitiva/exam_prj_v2/exam_prj_v2.srcs/sources_1/imports/sources_1/imports/Project_Designs/PartialSum.vhd:5' bound to instance 'PartialSum' of component 'Partial_Sum' [C:/Users/danie/Desktop/Progetto_digitale_versioneDefinitiva/exam_prj_v2/exam_prj_v2.srcs/sources_1/imports/sources_1/imports/Project_Designs/Moltiplicatore.vhd:78]
INFO: [Synth 8-638] synthesizing module 'Partial_Sum' [C:/Users/danie/Desktop/Progetto_digitale_versioneDefinitiva/exam_prj_v2/exam_prj_v2.srcs/sources_1/imports/sources_1/imports/Project_Designs/PartialSum.vhd:12]
	Parameter N bound to: 11 - type: integer 
	Parameter N bound to: 11 - type: integer 
INFO: [Synth 8-3491] module 'RCA_Signed' declared at 'C:/Users/danie/Desktop/Progetto_digitale_versioneDefinitiva/exam_prj_v2/exam_prj_v2.srcs/sources_1/imports/sources_1/imports/Project_Designs/RCA_Signed.vhd:5' bound to instance 'menoA' of component 'RCA_Signed' [C:/Users/danie/Desktop/Progetto_digitale_versioneDefinitiva/exam_prj_v2/exam_prj_v2.srcs/sources_1/imports/sources_1/imports/Project_Designs/PartialSum.vhd:31]
INFO: [Synth 8-638] synthesizing module 'RCA_Signed' [C:/Users/danie/Desktop/Progetto_digitale_versioneDefinitiva/exam_prj_v2/exam_prj_v2.srcs/sources_1/imports/sources_1/imports/Project_Designs/RCA_Signed.vhd:12]
	Parameter N bound to: 11 - type: integer 
INFO: [Synth 8-3491] module 'FA' declared at 'C:/Users/danie/Desktop/Progetto_digitale_versioneDefinitiva/exam_prj_v2/exam_prj_v2.srcs/sources_1/imports/sources_1/imports/Project_Designs/FA.vhd:4' bound to instance 'FAINST' of component 'FA' [C:/Users/danie/Desktop/Progetto_digitale_versioneDefinitiva/exam_prj_v2/exam_prj_v2.srcs/sources_1/imports/sources_1/imports/Project_Designs/RCA_Signed.vhd:24]
INFO: [Synth 8-3491] module 'FA' declared at 'C:/Users/danie/Desktop/Progetto_digitale_versioneDefinitiva/exam_prj_v2/exam_prj_v2.srcs/sources_1/imports/sources_1/imports/Project_Designs/FA.vhd:4' bound to instance 'FAINST' of component 'FA' [C:/Users/danie/Desktop/Progetto_digitale_versioneDefinitiva/exam_prj_v2/exam_prj_v2.srcs/sources_1/imports/sources_1/imports/Project_Designs/RCA_Signed.vhd:24]
INFO: [Synth 8-3491] module 'FA' declared at 'C:/Users/danie/Desktop/Progetto_digitale_versioneDefinitiva/exam_prj_v2/exam_prj_v2.srcs/sources_1/imports/sources_1/imports/Project_Designs/FA.vhd:4' bound to instance 'FAINST' of component 'FA' [C:/Users/danie/Desktop/Progetto_digitale_versioneDefinitiva/exam_prj_v2/exam_prj_v2.srcs/sources_1/imports/sources_1/imports/Project_Designs/RCA_Signed.vhd:24]
INFO: [Synth 8-3491] module 'FA' declared at 'C:/Users/danie/Desktop/Progetto_digitale_versioneDefinitiva/exam_prj_v2/exam_prj_v2.srcs/sources_1/imports/sources_1/imports/Project_Designs/FA.vhd:4' bound to instance 'FAINST' of component 'FA' [C:/Users/danie/Desktop/Progetto_digitale_versioneDefinitiva/exam_prj_v2/exam_prj_v2.srcs/sources_1/imports/sources_1/imports/Project_Designs/RCA_Signed.vhd:24]
INFO: [Synth 8-3491] module 'FA' declared at 'C:/Users/danie/Desktop/Progetto_digitale_versioneDefinitiva/exam_prj_v2/exam_prj_v2.srcs/sources_1/imports/sources_1/imports/Project_Designs/FA.vhd:4' bound to instance 'FAINST' of component 'FA' [C:/Users/danie/Desktop/Progetto_digitale_versioneDefinitiva/exam_prj_v2/exam_prj_v2.srcs/sources_1/imports/sources_1/imports/Project_Designs/RCA_Signed.vhd:24]
INFO: [Synth 8-3491] module 'FA' declared at 'C:/Users/danie/Desktop/Progetto_digitale_versioneDefinitiva/exam_prj_v2/exam_prj_v2.srcs/sources_1/imports/sources_1/imports/Project_Designs/FA.vhd:4' bound to instance 'FAINST' of component 'FA' [C:/Users/danie/Desktop/Progetto_digitale_versioneDefinitiva/exam_prj_v2/exam_prj_v2.srcs/sources_1/imports/sources_1/imports/Project_Designs/RCA_Signed.vhd:24]
INFO: [Synth 8-3491] module 'FA' declared at 'C:/Users/danie/Desktop/Progetto_digitale_versioneDefinitiva/exam_prj_v2/exam_prj_v2.srcs/sources_1/imports/sources_1/imports/Project_Designs/FA.vhd:4' bound to instance 'FAINST' of component 'FA' [C:/Users/danie/Desktop/Progetto_digitale_versioneDefinitiva/exam_prj_v2/exam_prj_v2.srcs/sources_1/imports/sources_1/imports/Project_Designs/RCA_Signed.vhd:24]
INFO: [Synth 8-3491] module 'FA' declared at 'C:/Users/danie/Desktop/Progetto_digitale_versioneDefinitiva/exam_prj_v2/exam_prj_v2.srcs/sources_1/imports/sources_1/imports/Project_Designs/FA.vhd:4' bound to instance 'FAINST' of component 'FA' [C:/Users/danie/Desktop/Progetto_digitale_versioneDefinitiva/exam_prj_v2/exam_prj_v2.srcs/sources_1/imports/sources_1/imports/Project_Designs/RCA_Signed.vhd:24]
INFO: [Synth 8-3491] module 'FA' declared at 'C:/Users/danie/Desktop/Progetto_digitale_versioneDefinitiva/exam_prj_v2/exam_prj_v2.srcs/sources_1/imports/sources_1/imports/Project_Designs/FA.vhd:4' bound to instance 'FAINST' of component 'FA' [C:/Users/danie/Desktop/Progetto_digitale_versioneDefinitiva/exam_prj_v2/exam_prj_v2.srcs/sources_1/imports/sources_1/imports/Project_Designs/RCA_Signed.vhd:24]
INFO: [Synth 8-3491] module 'FA' declared at 'C:/Users/danie/Desktop/Progetto_digitale_versioneDefinitiva/exam_prj_v2/exam_prj_v2.srcs/sources_1/imports/sources_1/imports/Project_Designs/FA.vhd:4' bound to instance 'FAINST' of component 'FA' [C:/Users/danie/Desktop/Progetto_digitale_versioneDefinitiva/exam_prj_v2/exam_prj_v2.srcs/sources_1/imports/sources_1/imports/Project_Designs/RCA_Signed.vhd:24]
INFO: [Synth 8-3491] module 'FA' declared at 'C:/Users/danie/Desktop/Progetto_digitale_versioneDefinitiva/exam_prj_v2/exam_prj_v2.srcs/sources_1/imports/sources_1/imports/Project_Designs/FA.vhd:4' bound to instance 'FAINST' of component 'FA' [C:/Users/danie/Desktop/Progetto_digitale_versioneDefinitiva/exam_prj_v2/exam_prj_v2.srcs/sources_1/imports/sources_1/imports/Project_Designs/RCA_Signed.vhd:24]
INFO: [Synth 8-3491] module 'FA' declared at 'C:/Users/danie/Desktop/Progetto_digitale_versioneDefinitiva/exam_prj_v2/exam_prj_v2.srcs/sources_1/imports/sources_1/imports/Project_Designs/FA.vhd:4' bound to instance 'SignFA' of component 'FA' [C:/Users/danie/Desktop/Progetto_digitale_versioneDefinitiva/exam_prj_v2/exam_prj_v2.srcs/sources_1/imports/sources_1/imports/Project_Designs/RCA_Signed.vhd:28]
INFO: [Synth 8-256] done synthesizing module 'RCA_Signed' (0#1) [C:/Users/danie/Desktop/Progetto_digitale_versioneDefinitiva/exam_prj_v2/exam_prj_v2.srcs/sources_1/imports/sources_1/imports/Project_Designs/RCA_Signed.vhd:12]
INFO: [Synth 8-256] done synthesizing module 'Partial_Sum' (0#1) [C:/Users/danie/Desktop/Progetto_digitale_versioneDefinitiva/exam_prj_v2/exam_prj_v2.srcs/sources_1/imports/sources_1/imports/Project_Designs/PartialSum.vhd:12]
INFO: [Synth 8-3491] module 'Mux_5' declared at 'C:/Users/danie/Desktop/Progetto_digitale_versioneDefinitiva/exam_prj_v2/exam_prj_v2.srcs/sources_1/imports/sources_1/imports/Project_Designs/Mux5.vhd:5' bound to instance 'Mux3' of component 'Mux_5' [C:/Users/danie/Desktop/Progetto_digitale_versioneDefinitiva/exam_prj_v2/exam_prj_v2.srcs/sources_1/imports/sources_1/imports/Project_Designs/Moltiplicatore.vhd:80]
INFO: [Synth 8-638] synthesizing module 'Mux_5' [C:/Users/danie/Desktop/Progetto_digitale_versioneDefinitiva/exam_prj_v2/exam_prj_v2.srcs/sources_1/imports/sources_1/imports/Project_Designs/Mux5.vhd:13]
INFO: [Synth 8-256] done synthesizing module 'Mux_5' (0#1) [C:/Users/danie/Desktop/Progetto_digitale_versioneDefinitiva/exam_prj_v2/exam_prj_v2.srcs/sources_1/imports/sources_1/imports/Project_Designs/Mux5.vhd:13]
INFO: [Synth 8-3491] module 'Mux_5' declared at 'C:/Users/danie/Desktop/Progetto_digitale_versioneDefinitiva/exam_prj_v2/exam_prj_v2.srcs/sources_1/imports/sources_1/imports/Project_Designs/Mux5.vhd:5' bound to instance 'Mux2' of component 'Mux_5' [C:/Users/danie/Desktop/Progetto_digitale_versioneDefinitiva/exam_prj_v2/exam_prj_v2.srcs/sources_1/imports/sources_1/imports/Project_Designs/Moltiplicatore.vhd:81]
INFO: [Synth 8-3491] module 'Mux_5' declared at 'C:/Users/danie/Desktop/Progetto_digitale_versioneDefinitiva/exam_prj_v2/exam_prj_v2.srcs/sources_1/imports/sources_1/imports/Project_Designs/Mux5.vhd:5' bound to instance 'Mux1' of component 'Mux_5' [C:/Users/danie/Desktop/Progetto_digitale_versioneDefinitiva/exam_prj_v2/exam_prj_v2.srcs/sources_1/imports/sources_1/imports/Project_Designs/Moltiplicatore.vhd:82]
INFO: [Synth 8-3491] module 'Mux_5' declared at 'C:/Users/danie/Desktop/Progetto_digitale_versioneDefinitiva/exam_prj_v2/exam_prj_v2.srcs/sources_1/imports/sources_1/imports/Project_Designs/Mux5.vhd:5' bound to instance 'Mux0' of component 'Mux_5' [C:/Users/danie/Desktop/Progetto_digitale_versioneDefinitiva/exam_prj_v2/exam_prj_v2.srcs/sources_1/imports/sources_1/imports/Project_Designs/Moltiplicatore.vhd:83]
	Parameter N bound to: 19 - type: integer 
INFO: [Synth 8-3491] module 'Adder_Tree_4_Signed' declared at 'C:/Users/danie/Desktop/Progetto_digitale_versioneDefinitiva/exam_prj_v2/exam_prj_v2.srcs/sources_1/imports/sources_1/imports/Project_Designs/AdderTree4Signed.vhd:5' bound to instance 'Adder4Signed' of component 'Adder_Tree_4_Signed' [C:/Users/danie/Desktop/Progetto_digitale_versioneDefinitiva/exam_prj_v2/exam_prj_v2.srcs/sources_1/imports/sources_1/imports/Project_Designs/Moltiplicatore.vhd:85]
INFO: [Synth 8-638] synthesizing module 'Adder_Tree_4_Signed' [C:/Users/danie/Desktop/Progetto_digitale_versioneDefinitiva/exam_prj_v2/exam_prj_v2.srcs/sources_1/imports/sources_1/imports/Project_Designs/AdderTree4Signed.vhd:12]
	Parameter N bound to: 19 - type: integer 
	Parameter N bound to: 19 - type: integer 
INFO: [Synth 8-3491] module 'RCA_Signed' declared at 'C:/Users/danie/Desktop/Progetto_digitale_versioneDefinitiva/exam_prj_v2/exam_prj_v2.srcs/sources_1/imports/sources_1/imports/Project_Designs/RCA_Signed.vhd:5' bound to instance 'RCA0_L0' of component 'RCA_Signed' [C:/Users/danie/Desktop/Progetto_digitale_versioneDefinitiva/exam_prj_v2/exam_prj_v2.srcs/sources_1/imports/sources_1/imports/Project_Designs/AdderTree4Signed.vhd:27]
INFO: [Synth 8-638] synthesizing module 'RCA_Signed__parameterized1' [C:/Users/danie/Desktop/Progetto_digitale_versioneDefinitiva/exam_prj_v2/exam_prj_v2.srcs/sources_1/imports/sources_1/imports/Project_Designs/RCA_Signed.vhd:12]
	Parameter N bound to: 19 - type: integer 
INFO: [Synth 8-3491] module 'FA' declared at 'C:/Users/danie/Desktop/Progetto_digitale_versioneDefinitiva/exam_prj_v2/exam_prj_v2.srcs/sources_1/imports/sources_1/imports/Project_Designs/FA.vhd:4' bound to instance 'FAINST' of component 'FA' [C:/Users/danie/Desktop/Progetto_digitale_versioneDefinitiva/exam_prj_v2/exam_prj_v2.srcs/sources_1/imports/sources_1/imports/Project_Designs/RCA_Signed.vhd:24]
INFO: [Synth 8-3491] module 'FA' declared at 'C:/Users/danie/Desktop/Progetto_digitale_versioneDefinitiva/exam_prj_v2/exam_prj_v2.srcs/sources_1/imports/sources_1/imports/Project_Designs/FA.vhd:4' bound to instance 'FAINST' of component 'FA' [C:/Users/danie/Desktop/Progetto_digitale_versioneDefinitiva/exam_prj_v2/exam_prj_v2.srcs/sources_1/imports/sources_1/imports/Project_Designs/RCA_Signed.vhd:24]
INFO: [Synth 8-3491] module 'FA' declared at 'C:/Users/danie/Desktop/Progetto_digitale_versioneDefinitiva/exam_prj_v2/exam_prj_v2.srcs/sources_1/imports/sources_1/imports/Project_Designs/FA.vhd:4' bound to instance 'FAINST' of component 'FA' [C:/Users/danie/Desktop/Progetto_digitale_versioneDefinitiva/exam_prj_v2/exam_prj_v2.srcs/sources_1/imports/sources_1/imports/Project_Designs/RCA_Signed.vhd:24]
INFO: [Synth 8-3491] module 'FA' declared at 'C:/Users/danie/Desktop/Progetto_digitale_versioneDefinitiva/exam_prj_v2/exam_prj_v2.srcs/sources_1/imports/sources_1/imports/Project_Designs/FA.vhd:4' bound to instance 'FAINST' of component 'FA' [C:/Users/danie/Desktop/Progetto_digitale_versioneDefinitiva/exam_prj_v2/exam_prj_v2.srcs/sources_1/imports/sources_1/imports/Project_Designs/RCA_Signed.vhd:24]
INFO: [Synth 8-3491] module 'FA' declared at 'C:/Users/danie/Desktop/Progetto_digitale_versioneDefinitiva/exam_prj_v2/exam_prj_v2.srcs/sources_1/imports/sources_1/imports/Project_Designs/FA.vhd:4' bound to instance 'FAINST' of component 'FA' [C:/Users/danie/Desktop/Progetto_digitale_versioneDefinitiva/exam_prj_v2/exam_prj_v2.srcs/sources_1/imports/sources_1/imports/Project_Designs/RCA_Signed.vhd:24]
INFO: [Synth 8-3491] module 'FA' declared at 'C:/Users/danie/Desktop/Progetto_digitale_versioneDefinitiva/exam_prj_v2/exam_prj_v2.srcs/sources_1/imports/sources_1/imports/Project_Designs/FA.vhd:4' bound to instance 'FAINST' of component 'FA' [C:/Users/danie/Desktop/Progetto_digitale_versioneDefinitiva/exam_prj_v2/exam_prj_v2.srcs/sources_1/imports/sources_1/imports/Project_Designs/RCA_Signed.vhd:24]
INFO: [Synth 8-3491] module 'FA' declared at 'C:/Users/danie/Desktop/Progetto_digitale_versioneDefinitiva/exam_prj_v2/exam_prj_v2.srcs/sources_1/imports/sources_1/imports/Project_Designs/FA.vhd:4' bound to instance 'FAINST' of component 'FA' [C:/Users/danie/Desktop/Progetto_digitale_versioneDefinitiva/exam_prj_v2/exam_prj_v2.srcs/sources_1/imports/sources_1/imports/Project_Designs/RCA_Signed.vhd:24]
INFO: [Synth 8-3491] module 'FA' declared at 'C:/Users/danie/Desktop/Progetto_digitale_versioneDefinitiva/exam_prj_v2/exam_prj_v2.srcs/sources_1/imports/sources_1/imports/Project_Designs/FA.vhd:4' bound to instance 'FAINST' of component 'FA' [C:/Users/danie/Desktop/Progetto_digitale_versioneDefinitiva/exam_prj_v2/exam_prj_v2.srcs/sources_1/imports/sources_1/imports/Project_Designs/RCA_Signed.vhd:24]
INFO: [Synth 8-3491] module 'FA' declared at 'C:/Users/danie/Desktop/Progetto_digitale_versioneDefinitiva/exam_prj_v2/exam_prj_v2.srcs/sources_1/imports/sources_1/imports/Project_Designs/FA.vhd:4' bound to instance 'FAINST' of component 'FA' [C:/Users/danie/Desktop/Progetto_digitale_versioneDefinitiva/exam_prj_v2/exam_prj_v2.srcs/sources_1/imports/sources_1/imports/Project_Designs/RCA_Signed.vhd:24]
INFO: [Synth 8-3491] module 'FA' declared at 'C:/Users/danie/Desktop/Progetto_digitale_versioneDefinitiva/exam_prj_v2/exam_prj_v2.srcs/sources_1/imports/sources_1/imports/Project_Designs/FA.vhd:4' bound to instance 'FAINST' of component 'FA' [C:/Users/danie/Desktop/Progetto_digitale_versioneDefinitiva/exam_prj_v2/exam_prj_v2.srcs/sources_1/imports/sources_1/imports/Project_Designs/RCA_Signed.vhd:24]
INFO: [Synth 8-3491] module 'FA' declared at 'C:/Users/danie/Desktop/Progetto_digitale_versioneDefinitiva/exam_prj_v2/exam_prj_v2.srcs/sources_1/imports/sources_1/imports/Project_Designs/FA.vhd:4' bound to instance 'FAINST' of component 'FA' [C:/Users/danie/Desktop/Progetto_digitale_versioneDefinitiva/exam_prj_v2/exam_prj_v2.srcs/sources_1/imports/sources_1/imports/Project_Designs/RCA_Signed.vhd:24]
INFO: [Synth 8-3491] module 'FA' declared at 'C:/Users/danie/Desktop/Progetto_digitale_versioneDefinitiva/exam_prj_v2/exam_prj_v2.srcs/sources_1/imports/sources_1/imports/Project_Designs/FA.vhd:4' bound to instance 'FAINST' of component 'FA' [C:/Users/danie/Desktop/Progetto_digitale_versioneDefinitiva/exam_prj_v2/exam_prj_v2.srcs/sources_1/imports/sources_1/imports/Project_Designs/RCA_Signed.vhd:24]
INFO: [Synth 8-3491] module 'FA' declared at 'C:/Users/danie/Desktop/Progetto_digitale_versioneDefinitiva/exam_prj_v2/exam_prj_v2.srcs/sources_1/imports/sources_1/imports/Project_Designs/FA.vhd:4' bound to instance 'FAINST' of component 'FA' [C:/Users/danie/Desktop/Progetto_digitale_versioneDefinitiva/exam_prj_v2/exam_prj_v2.srcs/sources_1/imports/sources_1/imports/Project_Designs/RCA_Signed.vhd:24]
INFO: [Synth 8-3491] module 'FA' declared at 'C:/Users/danie/Desktop/Progetto_digitale_versioneDefinitiva/exam_prj_v2/exam_prj_v2.srcs/sources_1/imports/sources_1/imports/Project_Designs/FA.vhd:4' bound to instance 'FAINST' of component 'FA' [C:/Users/danie/Desktop/Progetto_digitale_versioneDefinitiva/exam_prj_v2/exam_prj_v2.srcs/sources_1/imports/sources_1/imports/Project_Designs/RCA_Signed.vhd:24]
INFO: [Synth 8-3491] module 'FA' declared at 'C:/Users/danie/Desktop/Progetto_digitale_versioneDefinitiva/exam_prj_v2/exam_prj_v2.srcs/sources_1/imports/sources_1/imports/Project_Designs/FA.vhd:4' bound to instance 'FAINST' of component 'FA' [C:/Users/danie/Desktop/Progetto_digitale_versioneDefinitiva/exam_prj_v2/exam_prj_v2.srcs/sources_1/imports/sources_1/imports/Project_Designs/RCA_Signed.vhd:24]
INFO: [Synth 8-3491] module 'FA' declared at 'C:/Users/danie/Desktop/Progetto_digitale_versioneDefinitiva/exam_prj_v2/exam_prj_v2.srcs/sources_1/imports/sources_1/imports/Project_Designs/FA.vhd:4' bound to instance 'FAINST' of component 'FA' [C:/Users/danie/Desktop/Progetto_digitale_versioneDefinitiva/exam_prj_v2/exam_prj_v2.srcs/sources_1/imports/sources_1/imports/Project_Designs/RCA_Signed.vhd:24]
INFO: [Synth 8-3491] module 'FA' declared at 'C:/Users/danie/Desktop/Progetto_digitale_versioneDefinitiva/exam_prj_v2/exam_prj_v2.srcs/sources_1/imports/sources_1/imports/Project_Designs/FA.vhd:4' bound to instance 'FAINST' of component 'FA' [C:/Users/danie/Desktop/Progetto_digitale_versioneDefinitiva/exam_prj_v2/exam_prj_v2.srcs/sources_1/imports/sources_1/imports/Project_Designs/RCA_Signed.vhd:24]
INFO: [Synth 8-3491] module 'FA' declared at 'C:/Users/danie/Desktop/Progetto_digitale_versioneDefinitiva/exam_prj_v2/exam_prj_v2.srcs/sources_1/imports/sources_1/imports/Project_Designs/FA.vhd:4' bound to instance 'FAINST' of component 'FA' [C:/Users/danie/Desktop/Progetto_digitale_versioneDefinitiva/exam_prj_v2/exam_prj_v2.srcs/sources_1/imports/sources_1/imports/Project_Designs/RCA_Signed.vhd:24]
INFO: [Synth 8-3491] module 'FA' declared at 'C:/Users/danie/Desktop/Progetto_digitale_versioneDefinitiva/exam_prj_v2/exam_prj_v2.srcs/sources_1/imports/sources_1/imports/Project_Designs/FA.vhd:4' bound to instance 'FAINST' of component 'FA' [C:/Users/danie/Desktop/Progetto_digitale_versioneDefinitiva/exam_prj_v2/exam_prj_v2.srcs/sources_1/imports/sources_1/imports/Project_Designs/RCA_Signed.vhd:24]
INFO: [Synth 8-3491] module 'FA' declared at 'C:/Users/danie/Desktop/Progetto_digitale_versioneDefinitiva/exam_prj_v2/exam_prj_v2.srcs/sources_1/imports/sources_1/imports/Project_Designs/FA.vhd:4' bound to instance 'SignFA' of component 'FA' [C:/Users/danie/Desktop/Progetto_digitale_versioneDefinitiva/exam_prj_v2/exam_prj_v2.srcs/sources_1/imports/sources_1/imports/Project_Designs/RCA_Signed.vhd:28]
INFO: [Synth 8-256] done synthesizing module 'RCA_Signed__parameterized1' (0#1) [C:/Users/danie/Desktop/Progetto_digitale_versioneDefinitiva/exam_prj_v2/exam_prj_v2.srcs/sources_1/imports/sources_1/imports/Project_Designs/RCA_Signed.vhd:12]
	Parameter N bound to: 19 - type: integer 
INFO: [Synth 8-3491] module 'RCA_Signed' declared at 'C:/Users/danie/Desktop/Progetto_digitale_versioneDefinitiva/exam_prj_v2/exam_prj_v2.srcs/sources_1/imports/sources_1/imports/Project_Designs/RCA_Signed.vhd:5' bound to instance 'RCA1_L0' of component 'RCA_Signed' [C:/Users/danie/Desktop/Progetto_digitale_versioneDefinitiva/exam_prj_v2/exam_prj_v2.srcs/sources_1/imports/sources_1/imports/Project_Designs/AdderTree4Signed.vhd:28]
	Parameter N bound to: 20 - type: integer 
INFO: [Synth 8-3491] module 'RCA_Signed' declared at 'C:/Users/danie/Desktop/Progetto_digitale_versioneDefinitiva/exam_prj_v2/exam_prj_v2.srcs/sources_1/imports/sources_1/imports/Project_Designs/RCA_Signed.vhd:5' bound to instance 'RCA0_L1' of component 'RCA_Signed' [C:/Users/danie/Desktop/Progetto_digitale_versioneDefinitiva/exam_prj_v2/exam_prj_v2.srcs/sources_1/imports/sources_1/imports/Project_Designs/AdderTree4Signed.vhd:29]
INFO: [Synth 8-638] synthesizing module 'RCA_Signed__parameterized3' [C:/Users/danie/Desktop/Progetto_digitale_versioneDefinitiva/exam_prj_v2/exam_prj_v2.srcs/sources_1/imports/sources_1/imports/Project_Designs/RCA_Signed.vhd:12]
	Parameter N bound to: 20 - type: integer 
INFO: [Synth 8-3491] module 'FA' declared at 'C:/Users/danie/Desktop/Progetto_digitale_versioneDefinitiva/exam_prj_v2/exam_prj_v2.srcs/sources_1/imports/sources_1/imports/Project_Designs/FA.vhd:4' bound to instance 'FAINST' of component 'FA' [C:/Users/danie/Desktop/Progetto_digitale_versioneDefinitiva/exam_prj_v2/exam_prj_v2.srcs/sources_1/imports/sources_1/imports/Project_Designs/RCA_Signed.vhd:24]
INFO: [Synth 8-3491] module 'FA' declared at 'C:/Users/danie/Desktop/Progetto_digitale_versioneDefinitiva/exam_prj_v2/exam_prj_v2.srcs/sources_1/imports/sources_1/imports/Project_Designs/FA.vhd:4' bound to instance 'FAINST' of component 'FA' [C:/Users/danie/Desktop/Progetto_digitale_versioneDefinitiva/exam_prj_v2/exam_prj_v2.srcs/sources_1/imports/sources_1/imports/Project_Designs/RCA_Signed.vhd:24]
INFO: [Synth 8-3491] module 'FA' declared at 'C:/Users/danie/Desktop/Progetto_digitale_versioneDefinitiva/exam_prj_v2/exam_prj_v2.srcs/sources_1/imports/sources_1/imports/Project_Designs/FA.vhd:4' bound to instance 'FAINST' of component 'FA' [C:/Users/danie/Desktop/Progetto_digitale_versioneDefinitiva/exam_prj_v2/exam_prj_v2.srcs/sources_1/imports/sources_1/imports/Project_Designs/RCA_Signed.vhd:24]
INFO: [Synth 8-3491] module 'FA' declared at 'C:/Users/danie/Desktop/Progetto_digitale_versioneDefinitiva/exam_prj_v2/exam_prj_v2.srcs/sources_1/imports/sources_1/imports/Project_Designs/FA.vhd:4' bound to instance 'FAINST' of component 'FA' [C:/Users/danie/Desktop/Progetto_digitale_versioneDefinitiva/exam_prj_v2/exam_prj_v2.srcs/sources_1/imports/sources_1/imports/Project_Designs/RCA_Signed.vhd:24]
INFO: [Synth 8-3491] module 'FA' declared at 'C:/Users/danie/Desktop/Progetto_digitale_versioneDefinitiva/exam_prj_v2/exam_prj_v2.srcs/sources_1/imports/sources_1/imports/Project_Designs/FA.vhd:4' bound to instance 'FAINST' of component 'FA' [C:/Users/danie/Desktop/Progetto_digitale_versioneDefinitiva/exam_prj_v2/exam_prj_v2.srcs/sources_1/imports/sources_1/imports/Project_Designs/RCA_Signed.vhd:24]
INFO: [Synth 8-3491] module 'FA' declared at 'C:/Users/danie/Desktop/Progetto_digitale_versioneDefinitiva/exam_prj_v2/exam_prj_v2.srcs/sources_1/imports/sources_1/imports/Project_Designs/FA.vhd:4' bound to instance 'FAINST' of component 'FA' [C:/Users/danie/Desktop/Progetto_digitale_versioneDefinitiva/exam_prj_v2/exam_prj_v2.srcs/sources_1/imports/sources_1/imports/Project_Designs/RCA_Signed.vhd:24]
INFO: [Synth 8-3491] module 'FA' declared at 'C:/Users/danie/Desktop/Progetto_digitale_versioneDefinitiva/exam_prj_v2/exam_prj_v2.srcs/sources_1/imports/sources_1/imports/Project_Designs/FA.vhd:4' bound to instance 'FAINST' of component 'FA' [C:/Users/danie/Desktop/Progetto_digitale_versioneDefinitiva/exam_prj_v2/exam_prj_v2.srcs/sources_1/imports/sources_1/imports/Project_Designs/RCA_Signed.vhd:24]
INFO: [Synth 8-3491] module 'FA' declared at 'C:/Users/danie/Desktop/Progetto_digitale_versioneDefinitiva/exam_prj_v2/exam_prj_v2.srcs/sources_1/imports/sources_1/imports/Project_Designs/FA.vhd:4' bound to instance 'FAINST' of component 'FA' [C:/Users/danie/Desktop/Progetto_digitale_versioneDefinitiva/exam_prj_v2/exam_prj_v2.srcs/sources_1/imports/sources_1/imports/Project_Designs/RCA_Signed.vhd:24]
INFO: [Synth 8-3491] module 'FA' declared at 'C:/Users/danie/Desktop/Progetto_digitale_versioneDefinitiva/exam_prj_v2/exam_prj_v2.srcs/sources_1/imports/sources_1/imports/Project_Designs/FA.vhd:4' bound to instance 'FAINST' of component 'FA' [C:/Users/danie/Desktop/Progetto_digitale_versioneDefinitiva/exam_prj_v2/exam_prj_v2.srcs/sources_1/imports/sources_1/imports/Project_Designs/RCA_Signed.vhd:24]
INFO: [Synth 8-3491] module 'FA' declared at 'C:/Users/danie/Desktop/Progetto_digitale_versioneDefinitiva/exam_prj_v2/exam_prj_v2.srcs/sources_1/imports/sources_1/imports/Project_Designs/FA.vhd:4' bound to instance 'FAINST' of component 'FA' [C:/Users/danie/Desktop/Progetto_digitale_versioneDefinitiva/exam_prj_v2/exam_prj_v2.srcs/sources_1/imports/sources_1/imports/Project_Designs/RCA_Signed.vhd:24]
INFO: [Synth 8-3491] module 'FA' declared at 'C:/Users/danie/Desktop/Progetto_digitale_versioneDefinitiva/exam_prj_v2/exam_prj_v2.srcs/sources_1/imports/sources_1/imports/Project_Designs/FA.vhd:4' bound to instance 'FAINST' of component 'FA' [C:/Users/danie/Desktop/Progetto_digitale_versioneDefinitiva/exam_prj_v2/exam_prj_v2.srcs/sources_1/imports/sources_1/imports/Project_Designs/RCA_Signed.vhd:24]
INFO: [Synth 8-3491] module 'FA' declared at 'C:/Users/danie/Desktop/Progetto_digitale_versioneDefinitiva/exam_prj_v2/exam_prj_v2.srcs/sources_1/imports/sources_1/imports/Project_Designs/FA.vhd:4' bound to instance 'FAINST' of component 'FA' [C:/Users/danie/Desktop/Progetto_digitale_versioneDefinitiva/exam_prj_v2/exam_prj_v2.srcs/sources_1/imports/sources_1/imports/Project_Designs/RCA_Signed.vhd:24]
INFO: [Synth 8-3491] module 'FA' declared at 'C:/Users/danie/Desktop/Progetto_digitale_versioneDefinitiva/exam_prj_v2/exam_prj_v2.srcs/sources_1/imports/sources_1/imports/Project_Designs/FA.vhd:4' bound to instance 'FAINST' of component 'FA' [C:/Users/danie/Desktop/Progetto_digitale_versioneDefinitiva/exam_prj_v2/exam_prj_v2.srcs/sources_1/imports/sources_1/imports/Project_Designs/RCA_Signed.vhd:24]
INFO: [Synth 8-3491] module 'FA' declared at 'C:/Users/danie/Desktop/Progetto_digitale_versioneDefinitiva/exam_prj_v2/exam_prj_v2.srcs/sources_1/imports/sources_1/imports/Project_Designs/FA.vhd:4' bound to instance 'FAINST' of component 'FA' [C:/Users/danie/Desktop/Progetto_digitale_versioneDefinitiva/exam_prj_v2/exam_prj_v2.srcs/sources_1/imports/sources_1/imports/Project_Designs/RCA_Signed.vhd:24]
INFO: [Synth 8-3491] module 'FA' declared at 'C:/Users/danie/Desktop/Progetto_digitale_versioneDefinitiva/exam_prj_v2/exam_prj_v2.srcs/sources_1/imports/sources_1/imports/Project_Designs/FA.vhd:4' bound to instance 'FAINST' of component 'FA' [C:/Users/danie/Desktop/Progetto_digitale_versioneDefinitiva/exam_prj_v2/exam_prj_v2.srcs/sources_1/imports/sources_1/imports/Project_Designs/RCA_Signed.vhd:24]
INFO: [Synth 8-3491] module 'FA' declared at 'C:/Users/danie/Desktop/Progetto_digitale_versioneDefinitiva/exam_prj_v2/exam_prj_v2.srcs/sources_1/imports/sources_1/imports/Project_Designs/FA.vhd:4' bound to instance 'FAINST' of component 'FA' [C:/Users/danie/Desktop/Progetto_digitale_versioneDefinitiva/exam_prj_v2/exam_prj_v2.srcs/sources_1/imports/sources_1/imports/Project_Designs/RCA_Signed.vhd:24]
INFO: [Synth 8-3491] module 'FA' declared at 'C:/Users/danie/Desktop/Progetto_digitale_versioneDefinitiva/exam_prj_v2/exam_prj_v2.srcs/sources_1/imports/sources_1/imports/Project_Designs/FA.vhd:4' bound to instance 'FAINST' of component 'FA' [C:/Users/danie/Desktop/Progetto_digitale_versioneDefinitiva/exam_prj_v2/exam_prj_v2.srcs/sources_1/imports/sources_1/imports/Project_Designs/RCA_Signed.vhd:24]
INFO: [Synth 8-3491] module 'FA' declared at 'C:/Users/danie/Desktop/Progetto_digitale_versioneDefinitiva/exam_prj_v2/exam_prj_v2.srcs/sources_1/imports/sources_1/imports/Project_Designs/FA.vhd:4' bound to instance 'FAINST' of component 'FA' [C:/Users/danie/Desktop/Progetto_digitale_versioneDefinitiva/exam_prj_v2/exam_prj_v2.srcs/sources_1/imports/sources_1/imports/Project_Designs/RCA_Signed.vhd:24]
INFO: [Synth 8-3491] module 'FA' declared at 'C:/Users/danie/Desktop/Progetto_digitale_versioneDefinitiva/exam_prj_v2/exam_prj_v2.srcs/sources_1/imports/sources_1/imports/Project_Designs/FA.vhd:4' bound to instance 'FAINST' of component 'FA' [C:/Users/danie/Desktop/Progetto_digitale_versioneDefinitiva/exam_prj_v2/exam_prj_v2.srcs/sources_1/imports/sources_1/imports/Project_Designs/RCA_Signed.vhd:24]
INFO: [Synth 8-3491] module 'FA' declared at 'C:/Users/danie/Desktop/Progetto_digitale_versioneDefinitiva/exam_prj_v2/exam_prj_v2.srcs/sources_1/imports/sources_1/imports/Project_Designs/FA.vhd:4' bound to instance 'FAINST' of component 'FA' [C:/Users/danie/Desktop/Progetto_digitale_versioneDefinitiva/exam_prj_v2/exam_prj_v2.srcs/sources_1/imports/sources_1/imports/Project_Designs/RCA_Signed.vhd:24]
INFO: [Synth 8-3491] module 'FA' declared at 'C:/Users/danie/Desktop/Progetto_digitale_versioneDefinitiva/exam_prj_v2/exam_prj_v2.srcs/sources_1/imports/sources_1/imports/Project_Designs/FA.vhd:4' bound to instance 'SignFA' of component 'FA' [C:/Users/danie/Desktop/Progetto_digitale_versioneDefinitiva/exam_prj_v2/exam_prj_v2.srcs/sources_1/imports/sources_1/imports/Project_Designs/RCA_Signed.vhd:28]
INFO: [Synth 8-256] done synthesizing module 'RCA_Signed__parameterized3' (0#1) [C:/Users/danie/Desktop/Progetto_digitale_versioneDefinitiva/exam_prj_v2/exam_prj_v2.srcs/sources_1/imports/sources_1/imports/Project_Designs/RCA_Signed.vhd:12]
INFO: [Synth 8-256] done synthesizing module 'Adder_Tree_4_Signed' (0#1) [C:/Users/danie/Desktop/Progetto_digitale_versioneDefinitiva/exam_prj_v2/exam_prj_v2.srcs/sources_1/imports/sources_1/imports/Project_Designs/AdderTree4Signed.vhd:12]
INFO: [Synth 8-256] done synthesizing module 'Moltiplicatore' (0#1) [C:/Users/danie/Desktop/Progetto_digitale_versioneDefinitiva/exam_prj_v2/exam_prj_v2.srcs/sources_1/imports/sources_1/imports/Project_Designs/Moltiplicatore.vhd:13]
INFO: [Synth 8-3491] module 'Moltiplicatore' declared at 'C:/Users/danie/Desktop/Progetto_digitale_versioneDefinitiva/exam_prj_v2/exam_prj_v2.srcs/sources_1/imports/sources_1/imports/Project_Designs/Moltiplicatore.vhd:5' bound to instance 'Multi_Central' of component 'Moltiplicatore' [C:/Users/danie/Desktop/Progetto_digitale_versioneDefinitiva/exam_prj_v2/exam_prj_v2.srcs/sources_1/imports/new/convolutore.vhd:88]
INFO: [Synth 8-3491] module 'Moltiplicatore' declared at 'C:/Users/danie/Desktop/Progetto_digitale_versioneDefinitiva/exam_prj_v2/exam_prj_v2.srcs/sources_1/imports/sources_1/imports/Project_Designs/Moltiplicatore.vhd:5' bound to instance 'Multi_Lateral' of component 'Moltiplicatore' [C:/Users/danie/Desktop/Progetto_digitale_versioneDefinitiva/exam_prj_v2/exam_prj_v2.srcs/sources_1/imports/new/convolutore.vhd:89]
	Parameter N bound to: 21 - type: integer 
INFO: [Synth 8-3491] module 'Adder_Tree_3' declared at 'C:/Users/danie/Desktop/Progetto_digitale_versioneDefinitiva/exam_prj_v2/exam_prj_v2.srcs/sources_1/imports/sources_1/imports/sources_1/imports/Project_Designs/AdderTreeFinal.vhd:5' bound to instance 'Adder_Tree_Final' of component 'Adder_Tree_3' [C:/Users/danie/Desktop/Progetto_digitale_versioneDefinitiva/exam_prj_v2/exam_prj_v2.srcs/sources_1/imports/new/convolutore.vhd:91]
INFO: [Synth 8-638] synthesizing module 'Adder_Tree_3' [C:/Users/danie/Desktop/Progetto_digitale_versioneDefinitiva/exam_prj_v2/exam_prj_v2.srcs/sources_1/imports/sources_1/imports/sources_1/imports/Project_Designs/AdderTreeFinal.vhd:12]
	Parameter N bound to: 21 - type: integer 
	Parameter N bound to: 21 - type: integer 
INFO: [Synth 8-3491] module 'RCA_Signed' declared at 'C:/Users/danie/Desktop/Progetto_digitale_versioneDefinitiva/exam_prj_v2/exam_prj_v2.srcs/sources_1/imports/sources_1/imports/Project_Designs/RCA_Signed.vhd:5' bound to instance 'RCA0_L0' of component 'RCA_Signed' [C:/Users/danie/Desktop/Progetto_digitale_versioneDefinitiva/exam_prj_v2/exam_prj_v2.srcs/sources_1/imports/sources_1/imports/sources_1/imports/Project_Designs/AdderTreeFinal.vhd:27]
INFO: [Synth 8-638] synthesizing module 'RCA_Signed__parameterized5' [C:/Users/danie/Desktop/Progetto_digitale_versioneDefinitiva/exam_prj_v2/exam_prj_v2.srcs/sources_1/imports/sources_1/imports/Project_Designs/RCA_Signed.vhd:12]
	Parameter N bound to: 21 - type: integer 
INFO: [Synth 8-3491] module 'FA' declared at 'C:/Users/danie/Desktop/Progetto_digitale_versioneDefinitiva/exam_prj_v2/exam_prj_v2.srcs/sources_1/imports/sources_1/imports/Project_Designs/FA.vhd:4' bound to instance 'FAINST' of component 'FA' [C:/Users/danie/Desktop/Progetto_digitale_versioneDefinitiva/exam_prj_v2/exam_prj_v2.srcs/sources_1/imports/sources_1/imports/Project_Designs/RCA_Signed.vhd:24]
INFO: [Synth 8-3491] module 'FA' declared at 'C:/Users/danie/Desktop/Progetto_digitale_versioneDefinitiva/exam_prj_v2/exam_prj_v2.srcs/sources_1/imports/sources_1/imports/Project_Designs/FA.vhd:4' bound to instance 'FAINST' of component 'FA' [C:/Users/danie/Desktop/Progetto_digitale_versioneDefinitiva/exam_prj_v2/exam_prj_v2.srcs/sources_1/imports/sources_1/imports/Project_Designs/RCA_Signed.vhd:24]
INFO: [Synth 8-3491] module 'FA' declared at 'C:/Users/danie/Desktop/Progetto_digitale_versioneDefinitiva/exam_prj_v2/exam_prj_v2.srcs/sources_1/imports/sources_1/imports/Project_Designs/FA.vhd:4' bound to instance 'FAINST' of component 'FA' [C:/Users/danie/Desktop/Progetto_digitale_versioneDefinitiva/exam_prj_v2/exam_prj_v2.srcs/sources_1/imports/sources_1/imports/Project_Designs/RCA_Signed.vhd:24]
INFO: [Common 17-14] Message 'Synth 8-3491' appears 100 times and further instances of the messages will be disabled. Use the Tcl command set_msg_config to change the current settings.
INFO: [Synth 8-256] done synthesizing module 'RCA_Signed__parameterized5' (0#1) [C:/Users/danie/Desktop/Progetto_digitale_versioneDefinitiva/exam_prj_v2/exam_prj_v2.srcs/sources_1/imports/sources_1/imports/Project_Designs/RCA_Signed.vhd:12]
	Parameter N bound to: 22 - type: integer 
INFO: [Synth 8-638] synthesizing module 'RCA_Signed__parameterized7' [C:/Users/danie/Desktop/Progetto_digitale_versioneDefinitiva/exam_prj_v2/exam_prj_v2.srcs/sources_1/imports/sources_1/imports/Project_Designs/RCA_Signed.vhd:12]
	Parameter N bound to: 22 - type: integer 
INFO: [Synth 8-256] done synthesizing module 'RCA_Signed__parameterized7' (0#1) [C:/Users/danie/Desktop/Progetto_digitale_versioneDefinitiva/exam_prj_v2/exam_prj_v2.srcs/sources_1/imports/sources_1/imports/Project_Designs/RCA_Signed.vhd:12]
INFO: [Synth 8-256] done synthesizing module 'Adder_Tree_3' (0#1) [C:/Users/danie/Desktop/Progetto_digitale_versioneDefinitiva/exam_prj_v2/exam_prj_v2.srcs/sources_1/imports/sources_1/imports/sources_1/imports/Project_Designs/AdderTreeFinal.vhd:12]
INFO: [Synth 8-256] done synthesizing module 'Convolutore' (0#1) [C:/Users/danie/Desktop/Progetto_digitale_versioneDefinitiva/exam_prj_v2/exam_prj_v2.srcs/sources_1/imports/new/convolutore.vhd:14]
INFO: [Synth 8-638] synthesizing module 'new_counter' [C:/Users/danie/Desktop/Progetto_digitale_versioneDefinitiva/exam_prj_v2/exam_prj_v2.srcs/sources_1/imports/sources_1/new/new_counter.vhd:17]
INFO: [Synth 8-256] done synthesizing module 'new_counter' (0#1) [C:/Users/danie/Desktop/Progetto_digitale_versioneDefinitiva/exam_prj_v2/exam_prj_v2.srcs/sources_1/imports/sources_1/new/new_counter.vhd:17]
INFO: [Synth 8-638] synthesizing module 'FSM' [C:/Users/danie/Desktop/Progetto_digitale_versioneDefinitiva/exam_prj_v2/exam_prj_v2.srcs/sources_1/imports/sources_1/new/FSM.vhd:16]
INFO: [Synth 8-256] done synthesizing module 'FSM' (0#1) [C:/Users/danie/Desktop/Progetto_digitale_versioneDefinitiva/exam_prj_v2/exam_prj_v2.srcs/sources_1/imports/sources_1/new/FSM.vhd:16]
INFO: [Synth 8-256] done synthesizing module 'Top' (0#1) [C:/Users/danie/Desktop/Progetto_digitale_versioneDefinitiva/exam_prj_v2/exam_prj_v2.srcs/sources_1/imports/sources_1/new/Top.vhd:16]
WARNING: [Synth 8-3848] Net Mux_others in module/entity Moltiplicatore does not have driver. [C:/Users/danie/Desktop/Progetto_digitale_versioneDefinitiva/exam_prj_v2/exam_prj_v2.srcs/sources_1/imports/sources_1/imports/Project_Designs/Moltiplicatore.vhd:47]
---------------------------------------------------------------------------------
Finished RTL Elaboration : Time (s): cpu = 00:00:08 ; elapsed = 00:00:09 . Memory (MB): peak = 1282.441 ; gain = 0.000
---------------------------------------------------------------------------------
---------------------------------------------------------------------------------
Start Handling Custom Attributes
---------------------------------------------------------------------------------
---------------------------------------------------------------------------------
Finished Handling Custom Attributes : Time (s): cpu = 00:00:08 ; elapsed = 00:00:09 . Memory (MB): peak = 1282.441 ; gain = 0.000
---------------------------------------------------------------------------------
---------------------------------------------------------------------------------
Finished RTL Optimization Phase 1 : Time (s): cpu = 00:00:08 ; elapsed = 00:00:09 . Memory (MB): peak = 1282.441 ; gain = 0.000
---------------------------------------------------------------------------------
Netlist sorting complete. Time (s): cpu = 00:00:00 ; elapsed = 00:00:00.024 . Memory (MB): peak = 1282.441 ; gain = 0.000
INFO: [Project 1-570] Preparing netlist for logic optimization

Processing XDC Constraints
Initializing timing engine
Parsing XDC File [C:/Users/danie/Desktop/Progetto_digitale_versioneDefinitiva/exam_prj_v2/exam_prj_v2.srcs/constrs_1/new/clock.xdc]
Finished Parsing XDC File [C:/Users/danie/Desktop/Progetto_digitale_versioneDefinitiva/exam_prj_v2/exam_prj_v2.srcs/constrs_1/new/clock.xdc]
Completed Processing XDC Constraints

Netlist sorting complete. Time (s): cpu = 00:00:00 ; elapsed = 00:00:00.001 . Memory (MB): peak = 1353.879 ; gain = 0.000
INFO: [Project 1-111] Unisim Transformation Summary:
No Unisim elements were transformed.

Constraint Validation Runtime : Time (s): cpu = 00:00:00 ; elapsed = 00:00:00.039 . Memory (MB): peak = 1353.879 ; gain = 0.000
INFO: [Designutils 20-5440] No compile time benefit to using incremental synthesis; A full resynthesis will be run
INFO: [Designutils 20-4379] Flow is switching to default flow due to incremental criteria not met. If you would like to alter this behaviour and have the flow terminate instead, please set the following parameter config_implementation {autoIncr.Synth.RejectBehavior Terminate}
---------------------------------------------------------------------------------
Finished Constraint Validation : Time (s): cpu = 00:00:16 ; elapsed = 00:00:17 . Memory (MB): peak = 1353.879 ; gain = 71.438
---------------------------------------------------------------------------------
---------------------------------------------------------------------------------
Start Loading Part and Timing Information
---------------------------------------------------------------------------------
Loading part: xc7z020clg400-1
---------------------------------------------------------------------------------
Finished Loading Part and Timing Information : Time (s): cpu = 00:00:16 ; elapsed = 00:00:17 . Memory (MB): peak = 1353.879 ; gain = 71.438
---------------------------------------------------------------------------------
---------------------------------------------------------------------------------
Start Applying 'set_property' XDC Constraints
---------------------------------------------------------------------------------
---------------------------------------------------------------------------------
Finished applying 'set_property' XDC Constraints : Time (s): cpu = 00:00:16 ; elapsed = 00:00:18 . Memory (MB): peak = 1353.879 ; gain = 71.438
---------------------------------------------------------------------------------
INFO: [Synth 8-802] inferred FSM for state register 'state_reg' in module 'FSM'
---------------------------------------------------------------------------------------------------
                   State |                     New Encoding |                Previous Encoding 
---------------------------------------------------------------------------------------------------
                    idle |                            00001 |                              000
             windowsetup |                            00010 |                              001
        elaborationsetup |                            00100 |                              010
             elaboration |                            01000 |                              011
                   final |                            10000 |                              100
---------------------------------------------------------------------------------------------------
INFO: [Synth 8-3354] encoded FSM with state register 'state_reg' using encoding 'one-hot' in module 'FSM'
---------------------------------------------------------------------------------
Finished RTL Optimization Phase 2 : Time (s): cpu = 00:00:16 ; elapsed = 00:00:18 . Memory (MB): peak = 1353.879 ; gain = 71.438
---------------------------------------------------------------------------------
---------------------------------------------------------------------------------
Start RTL Component Statistics 
---------------------------------------------------------------------------------
Detailed RTL Component Info : 
+---Adders : 
	   2 Input   11 Bit       Adders := 1     
+---XORs : 
	   2 Input      1 Bit         XORs := 652   
+---Registers : 
	               23 Bit    Registers := 1     
	               22 Bit    Registers := 1     
	               21 Bit    Registers := 7     
	               20 Bit    Registers := 6     
	               19 Bit    Registers := 21    
	               13 Bit    Registers := 3     
	               11 Bit    Registers := 4     
	               10 Bit    Registers := 2     
	                9 Bit    Registers := 4     
	                8 Bit    Registers := 90    
	                1 Bit    Registers := 7     
+---Muxes : 
	   2 Input   19 Bit        Muxes := 9     
	   2 Input   11 Bit        Muxes := 3     
	   5 Input    5 Bit        Muxes := 1     
	   2 Input    5 Bit        Muxes := 4     
	   2 Input    1 Bit        Muxes := 314   
	   5 Input    1 Bit        Muxes := 5     
---------------------------------------------------------------------------------
Finished RTL Component Statistics 
---------------------------------------------------------------------------------
---------------------------------------------------------------------------------
Start Part Resource Summary
---------------------------------------------------------------------------------
Part Resources:
DSPs: 220 (col length:60)
BRAMs: 280 (col length: RAMB18 60 RAMB36 30)
---------------------------------------------------------------------------------
Finished Part Resource Summary
---------------------------------------------------------------------------------
---------------------------------------------------------------------------------
Start Cross Boundary and Area Optimization
---------------------------------------------------------------------------------
WARNING: [Synth 8-7080] Parallel synthesis criteria is not met
---------------------------------------------------------------------------------
Finished Cross Boundary and Area Optimization : Time (s): cpu = 00:00:26 ; elapsed = 00:00:28 . Memory (MB): peak = 1353.879 ; gain = 71.438
---------------------------------------------------------------------------------
---------------------------------------------------------------------------------
Start Applying XDC Timing Constraints
---------------------------------------------------------------------------------
---------------------------------------------------------------------------------
Finished Applying XDC Timing Constraints : Time (s): cpu = 00:00:32 ; elapsed = 00:00:34 . Memory (MB): peak = 1353.879 ; gain = 71.438
---------------------------------------------------------------------------------
---------------------------------------------------------------------------------
Start Timing Optimization
---------------------------------------------------------------------------------
---------------------------------------------------------------------------------
Finished Timing Optimization : Time (s): cpu = 00:00:33 ; elapsed = 00:00:35 . Memory (MB): peak = 1353.879 ; gain = 71.438
---------------------------------------------------------------------------------
---------------------------------------------------------------------------------
Start Technology Mapping
---------------------------------------------------------------------------------
---------------------------------------------------------------------------------
Finished Technology Mapping : Time (s): cpu = 00:00:34 ; elapsed = 00:00:36 . Memory (MB): peak = 1353.879 ; gain = 71.438
---------------------------------------------------------------------------------
---------------------------------------------------------------------------------
Start IO Insertion
---------------------------------------------------------------------------------
---------------------------------------------------------------------------------
Start Flattening Before IO Insertion
---------------------------------------------------------------------------------
---------------------------------------------------------------------------------
Finished Flattening Before IO Insertion
---------------------------------------------------------------------------------
---------------------------------------------------------------------------------
Start Final Netlist Cleanup
---------------------------------------------------------------------------------
---------------------------------------------------------------------------------
Finished Final Netlist Cleanup
---------------------------------------------------------------------------------
---------------------------------------------------------------------------------
Finished IO Insertion : Time (s): cpu = 00:00:38 ; elapsed = 00:00:40 . Memory (MB): peak = 1353.879 ; gain = 71.438
---------------------------------------------------------------------------------
---------------------------------------------------------------------------------
Start Renaming Generated Instances
---------------------------------------------------------------------------------
---------------------------------------------------------------------------------
Finished Renaming Generated Instances : Time (s): cpu = 00:00:38 ; elapsed = 00:00:40 . Memory (MB): peak = 1353.879 ; gain = 71.438
---------------------------------------------------------------------------------
---------------------------------------------------------------------------------
Start Rebuilding User Hierarchy
---------------------------------------------------------------------------------
---------------------------------------------------------------------------------
Finished Rebuilding User Hierarchy : Time (s): cpu = 00:00:38 ; elapsed = 00:00:40 . Memory (MB): peak = 1353.879 ; gain = 71.438
---------------------------------------------------------------------------------
---------------------------------------------------------------------------------
Start Renaming Generated Ports
---------------------------------------------------------------------------------
---------------------------------------------------------------------------------
Finished Renaming Generated Ports : Time (s): cpu = 00:00:38 ; elapsed = 00:00:40 . Memory (MB): peak = 1353.879 ; gain = 71.438
---------------------------------------------------------------------------------
---------------------------------------------------------------------------------
Start Handling Custom Attributes
---------------------------------------------------------------------------------
---------------------------------------------------------------------------------
Finished Handling Custom Attributes : Time (s): cpu = 00:00:38 ; elapsed = 00:00:40 . Memory (MB): peak = 1353.879 ; gain = 71.438
---------------------------------------------------------------------------------
---------------------------------------------------------------------------------
Start Renaming Generated Nets
---------------------------------------------------------------------------------
---------------------------------------------------------------------------------
Finished Renaming Generated Nets : Time (s): cpu = 00:00:38 ; elapsed = 00:00:40 . Memory (MB): peak = 1353.879 ; gain = 71.438
---------------------------------------------------------------------------------
---------------------------------------------------------------------------------
Start ROM, RAM, DSP, Shift Register and Retiming Reporting
---------------------------------------------------------------------------------

Static Shift Register Report:
+------------+----------------------------------+--------+-------+--------------+--------------------+-------------------+--------+---------+
|Module Name | RTL Name                         | Length | Width | Reset Signal | Pull out first Reg | Pull out last Reg | SRL16E | SRLC32E | 
+------------+----------------------------------+--------+-------+--------------+--------------------+-------------------+--------+---------+
|Top         | Conv/Multi_Central/RA_reg[7]     | 4      | 8     | YES          | NO                 | YES               | 8      | 0       | 
|Top         | Conv/Adder_Tree_Final/RC2_reg[3] | 4      | 2     | YES          | NO                 | YES               | 2      | 0       | 
|Top         | Conv/Adder_Tree_Final/RC2_reg[1] | 6      | 2     | YES          | NO                 | YES               | 2      | 0       | 
|Top         | Conv/Adder_Tree_Final/RA1_reg[1] | 5      | 2     | YES          | NO                 | YES               | 2      | 0       | 
|Top         | Conv/Adder_Tree_Final/RB1_reg[1] | 5      | 2     | YES          | NO                 | YES               | 2      | 0       | 
|Top         | Buffer_Line/s_reg3_reg[7]        | 30     | 8     | YES          | NO                 | YES               | 0      | 8       | 
|Top         | Buffer_Line/s_reg6_reg[7]        | 30     | 8     | YES          | NO                 | YES               | 0      | 8       | 
+------------+----------------------------------+--------+-------+--------------+--------------------+-------------------+--------+---------+

---------------------------------------------------------------------------------
Finished ROM, RAM, DSP, Shift Register and Retiming Reporting
---------------------------------------------------------------------------------
---------------------------------------------------------------------------------
Start Writing Synthesis Report
---------------------------------------------------------------------------------

Report BlackBoxes: 
+-+--------------+----------+
| |BlackBox name |Instances |
+-+--------------+----------+
+-+--------------+----------+

Report Cell Usage: 
+------+--------+------+
|      |Cell    |Count |
+------+--------+------+
|1     |BUFG    |     1|
|2     |LUT1    |     2|
|3     |LUT2    |    61|
|4     |LUT3    |    93|
|5     |LUT4    |    41|
|6     |LUT5    |   172|
|7     |LUT6    |   146|
|8     |SRL16E  |    16|
|9     |SRLC32E |    16|
|10    |FDCE    |    19|
|11    |FDPE    |     1|
|12    |FDRE    |   903|
|13    |IBUF    |    35|
|14    |OBUF    |    25|
+------+--------+------+
---------------------------------------------------------------------------------
Finished Writing Synthesis Report : Time (s): cpu = 00:00:38 ; elapsed = 00:00:40 . Memory (MB): peak = 1353.879 ; gain = 71.438
---------------------------------------------------------------------------------
Synthesis finished with 0 errors, 0 critical warnings and 1 warnings.
Synthesis Optimization Runtime : Time (s): cpu = 00:00:28 ; elapsed = 00:00:38 . Memory (MB): peak = 1353.879 ; gain = 0.000
Synthesis Optimization Complete : Time (s): cpu = 00:00:38 ; elapsed = 00:00:40 . Memory (MB): peak = 1353.879 ; gain = 71.438
INFO: [Project 1-571] Translating synthesized netlist
Netlist sorting complete. Time (s): cpu = 00:00:00 ; elapsed = 00:00:00.015 . Memory (MB): peak = 1353.879 ; gain = 0.000
INFO: [Project 1-570] Preparing netlist for logic optimization
INFO: [Opt 31-138] Pushed 0 inverter(s) to 0 load pin(s).
Netlist sorting complete. Time (s): cpu = 00:00:00 ; elapsed = 00:00:00.001 . Memory (MB): peak = 1353.879 ; gain = 0.000
INFO: [Project 1-111] Unisim Transformation Summary:
No Unisim elements were transformed.

Synth Design complete, checksum: 76a2f9ab
INFO: [Common 17-83] Releasing license: Synthesis
163 Infos, 2 Warnings, 0 Critical Warnings and 0 Errors encountered.
synth_design completed successfully
synth_design: Time (s): cpu = 00:00:43 ; elapsed = 00:00:47 . Memory (MB): peak = 1353.879 ; gain = 71.438
INFO: [Common 17-1381] The checkpoint 'C:/Users/danie/Desktop/Progetto_digitale_versioneDefinitiva/exam_prj_v2/exam_prj_v2.runs/synth_1/Top.dcp' has been generated.
INFO: [runtcl-4] Executing : report_utilization -file Top_utilization_synth.rpt -pb Top_utilization_synth.pb
INFO: [Common 17-206] Exiting Vivado at Tue Jun 17 16:11:30 2025...
